2023-05-30T15:44:55.880+0530 [DEBUG] [org.gradle.launcher.daemon.bootstrap.DaemonMain] Assuming the daemon was started with following jvm opts: [-Xms1g, -Xmx4g, -Dfile.encoding=windows-1252, -Duser.country=IN, -Duser.language=en, -Duser.variant]
2023-05-30T15:44:55.923+0530 [DEBUG] [org.gradle.internal.nativeintegration.services.NativeServices] Native-platform posix files integration is not available. Continuing with fallback.
2023-05-30T15:44:55.982+0530 [INFO] [org.gradle.launcher.daemon.server.Daemon] start() called on daemon - DefaultDaemonContext[uid=092f3d0a-d1a1-4448-8318-c5d12368586b,javaHome=C:\Program Files\Java\jdk1.8.0_181,daemonRegistryDir=C:\Guidewire\PolicyCenter1010\gradle\cache\daemon,pid=17768,idleTimeout=120000,priority=NORMAL,daemonOpts=-Xms1g,-Xmx4g,-Dfile.encoding=windows-1252,-Duser.country=IN,-Duser.language=en,-Duser.variant]
2023-05-30T15:44:56.098+0530 [DEBUG] [org.gradle.internal.remote.internal.inet.InetAddresses] Adding IP addresses for network interface Software Loopback Interface 1
2023-05-30T15:44:56.099+0530 [DEBUG] [org.gradle.internal.remote.internal.inet.InetAddresses] Is this a loopback interface? true
2023-05-30T15:44:56.099+0530 [DEBUG] [org.gradle.internal.remote.internal.inet.InetAddresses] Adding loopback address /127.0.0.1
2023-05-30T15:44:56.100+0530 [DEBUG] [org.gradle.internal.remote.internal.inet.InetAddresses] Adding loopback address /0:0:0:0:0:0:0:1
2023-05-30T15:44:56.101+0530 [DEBUG] [org.gradle.internal.remote.internal.inet.InetAddresses] Adding IP addresses for network interface Microsoft 6to4 Adapter
2023-05-30T15:44:56.103+0530 [DEBUG] [org.gradle.internal.remote.internal.inet.InetAddresses] Is this a loopback interface? false
2023-05-30T15:44:56.103+0530 [DEBUG] [org.gradle.internal.remote.internal.inet.InetAddresses] Adding IP addresses for network interface Microsoft Kernel Debug Network Adapter
2023-05-30T15:44:56.104+0530 [DEBUG] [org.gradle.internal.remote.internal.inet.InetAddresses] Is this a loopback interface? false
2023-05-30T15:44:56.104+0530 [DEBUG] [org.gradle.internal.remote.internal.inet.InetAddresses] Adding IP addresses for network interface WAN Miniport (Network Monitor)
2023-05-30T15:44:56.105+0530 [DEBUG] [org.gradle.internal.remote.internal.inet.InetAddresses] Is this a loopback interface? false
2023-05-30T15:44:56.105+0530 [DEBUG] [org.gradle.internal.remote.internal.inet.InetAddresses] Adding IP addresses for network interface WAN Miniport (IP)
2023-05-30T15:44:56.107+0530 [DEBUG] [org.gradle.internal.remote.internal.inet.InetAddresses] Is this a loopback interface? false
2023-05-30T15:44:56.108+0530 [DEBUG] [org.gradle.internal.remote.internal.inet.InetAddresses] Adding IP addresses for network interface WAN Miniport (PPTP)
2023-05-30T15:44:56.110+0530 [DEBUG] [org.gradle.internal.remote.internal.inet.InetAddresses] Is this a loopback interface? false
2023-05-30T15:44:56.110+0530 [DEBUG] [org.gradle.internal.remote.internal.inet.InetAddresses] Adding IP addresses for network interface Microsoft IP-HTTPS Platform Adapter
2023-05-30T15:44:56.112+0530 [DEBUG] [org.gradle.internal.remote.internal.inet.InetAddresses] Is this a loopback interface? false
2023-05-30T15:44:56.112+0530 [DEBUG] [org.gradle.internal.remote.internal.inet.InetAddresses] Adding IP addresses for network interface Intel(R) Wi-Fi 6 AX201 160MHz
2023-05-30T15:44:56.113+0530 [DEBUG] [org.gradle.internal.remote.internal.inet.InetAddresses] Is this a loopback interface? false
2023-05-30T15:44:56.113+0530 [DEBUG] [org.gradle.internal.remote.internal.inet.InetAddresses] Adding remote address /192.168.225.231
2023-05-30T15:44:56.113+0530 [DEBUG] [org.gradle.internal.remote.internal.inet.InetAddresses] Adding remote address /2409:4072:712:3d64:f71b:7abb:4276:1c82
2023-05-30T15:44:56.113+0530 [DEBUG] [org.gradle.internal.remote.internal.inet.InetAddresses] Adding remote address /2409:4072:712:3d64:3c74:e041:5c29:be56
2023-05-30T15:44:56.113+0530 [DEBUG] [org.gradle.internal.remote.internal.inet.InetAddresses] Adding remote address /fe80:0:0:0:47e5:5a92:8fc7:d22f%wlan0
2023-05-30T15:44:56.114+0530 [DEBUG] [org.gradle.internal.remote.internal.inet.InetAddresses] Adding IP addresses for network interface WAN Miniport (IKEv2)
2023-05-30T15:44:56.115+0530 [DEBUG] [org.gradle.internal.remote.internal.inet.InetAddresses] Is this a loopback interface? false
2023-05-30T15:44:56.115+0530 [DEBUG] [org.gradle.internal.remote.internal.inet.InetAddresses] Adding IP addresses for network interface Microsoft Wi-Fi Direct Virtual Adapter #2
2023-05-30T15:44:56.116+0530 [DEBUG] [org.gradle.internal.remote.internal.inet.InetAddresses] Is this a loopback interface? false
2023-05-30T15:44:56.116+0530 [DEBUG] [org.gradle.internal.remote.internal.inet.InetAddresses] Adding IP addresses for network interface WAN Miniport (PPPOE)
2023-05-30T15:44:56.117+0530 [DEBUG] [org.gradle.internal.remote.internal.inet.InetAddresses] Is this a loopback interface? false
2023-05-30T15:44:56.117+0530 [DEBUG] [org.gradle.internal.remote.internal.inet.InetAddresses] Adding IP addresses for network interface Microsoft Wi-Fi Direct Virtual Adapter
2023-05-30T15:44:56.119+0530 [DEBUG] [org.gradle.internal.remote.internal.inet.InetAddresses] Is this a loopback interface? false
2023-05-30T15:44:56.119+0530 [DEBUG] [org.gradle.internal.remote.internal.inet.InetAddresses] Adding remote address /fe80:0:0:0:b82b:ba7d:a20d:24bb%wlan2
2023-05-30T15:44:56.119+0530 [DEBUG] [org.gradle.internal.remote.internal.inet.InetAddresses] Adding IP addresses for network interface Bluetooth Device (Personal Area Network)
2023-05-30T15:44:56.123+0530 [DEBUG] [org.gradle.internal.remote.internal.inet.InetAddresses] Is this a loopback interface? false
2023-05-30T15:44:56.124+0530 [DEBUG] [org.gradle.internal.remote.internal.inet.InetAddresses] Adding IP addresses for network interface Microsoft Teredo Tunneling Adapter
2023-05-30T15:44:56.125+0530 [DEBUG] [org.gradle.internal.remote.internal.inet.InetAddresses] Is this a loopback interface? false
2023-05-30T15:44:56.125+0530 [DEBUG] [org.gradle.internal.remote.internal.inet.InetAddresses] Adding IP addresses for network interface ASIX AX88179 USB 3.0 to Gigabit Ethernet Adapter
2023-05-30T15:44:56.126+0530 [DEBUG] [org.gradle.internal.remote.internal.inet.InetAddresses] Is this a loopback interface? false
2023-05-30T15:44:56.126+0530 [DEBUG] [org.gradle.internal.remote.internal.inet.InetAddresses] Adding IP addresses for network interface WAN Miniport (SSTP)
2023-05-30T15:44:56.127+0530 [DEBUG] [org.gradle.internal.remote.internal.inet.InetAddresses] Is this a loopback interface? false
2023-05-30T15:44:56.127+0530 [DEBUG] [org.gradle.internal.remote.internal.inet.InetAddresses] Adding IP addresses for network interface WAN Miniport (L2TP)
2023-05-30T15:44:56.128+0530 [DEBUG] [org.gradle.internal.remote.internal.inet.InetAddresses] Is this a loopback interface? false
2023-05-30T15:44:56.128+0530 [DEBUG] [org.gradle.internal.remote.internal.inet.InetAddresses] Adding IP addresses for network interface WAN Miniport (IPv6)
2023-05-30T15:44:56.129+0530 [DEBUG] [org.gradle.internal.remote.internal.inet.InetAddresses] Is this a loopback interface? false
2023-05-30T15:44:56.129+0530 [DEBUG] [org.gradle.internal.remote.internal.inet.InetAddresses] Adding IP addresses for network interface Intel(R) Wi-Fi 6 AX201 160MHz-WFP Native MAC Layer LightWeight Filter-0000
2023-05-30T15:44:56.130+0530 [DEBUG] [org.gradle.internal.remote.internal.inet.InetAddresses] Is this a loopback interface? false
2023-05-30T15:44:56.130+0530 [DEBUG] [org.gradle.internal.remote.internal.inet.InetAddresses] Adding IP addresses for network interface Intel(R) Wi-Fi 6 AX201 160MHz-Virtual WiFi Filter Driver-0000
2023-05-30T15:44:56.131+0530 [DEBUG] [org.gradle.internal.remote.internal.inet.InetAddresses] Is this a loopback interface? false
2023-05-30T15:44:56.132+0530 [DEBUG] [org.gradle.internal.remote.internal.inet.InetAddresses] Adding IP addresses for network interface Intel(R) Wi-Fi 6 AX201 160MHz-Native WiFi Filter Driver-0000
2023-05-30T15:44:56.133+0530 [DEBUG] [org.gradle.internal.remote.internal.inet.InetAddresses] Is this a loopback interface? false
2023-05-30T15:44:56.133+0530 [DEBUG] [org.gradle.internal.remote.internal.inet.InetAddresses] Adding IP addresses for network interface Intel(R) Wi-Fi 6 AX201 160MHz-QoS Packet Scheduler-0000
2023-05-30T15:44:56.134+0530 [DEBUG] [org.gradle.internal.remote.internal.inet.InetAddresses] Is this a loopback interface? false
2023-05-30T15:44:56.135+0530 [DEBUG] [org.gradle.internal.remote.internal.inet.InetAddresses] Adding IP addresses for network interface Intel(R) Wi-Fi 6 AX201 160MHz-WFP 802.3 MAC Layer LightWeight Filter-0000
2023-05-30T15:44:56.136+0530 [DEBUG] [org.gradle.internal.remote.internal.inet.InetAddresses] Is this a loopback interface? false
2023-05-30T15:44:56.136+0530 [DEBUG] [org.gradle.internal.remote.internal.inet.InetAddresses] Adding IP addresses for network interface Microsoft Wi-Fi Direct Virtual Adapter-WFP Native MAC Layer LightWeight Filter-0000
2023-05-30T15:44:56.137+0530 [DEBUG] [org.gradle.internal.remote.internal.inet.InetAddresses] Is this a loopback interface? false
2023-05-30T15:44:56.137+0530 [DEBUG] [org.gradle.internal.remote.internal.inet.InetAddresses] Adding IP addresses for network interface Microsoft Wi-Fi Direct Virtual Adapter-Native WiFi Filter Driver-0000
2023-05-30T15:44:56.138+0530 [DEBUG] [org.gradle.internal.remote.internal.inet.InetAddresses] Is this a loopback interface? false
2023-05-30T15:44:56.138+0530 [DEBUG] [org.gradle.internal.remote.internal.inet.InetAddresses] Adding IP addresses for network interface Microsoft Wi-Fi Direct Virtual Adapter-QoS Packet Scheduler-0000
2023-05-30T15:44:56.139+0530 [DEBUG] [org.gradle.internal.remote.internal.inet.InetAddresses] Is this a loopback interface? false
2023-05-30T15:44:56.139+0530 [DEBUG] [org.gradle.internal.remote.internal.inet.InetAddresses] Adding IP addresses for network interface Microsoft Wi-Fi Direct Virtual Adapter-WFP 802.3 MAC Layer LightWeight Filter-0000
2023-05-30T15:44:56.140+0530 [DEBUG] [org.gradle.internal.remote.internal.inet.InetAddresses] Is this a loopback interface? false
2023-05-30T15:44:56.142+0530 [DEBUG] [org.gradle.internal.remote.internal.inet.TcpIncomingConnector] Listening on [48e732f9-a7af-4c17-b6f0-a67d2c2b8511 port:49874, addresses:[/127.0.0.1, /0:0:0:0:0:0:0:1]].
2023-05-30T15:44:56.145+0530 [DEBUG] [org.gradle.launcher.daemon.server.Daemon] Daemon starting at: Tue May 30 15:44:56 IST 2023, with address: [48e732f9-a7af-4c17-b6f0-a67d2c2b8511 port:49874, addresses:[/127.0.0.1, /0:0:0:0:0:0:0:1]]
2023-05-30T15:44:56.146+0530 [INFO] [org.gradle.launcher.daemon.server.DaemonRegistryUpdater] Advertising the daemon address to the clients: [48e732f9-a7af-4c17-b6f0-a67d2c2b8511 port:49874, addresses:[/127.0.0.1, /0:0:0:0:0:0:0:1]]
2023-05-30T15:44:56.146+0530 [DEBUG] [org.gradle.launcher.daemon.server.DaemonRegistryUpdater] Advertised daemon context: DefaultDaemonContext[uid=092f3d0a-d1a1-4448-8318-c5d12368586b,javaHome=C:\Program Files\Java\jdk1.8.0_181,daemonRegistryDir=C:\Guidewire\PolicyCenter1010\gradle\cache\daemon,pid=17768,idleTimeout=120000,priority=NORMAL,daemonOpts=-Xms1g,-Xmx4g,-Dfile.encoding=windows-1252,-Duser.country=IN,-Duser.language=en,-Duser.variant]
2023-05-30T15:44:56.147+0530 [DEBUG] [org.gradle.launcher.daemon.registry.PersistentDaemonRegistry] Storing daemon address: [48e732f9-a7af-4c17-b6f0-a67d2c2b8511 port:49874, addresses:[/127.0.0.1, /0:0:0:0:0:0:0:1]], context: DefaultDaemonContext[uid=092f3d0a-d1a1-4448-8318-c5d12368586b,javaHome=C:\Program Files\Java\jdk1.8.0_181,daemonRegistryDir=C:\Guidewire\PolicyCenter1010\gradle\cache\daemon,pid=17768,idleTimeout=120000,priority=NORMAL,daemonOpts=-Xms1g,-Xmx4g,-Dfile.encoding=windows-1252,-Duser.country=IN,-Duser.language=en,-Duser.variant]
2023-05-30T15:44:56.157+0530 [DEBUG] [org.gradle.cache.internal.DefaultFileLockManager] Waiting to acquire exclusive lock on daemon addresses registry.
2023-05-30T15:44:56.159+0530 [DEBUG] [org.gradle.cache.internal.DefaultFileLockManager] Lock acquired on daemon addresses registry.
2023-05-30T15:44:56.164+0530 [DEBUG] [org.gradle.cache.internal.DefaultFileLockManager] Releasing lock on daemon addresses registry.
2023-05-30T15:44:56.164+0530 [LIFECYCLE] [org.gradle.launcher.daemon.server.Daemon] Daemon server started.
2023-05-30T15:44:56.167+0530 [DEBUG] [org.gradle.launcher.daemon.bootstrap.DaemonStartupCommunication] Completed writing the daemon greeting. Closing streams...
2023-05-30T15:44:56.172+0530 [DEBUG] [org.gradle.launcher.daemon.server.Daemon] stopOnExpiration() called on daemon
2023-05-30T15:44:56.173+0530 [DEBUG] [org.gradle.launcher.daemon.server.Daemon] awaitExpiration() called on daemon
2023-05-30T15:44:56.173+0530 [DEBUG] [org.gradle.launcher.daemon.server.DaemonStateCoordinator] daemon is running. Sleeping until state changes.
2023-05-30T15:44:56.295+0530 [DEBUG] [org.gradle.internal.remote.internal.inet.TcpIncomingConnector] Accepted connection from /127.0.0.1:49875 to /127.0.0.1:49874.
2023-05-30T15:44:56.331+0530 [DEBUG] [org.gradle.launcher.daemon.server.SynchronizedDispatchConnection] thread 18: received class org.gradle.launcher.daemon.protocol.Build
2023-05-30T15:44:56.331+0530 [DEBUG] [org.gradle.launcher.daemon.server.DefaultDaemonConnection] thread 18: Received non-IO message from client: Build{id=38754a8f-adb7-4fe2-953a-2b50829c4350, currentDir=C:\Guidewire\PolicyCenter1010}
2023-05-30T15:44:56.331+0530 [INFO] [org.gradle.launcher.daemon.server.DefaultIncomingConnectionHandler] Received command: Build{id=38754a8f-adb7-4fe2-953a-2b50829c4350, currentDir=C:\Guidewire\PolicyCenter1010}.
2023-05-30T15:44:56.332+0530 [DEBUG] [org.gradle.launcher.daemon.server.DefaultIncomingConnectionHandler] Starting executing command: Build{id=38754a8f-adb7-4fe2-953a-2b50829c4350, currentDir=C:\Guidewire\PolicyCenter1010} with connection: socket connection from /127.0.0.1:49874 to /127.0.0.1:49875.
2023-05-30T15:44:56.334+0530 [ERROR] [org.gradle.launcher.daemon.server.DaemonStateCoordinator] Command execution: started DaemonCommandExecution[command = Build{id=38754a8f-adb7-4fe2-953a-2b50829c4350, currentDir=C:\Guidewire\PolicyCenter1010}, connection = DefaultDaemonConnection: socket connection from /127.0.0.1:49874 to /127.0.0.1:49875] after 0.0 minutes of idle
2023-05-30T15:44:56.334+0530 [INFO] [org.gradle.launcher.daemon.server.DaemonRegistryUpdater] Marking the daemon as busy, address: [48e732f9-a7af-4c17-b6f0-a67d2c2b8511 port:49874, addresses:[/127.0.0.1, /0:0:0:0:0:0:0:1]]
2023-05-30T15:44:56.335+0530 [DEBUG] [org.gradle.launcher.daemon.registry.PersistentDaemonRegistry] Marking busy by address: [48e732f9-a7af-4c17-b6f0-a67d2c2b8511 port:49874, addresses:[/127.0.0.1, /0:0:0:0:0:0:0:1]]
2023-05-30T15:44:56.335+0530 [DEBUG] [org.gradle.cache.internal.DefaultFileLockManager] Waiting to acquire exclusive lock on daemon addresses registry.
2023-05-30T15:44:56.335+0530 [DEBUG] [org.gradle.cache.internal.DefaultFileLockManager] Lock acquired on daemon addresses registry.
2023-05-30T15:44:56.337+0530 [DEBUG] [org.gradle.cache.internal.DefaultFileLockManager] Releasing lock on daemon addresses registry.
2023-05-30T15:44:56.338+0530 [DEBUG] [org.gradle.launcher.daemon.server.DaemonStateCoordinator] resetting idle timer
2023-05-30T15:44:56.338+0530 [DEBUG] [org.gradle.launcher.daemon.server.DaemonStateCoordinator] daemon is running. Sleeping until state changes.
2023-05-30T15:44:56.338+0530 [INFO] [org.gradle.launcher.daemon.server.exec.StartBuildOrRespondWithBusy] Daemon is about to start building Build{id=38754a8f-adb7-4fe2-953a-2b50829c4350, currentDir=C:\Guidewire\PolicyCenter1010}. Dispatching build started information...
2023-05-30T15:44:56.339+0530 [DEBUG] [org.gradle.launcher.daemon.server.SynchronizedDispatchConnection] thread 20: dispatching class org.gradle.launcher.daemon.protocol.BuildStarted
2023-05-30T15:44:56.340+0530 [DEBUG] [org.gradle.launcher.daemon.server.exec.EstablishBuildEnvironment] Configuring env variables: {USERDOMAIN_ROAMINGPROFILE=LAPTOP-LJV63B5C, PROCESSOR_LEVEL=6, SESSIONNAME=Console, ALLUSERSPROFILE=C:\ProgramData, PROCESSOR_ARCHITECTURE=AMD64, PSModulePath=C:\Program Files\WindowsPowerShell\Modules;C:\WINDOWS\system32\WindowsPowerShell\v1.0\Modules, SystemDrive=C:, DIRNAME=C:\Guidewire\PolicyCenter1010\, USERNAME=bunde, CMD_LINE_ARGS=studio, ProgramFiles(x86)=C:\Program Files (x86), FPS_BROWSER_USER_PROFILE_STRING=Default, APP_HOME=C:\Guidewire\PolicyCenter1010\, DEFAULT_JVM_OPTS="-Xmx1g", PATHEXT=.COM;.EXE;.BAT;.CMD;.VBS;.VBE;.JS;.JSE;.WSF;.WSH;.MSC, DriverData=C:\Windows\System32\Drivers\DriverData, IntelliJ IDEA Community Edition=C:\Program Files\JetBrains\IntelliJ IDEA Community Edition 2022.3.1\bin;, ProgramData=C:\ProgramData, ProgramW6432=C:\Program Files, __PSLockDownPolicy=0, HOMEPATH=\Users\bunde, PROCESSOR_IDENTIFIER=Intel64 Family 6 Model 154 Stepping 4, GenuineIntel, ProgramFiles=C:\Program Files, PUBLIC=C:\Users\Public, windir=C:\WINDOWS, =::=::\, ZES_ENABLE_SYSMAN=1, _SKIP=2, LOCALAPPDATA=C:\Users\bunde\AppData\Local, USERDOMAIN=LAPTOP-LJV63B5C, FPS_BROWSER_APP_PROFILE_STRING=Internet Explorer, LOGONSERVER=\\LAPTOP-LJV63B5C, JAVA_HOME=C:\Program Files\Java\jdk1.8.0_181, PROMPT=$P$G, ANT_HOME=C:\Program Files\apache-ant-1.8.2, OneDrive=C:\Users\bunde\OneDrive, =C:=C:\Guidewire\PolicyCenter1010, APPDATA=C:\Users\bunde\AppData\Roaming, JAVA_EXE=C:\Program Files\Java\jdk1.8.0_181/bin/java.exe, CommonProgramFiles=C:\Program Files\Common Files, Path=C:\Program Files (x86)\Common Files\Oracle\Java\javapath;C:\WINDOWS\system32;C:\WINDOWS;C:\WINDOWS\System32\Wbem;C:\WINDOWS\System32\WindowsPowerShell\v1.0\;C:\WINDOWS\System32\OpenSSH\;C:\Program Files\Java\jdk1.8.0_181\bin;C:\Program Files\apache-ant-1.8.2\bin;C:\Users\bunde\AppData\Local\Microsoft\WindowsApps;C:\Program Files\Java\jdk1.8.0_181\bin;C:\Program Files\apache-ant-1.8.2\bin;;C:\Program Files\JetBrains\IntelliJ IDEA Community Edition 2022.3.1\bin;, OS=Windows_NT, COMPUTERNAME=LAPTOP-LJV63B5C, PROCESSOR_REVISION=9a04, CLASSPATH=C:\Guidewire\PolicyCenter1010\\gradle\wrapper\gradle-wrapper.jar, CommonProgramW6432=C:\Program Files\Common Files, ComSpec=C:\WINDOWS\system32\cmd.exe, APP_BASE_NAME=gwb, SystemRoot=C:\WINDOWS, TEMP=C:\Users\bunde\AppData\Local\Temp, HOMEDRIVE=C:, USERPROFILE=C:\Users\bunde, EFC_7024=1, TMP=C:\Users\bunde\AppData\Local\Temp, CommonProgramFiles(x86)=C:\Program Files (x86)\Common Files, NUMBER_OF_PROCESSORS=12}
2023-05-30T15:44:56.346+0530 [DEBUG] [org.gradle.launcher.daemon.server.exec.LogToClient] About to start relaying all logs to the client via the connection.
2023-05-30T15:44:56.346+0530 [INFO] [org.gradle.launcher.daemon.server.exec.LogToClient] The client will now receive all logging from the daemon (pid: 17768). The daemon log file: C:\Guidewire\PolicyCenter1010\gradle\cache\daemon\6.0.1\daemon-17768.out.log
2023-05-30T15:44:56.348+0530 [DEBUG] [org.gradle.launcher.daemon.server.exec.RequestStopIfSingleUsedDaemon] Requesting daemon stop after processing Build{id=38754a8f-adb7-4fe2-953a-2b50829c4350, currentDir=C:\Guidewire\PolicyCenter1010}
2023-05-30T15:44:56.349+0530 [LIFECYCLE] [org.gradle.launcher.daemon.server.DaemonStateCoordinator] Daemon will be stopped at the end of the build stopping after processing
2023-05-30T15:44:56.349+0530 [DEBUG] [org.gradle.launcher.daemon.server.DaemonStateCoordinator] Stop as soon as idle requested. The daemon is busy: true
2023-05-30T15:44:56.349+0530 [DEBUG] [org.gradle.launcher.daemon.server.DaemonStateCoordinator] daemon stop has been requested. Sleeping until state changes.
2023-05-30T15:44:56.354+0530 [DEBUG] [org.gradle.launcher.daemon.server.exec.ExecuteBuild] The daemon has started executing the build.
2023-05-30T15:44:56.354+0530 [DEBUG] [org.gradle.launcher.daemon.server.exec.ExecuteBuild] Executing build with daemon context: DefaultDaemonContext[uid=092f3d0a-d1a1-4448-8318-c5d12368586b,javaHome=C:\Program Files\Java\jdk1.8.0_181,daemonRegistryDir=C:\Guidewire\PolicyCenter1010\gradle\cache\daemon,pid=17768,idleTimeout=120000,priority=NORMAL,daemonOpts=-Xms1g,-Xmx4g,-Dfile.encoding=windows-1252,-Duser.country=IN,-Duser.language=en,-Duser.variant]
Importing POM com.guidewire.pc:pc-parent:10.1.0
Importing parent POM com.guidewire.pc:pc-all:10.1.0
Importing POM com.guidewire.pc:pc-all:10.1.0
Generating C:\Guidewire\PolicyCenter1010\.idea\settings\idea.properties file
Generating C:\Guidewire\PolicyCenter1010\.idea\settings\config\options\other.xml file
Generating C:\Guidewire\PolicyCenter1010\.idea\settings\config\options\recentProjects.xml file
Using bundled jre: C:\Guidewire\PolicyCenter1010\studio\sdk\jre\jre-win\bin\java.exe

Starting Guidewire Studio...

Deprecated Gradle features were used in this build, making it incompatible with Gradle 7.0.
Use '--warning-mode all' to show the individual deprecation warnings.
See https://docs.gradle.org/6.0.1/userguide/command_line_interface.html#sec:command_line_warnings

BUILD SUCCESSFUL in 16s
7 actionable tasks: 7 executed
2023-05-30T15:45:11.060+0530 [DEBUG] [org.gradle.launcher.daemon.server.exec.ExecuteBuild] The daemon has finished executing the build.
2023-05-30T15:45:11.063+0530 [DEBUG] [org.gradle.launcher.daemon.server.DaemonStateCoordinator] daemon stop has been requested. Sleeping until state changes.
2023-05-30T15:45:11.063+0530 [DEBUG] [org.gradle.launcher.daemon.server.DaemonStateCoordinator] Command execution: finished waiting for DaemonCommandExecution[command = Build{id=38754a8f-adb7-4fe2-953a-2b50829c4350, currentDir=C:\Guidewire\PolicyCenter1010}, connection = DefaultDaemonConnection: socket connection from /127.0.0.1:49874 to /127.0.0.1:49875]. Result org.gradle.launcher.daemon.server.DaemonStateCoordinator@33bd7694 with state StopRequested
2023-05-30T15:45:11.064+0530 [DEBUG] [org.gradle.launcher.daemon.server.DaemonStateCoordinator] Command execution: completed DaemonCommandExecution[command = Build{id=38754a8f-adb7-4fe2-953a-2b50829c4350, currentDir=C:\Guidewire\PolicyCenter1010}, connection = DefaultDaemonConnection: socket connection from /127.0.0.1:49874 to /127.0.0.1:49875]
2023-05-30T15:45:11.064+0530 [DEBUG] [org.gradle.launcher.daemon.server.DaemonStateCoordinator] resetting idle timer
2023-05-30T15:45:11.064+0530 [DEBUG] [org.gradle.launcher.daemon.server.DaemonStateCoordinator] Marking daemon stopped due to command completed and stop requested. The daemon is running a build: false
2023-05-30T15:45:11.064+0530 [DEBUG] [org.gradle.launcher.daemon.server.exec.ReturnResult] Daemon is dispatching the build result: Success[value=org.gradle.launcher.exec.BuildActionResult@63237160]
2023-05-30T15:45:11.064+0530 [DEBUG] [org.gradle.launcher.daemon.server.SynchronizedDispatchConnection] thread 17: dispatching class org.gradle.launcher.daemon.protocol.Success
2023-05-30T15:45:11.066+0530 [DEBUG] [org.gradle.launcher.daemon.server.DaemonStateCoordinator] daemon has stopped.
2023-05-30T15:45:11.066+0530 [DEBUG] [org.gradle.launcher.daemon.server.Daemon] stop() called on daemon
2023-05-30T15:45:11.066+0530 [INFO] [org.gradle.launcher.daemon.server.Daemon] Stop requested. Daemon is removing its presence from the registry...
2023-05-30T15:45:11.066+0530 [DEBUG] [org.gradle.launcher.daemon.server.DaemonRegistryUpdater] Removing our presence to clients, eg. removing this address from the registry: [48e732f9-a7af-4c17-b6f0-a67d2c2b8511 port:49874, addresses:[/127.0.0.1, /0:0:0:0:0:0:0:1]]
2023-05-30T15:45:11.066+0530 [DEBUG] [org.gradle.launcher.daemon.registry.PersistentDaemonRegistry] Removing daemon address: [48e732f9-a7af-4c17-b6f0-a67d2c2b8511 port:49874, addresses:[/127.0.0.1, /0:0:0:0:0:0:0:1]]
2023-05-30T15:45:11.068+0530 [DEBUG] [org.gradle.cache.internal.DefaultFileLockManager] Waiting to acquire exclusive lock on daemon addresses registry.
2023-05-30T15:45:11.068+0530 [DEBUG] [org.gradle.launcher.daemon.server.SynchronizedDispatchConnection] thread 18: received class org.gradle.launcher.daemon.protocol.CloseInput
2023-05-30T15:45:11.068+0530 [DEBUG] [org.gradle.launcher.daemon.server.DefaultDaemonConnection] thread 18: Received IO message from client: org.gradle.launcher.daemon.protocol.CloseInput@2098e6c7
2023-05-30T15:45:11.069+0530 [DEBUG] [org.gradle.launcher.daemon.server.SynchronizedDispatchConnection] thread 18: received class org.gradle.launcher.daemon.protocol.Finished
2023-05-30T15:45:11.069+0530 [DEBUG] [org.gradle.launcher.daemon.server.DefaultDaemonConnection] thread 18: Received non-IO message from client: org.gradle.launcher.daemon.protocol.Finished@17942075
2023-05-30T15:45:11.069+0530 [DEBUG] [org.gradle.launcher.daemon.server.DefaultIncomingConnectionHandler] Finishing executing command: Build{id=38754a8f-adb7-4fe2-953a-2b50829c4350, currentDir=C:\Guidewire\PolicyCenter1010}
2023-05-30T15:45:11.069+0530 [DEBUG] [org.gradle.launcher.daemon.server.DefaultIncomingConnectionHandler] Received finished message: org.gradle.launcher.daemon.protocol.Finished@17942075
2023-05-30T15:45:11.070+0530 [DEBUG] [org.gradle.launcher.daemon.server.SynchronizedDispatchConnection] thread 17: stopping connection
2023-05-30T15:45:11.068+0530 [DEBUG] [org.gradle.cache.internal.DefaultFileLockManager] Lock acquired on daemon addresses registry.
2023-05-30T15:45:11.071+0530 [DEBUG] [org.gradle.internal.remote.internal.inet.SocketConnection] Discarding EOFException: java.io.EOFException
2023-05-30T15:45:11.071+0530 [DEBUG] [org.gradle.launcher.daemon.server.SynchronizedDispatchConnection] thread 18: received null
2023-05-30T15:45:11.071+0530 [DEBUG] [org.gradle.launcher.daemon.server.DefaultDaemonConnection] thread 18: Received end-of-input from client.
2023-05-30T15:45:11.071+0530 [DEBUG] [org.gradle.launcher.daemon.server.SynchronizedDispatchConnection] thread 17: stopping connection
2023-05-30T15:45:11.083+0530 [DEBUG] [org.gradle.cache.internal.DefaultFileLockManager] Releasing lock on daemon addresses registry.
2023-05-30T15:45:11.083+0530 [DEBUG] [org.gradle.launcher.daemon.server.DaemonRegistryUpdater] Address removed from registry.
2023-05-30T15:45:11.085+0530 [DEBUG] [org.gradle.cache.internal.LockOnDemandCrossProcessCacheAccess] Releasing file lock for jars (C:\Guidewire\PolicyCenter1010\gradle\cache\caches\jars-3)
2023-05-30T15:45:11.085+0530 [DEBUG] [org.gradle.cache.internal.DefaultFileLockManager] Releasing lock on jars (C:\Guidewire\PolicyCenter1010\gradle\cache\caches\jars-3).
2023-05-30T15:45:11.086+0530 [DEBUG] [org.gradle.cache.internal.DefaultPersistentDirectoryStore] jars (C:\Guidewire\PolicyCenter1010\gradle\cache\caches\jars-3) has last been fully cleaned up 2 hours ago
2023-05-30T15:45:11.090+0530 [DEBUG] [org.gradle.cache.internal.DefaultCacheAccess] Cache Generated Gradle JARs cache (C:\Guidewire\PolicyCenter1010\gradle\cache\caches\6.0.1\generated-gradle-jars) was closed 0 times.
2023-05-30T15:45:11.090+0530 [DEBUG] [org.gradle.cache.internal.LockOnDemandCrossProcessCacheAccess] Releasing file lock for file hash cache (C:\Guidewire\PolicyCenter1010\gradle\cache\caches\6.0.1\fileHashes)
2023-05-30T15:45:11.091+0530 [DEBUG] [org.gradle.cache.internal.btree.BTreePersistentIndexedCache] Closing cache fileHashes.bin (C:\Guidewire\PolicyCenter1010\gradle\cache\caches\6.0.1\fileHashes\fileHashes.bin)
2023-05-30T15:45:11.091+0530 [DEBUG] [org.gradle.cache.internal.btree.BTreePersistentIndexedCache] Closing cache resourceHashesCache.bin (C:\Guidewire\PolicyCenter1010\gradle\cache\caches\6.0.1\fileHashes\resourceHashesCache.bin)
2023-05-30T15:45:11.092+0530 [DEBUG] [org.gradle.cache.internal.DefaultFileLockManager] Releasing lock on file hash cache (C:\Guidewire\PolicyCenter1010\gradle\cache\caches\6.0.1\fileHashes).
2023-05-30T15:45:11.093+0530 [DEBUG] [org.gradle.cache.internal.DefaultPersistentDirectoryStore] artifact cache (C:\Guidewire\PolicyCenter1010\gradle\cache\caches\modules-2) has last been fully cleaned up 2 hours ago
2023-05-30T15:45:11.093+0530 [DEBUG] [org.gradle.cache.internal.DefaultCacheAccess] Cache artifact cache (C:\Guidewire\PolicyCenter1010\gradle\cache\caches\modules-2) was closed 0 times.
2023-05-30T15:45:11.094+0530 [DEBUG] [org.gradle.cache.internal.DefaultPersistentDirectoryStore] Artifact transforms cache (C:\Guidewire\PolicyCenter1010\gradle\cache\caches\transforms-2) has last been fully cleaned up 2 hours ago
2023-05-30T15:45:11.094+0530 [DEBUG] [org.gradle.cache.internal.DefaultCacheAccess] Cache Artifact transforms cache (C:\Guidewire\PolicyCenter1010\gradle\cache\caches\transforms-2) was closed 0 times.
2023-05-30T15:45:11.095+0530 [DEBUG] [org.gradle.cache.internal.LockOnDemandCrossProcessCacheAccess] Releasing file lock for journal cache (C:\Guidewire\PolicyCenter1010\gradle\cache\caches\journal-1)
2023-05-30T15:45:11.095+0530 [DEBUG] [org.gradle.cache.internal.btree.BTreePersistentIndexedCache] Closing cache file-access.bin (C:\Guidewire\PolicyCenter1010\gradle\cache\caches\journal-1\file-access.bin)
2023-05-30T15:45:11.096+0530 [DEBUG] [org.gradle.cache.internal.DefaultFileLockManager] Releasing lock on journal cache (C:\Guidewire\PolicyCenter1010\gradle\cache\caches\journal-1).
2023-05-30T15:45:11.096+0530 [DEBUG] [org.gradle.cache.internal.LockOnDemandCrossProcessCacheAccess] Releasing file lock for execution history cache (C:\Guidewire\PolicyCenter1010\gradle\cache\caches\6.0.1\executionHistory)
2023-05-30T15:45:11.097+0530 [DEBUG] [org.gradle.cache.internal.DefaultFileLockManager] Releasing lock on execution history cache (C:\Guidewire\PolicyCenter1010\gradle\cache\caches\6.0.1\executionHistory).
2023-05-30T15:45:11.099+0530 [DEBUG] [org.gradle.launcher.daemon.registry.PersistentDaemonRegistry] Removing daemon address: [48e732f9-a7af-4c17-b6f0-a67d2c2b8511 port:49874, addresses:[/127.0.0.1, /0:0:0:0:0:0:0:1]]
Daemon vm is shutting down... The daemon has exited normally or was terminated in response to a user interrupt.
2023-05-30T15:45:11.104+0530 [DEBUG] [org.gradle.cache.internal.DefaultFileLockManager] Waiting to acquire exclusive lock on daemon addresses registry.
2023-05-30T15:45:11.105+0530 [DEBUG] [org.gradle.cache.internal.DefaultFileLockManager] Lock acquired on daemon addresses registry.
2023-05-30T15:45:11.107+0530 [DEBUG] [org.gradle.cache.internal.DefaultFileLockManager] Releasing lock on daemon addresses registry.
