2025-02-04T11:27:21.569+0530 [DEBUG] [org.gradle.launcher.daemon.bootstrap.DaemonMain] Assuming the daemon was started with following jvm opts: [-Xms1g, -Xmx4g, -Dfile.encoding=windows-1252, -Duser.country=IN, -Duser.language=en, -Duser.variant]
2025-02-04T11:27:21.704+0530 [DEBUG] [org.gradle.internal.nativeintegration.services.NativeServices] Native-platform posix files integration is not available. Continuing with fallback.
2025-02-04T11:27:21.879+0530 [INFO] [org.gradle.launcher.daemon.server.Daemon] start() called on daemon - DefaultDaemonContext[uid=15fa5756-9758-44d5-99b2-40215c419bad,javaHome=C:\Program Files\Java\jdk1.8.0_181,daemonRegistryDir=C:\Guidewire\PolicyCenter1010\gradle\cache\daemon,pid=10272,idleTimeout=120000,priority=NORMAL,daemonOpts=-Xms1g,-Xmx4g,-Dfile.encoding=windows-1252,-Duser.country=IN,-Duser.language=en,-Duser.variant]
2025-02-04T11:27:22.614+0530 [DEBUG] [org.gradle.internal.remote.internal.inet.InetAddresses] Adding IP addresses for network interface Software Loopback Interface 1
2025-02-04T11:27:22.618+0530 [DEBUG] [org.gradle.internal.remote.internal.inet.InetAddresses] Is this a loopback interface? true
2025-02-04T11:27:22.621+0530 [DEBUG] [org.gradle.internal.remote.internal.inet.InetAddresses] Adding loopback address /127.0.0.1
2025-02-04T11:27:22.621+0530 [DEBUG] [org.gradle.internal.remote.internal.inet.InetAddresses] Adding loopback address /0:0:0:0:0:0:0:1
2025-02-04T11:27:22.628+0530 [DEBUG] [org.gradle.internal.remote.internal.inet.InetAddresses] Adding IP addresses for network interface Microsoft 6to4 Adapter
2025-02-04T11:27:22.634+0530 [DEBUG] [org.gradle.internal.remote.internal.inet.InetAddresses] Is this a loopback interface? false
2025-02-04T11:27:22.634+0530 [DEBUG] [org.gradle.internal.remote.internal.inet.InetAddresses] Adding IP addresses for network interface Microsoft Kernel Debug Network Adapter
2025-02-04T11:27:22.638+0530 [DEBUG] [org.gradle.internal.remote.internal.inet.InetAddresses] Is this a loopback interface? false
2025-02-04T11:27:22.638+0530 [DEBUG] [org.gradle.internal.remote.internal.inet.InetAddresses] Adding IP addresses for network interface Microsoft IP-HTTPS Platform Adapter
2025-02-04T11:27:22.642+0530 [DEBUG] [org.gradle.internal.remote.internal.inet.InetAddresses] Is this a loopback interface? false
2025-02-04T11:27:22.643+0530 [DEBUG] [org.gradle.internal.remote.internal.inet.InetAddresses] Adding IP addresses for network interface WAN Miniport (IP)
2025-02-04T11:27:22.646+0530 [DEBUG] [org.gradle.internal.remote.internal.inet.InetAddresses] Is this a loopback interface? false
2025-02-04T11:27:22.647+0530 [DEBUG] [org.gradle.internal.remote.internal.inet.InetAddresses] Adding IP addresses for network interface WAN Miniport (IPv6)
2025-02-04T11:27:22.651+0530 [DEBUG] [org.gradle.internal.remote.internal.inet.InetAddresses] Is this a loopback interface? false
2025-02-04T11:27:22.652+0530 [DEBUG] [org.gradle.internal.remote.internal.inet.InetAddresses] Adding IP addresses for network interface Intel(R) Wi-Fi 6 AX201 160MHz
2025-02-04T11:27:22.656+0530 [DEBUG] [org.gradle.internal.remote.internal.inet.InetAddresses] Is this a loopback interface? false
2025-02-04T11:27:22.656+0530 [DEBUG] [org.gradle.internal.remote.internal.inet.InetAddresses] Adding remote address /192.168.1.4
2025-02-04T11:27:22.657+0530 [DEBUG] [org.gradle.internal.remote.internal.inet.InetAddresses] Adding remote address /fe80:0:0:0:4780:c6ba:97a0:cae1%wlan0
2025-02-04T11:27:22.657+0530 [DEBUG] [org.gradle.internal.remote.internal.inet.InetAddresses] Adding IP addresses for network interface Bluetooth Device (Personal Area Network)
2025-02-04T11:27:22.661+0530 [DEBUG] [org.gradle.internal.remote.internal.inet.InetAddresses] Is this a loopback interface? false
2025-02-04T11:27:22.661+0530 [DEBUG] [org.gradle.internal.remote.internal.inet.InetAddresses] Adding IP addresses for network interface WAN Miniport (L2TP)
2025-02-04T11:27:22.665+0530 [DEBUG] [org.gradle.internal.remote.internal.inet.InetAddresses] Is this a loopback interface? false
2025-02-04T11:27:22.666+0530 [DEBUG] [org.gradle.internal.remote.internal.inet.InetAddresses] Adding IP addresses for network interface Microsoft Wi-Fi Direct Virtual Adapter #2
2025-02-04T11:27:22.670+0530 [DEBUG] [org.gradle.internal.remote.internal.inet.InetAddresses] Is this a loopback interface? false
2025-02-04T11:27:22.670+0530 [DEBUG] [org.gradle.internal.remote.internal.inet.InetAddresses] Adding remote address /fe80:0:0:0:3508:ded:7319:fa3e%wlan1
2025-02-04T11:27:22.671+0530 [DEBUG] [org.gradle.internal.remote.internal.inet.InetAddresses] Adding IP addresses for network interface WAN Miniport (PPPOE)
2025-02-04T11:27:22.675+0530 [DEBUG] [org.gradle.internal.remote.internal.inet.InetAddresses] Is this a loopback interface? false
2025-02-04T11:27:22.675+0530 [DEBUG] [org.gradle.internal.remote.internal.inet.InetAddresses] Adding IP addresses for network interface Microsoft Wi-Fi Direct Virtual Adapter
2025-02-04T11:27:22.679+0530 [DEBUG] [org.gradle.internal.remote.internal.inet.InetAddresses] Is this a loopback interface? false
2025-02-04T11:27:22.679+0530 [DEBUG] [org.gradle.internal.remote.internal.inet.InetAddresses] Adding remote address /fe80:0:0:0:3dee:4bca:2a97:6cf5%wlan2
2025-02-04T11:27:22.680+0530 [DEBUG] [org.gradle.internal.remote.internal.inet.InetAddresses] Adding IP addresses for network interface WAN Miniport (IKEv2)
2025-02-04T11:27:22.685+0530 [DEBUG] [org.gradle.internal.remote.internal.inet.InetAddresses] Is this a loopback interface? false
2025-02-04T11:27:22.685+0530 [DEBUG] [org.gradle.internal.remote.internal.inet.InetAddresses] Adding IP addresses for network interface Microsoft Teredo Tunneling Adapter
2025-02-04T11:27:22.689+0530 [DEBUG] [org.gradle.internal.remote.internal.inet.InetAddresses] Is this a loopback interface? false
2025-02-04T11:27:22.689+0530 [DEBUG] [org.gradle.internal.remote.internal.inet.InetAddresses] Adding IP addresses for network interface ASIX AX88179 USB 3.0 to Gigabit Ethernet Adapter
2025-02-04T11:27:22.695+0530 [DEBUG] [org.gradle.internal.remote.internal.inet.InetAddresses] Is this a loopback interface? false
2025-02-04T11:27:22.695+0530 [DEBUG] [org.gradle.internal.remote.internal.inet.InetAddresses] Adding IP addresses for network interface WAN Miniport (PPTP)
2025-02-04T11:27:22.699+0530 [DEBUG] [org.gradle.internal.remote.internal.inet.InetAddresses] Is this a loopback interface? false
2025-02-04T11:27:22.700+0530 [DEBUG] [org.gradle.internal.remote.internal.inet.InetAddresses] Adding IP addresses for network interface WAN Miniport (Network Monitor)
2025-02-04T11:27:22.703+0530 [DEBUG] [org.gradle.internal.remote.internal.inet.InetAddresses] Is this a loopback interface? false
2025-02-04T11:27:22.704+0530 [DEBUG] [org.gradle.internal.remote.internal.inet.InetAddresses] Adding IP addresses for network interface WAN Miniport (SSTP)
2025-02-04T11:27:22.707+0530 [DEBUG] [org.gradle.internal.remote.internal.inet.InetAddresses] Is this a loopback interface? false
2025-02-04T11:27:22.708+0530 [DEBUG] [org.gradle.internal.remote.internal.inet.InetAddresses] Adding IP addresses for network interface Intel(R) Wi-Fi 6 AX201 160MHz-WFP Native MAC Layer LightWeight Filter-0000
2025-02-04T11:27:22.711+0530 [DEBUG] [org.gradle.internal.remote.internal.inet.InetAddresses] Is this a loopback interface? false
2025-02-04T11:27:22.711+0530 [DEBUG] [org.gradle.internal.remote.internal.inet.InetAddresses] Adding IP addresses for network interface Intel(R) Wi-Fi 6 AX201 160MHz-Virtual WiFi Filter Driver-0000
2025-02-04T11:27:22.715+0530 [DEBUG] [org.gradle.internal.remote.internal.inet.InetAddresses] Is this a loopback interface? false
2025-02-04T11:27:22.715+0530 [DEBUG] [org.gradle.internal.remote.internal.inet.InetAddresses] Adding IP addresses for network interface Intel(R) Wi-Fi 6 AX201 160MHz-Native WiFi Filter Driver-0000
2025-02-04T11:27:22.719+0530 [DEBUG] [org.gradle.internal.remote.internal.inet.InetAddresses] Is this a loopback interface? false
2025-02-04T11:27:22.720+0530 [DEBUG] [org.gradle.internal.remote.internal.inet.InetAddresses] Adding IP addresses for network interface Intel(R) Wi-Fi 6 AX201 160MHz-QoS Packet Scheduler-0000
2025-02-04T11:27:22.723+0530 [DEBUG] [org.gradle.internal.remote.internal.inet.InetAddresses] Is this a loopback interface? false
2025-02-04T11:27:22.724+0530 [DEBUG] [org.gradle.internal.remote.internal.inet.InetAddresses] Adding IP addresses for network interface Intel(R) Wi-Fi 6 AX201 160MHz-WFP 802.3 MAC Layer LightWeight Filter-0000
2025-02-04T11:27:22.730+0530 [DEBUG] [org.gradle.internal.remote.internal.inet.InetAddresses] Is this a loopback interface? false
2025-02-04T11:27:22.730+0530 [DEBUG] [org.gradle.internal.remote.internal.inet.InetAddresses] Adding IP addresses for network interface Microsoft Wi-Fi Direct Virtual Adapter #2-WFP Native MAC Layer LightWeight Filter-0000
2025-02-04T11:27:22.734+0530 [DEBUG] [org.gradle.internal.remote.internal.inet.InetAddresses] Is this a loopback interface? false
2025-02-04T11:27:22.735+0530 [DEBUG] [org.gradle.internal.remote.internal.inet.InetAddresses] Adding IP addresses for network interface Microsoft Wi-Fi Direct Virtual Adapter-WFP Native MAC Layer LightWeight Filter-0000
2025-02-04T11:27:22.738+0530 [DEBUG] [org.gradle.internal.remote.internal.inet.InetAddresses] Is this a loopback interface? false
2025-02-04T11:27:22.739+0530 [DEBUG] [org.gradle.internal.remote.internal.inet.InetAddresses] Adding IP addresses for network interface Microsoft Wi-Fi Direct Virtual Adapter-Native WiFi Filter Driver-0000
2025-02-04T11:27:22.742+0530 [DEBUG] [org.gradle.internal.remote.internal.inet.InetAddresses] Is this a loopback interface? false
2025-02-04T11:27:22.743+0530 [DEBUG] [org.gradle.internal.remote.internal.inet.InetAddresses] Adding IP addresses for network interface Microsoft Wi-Fi Direct Virtual Adapter-QoS Packet Scheduler-0000
2025-02-04T11:27:22.746+0530 [DEBUG] [org.gradle.internal.remote.internal.inet.InetAddresses] Is this a loopback interface? false
2025-02-04T11:27:22.747+0530 [DEBUG] [org.gradle.internal.remote.internal.inet.InetAddresses] Adding IP addresses for network interface Microsoft Wi-Fi Direct Virtual Adapter-WFP 802.3 MAC Layer LightWeight Filter-0000
2025-02-04T11:27:22.751+0530 [DEBUG] [org.gradle.internal.remote.internal.inet.InetAddresses] Is this a loopback interface? false
2025-02-04T11:27:22.751+0530 [DEBUG] [org.gradle.internal.remote.internal.inet.InetAddresses] Adding IP addresses for network interface Microsoft Wi-Fi Direct Virtual Adapter #2-Native WiFi Filter Driver-0000
2025-02-04T11:27:22.755+0530 [DEBUG] [org.gradle.internal.remote.internal.inet.InetAddresses] Is this a loopback interface? false
2025-02-04T11:27:22.755+0530 [DEBUG] [org.gradle.internal.remote.internal.inet.InetAddresses] Adding IP addresses for network interface Microsoft Wi-Fi Direct Virtual Adapter #2-QoS Packet Scheduler-0000
2025-02-04T11:27:22.758+0530 [DEBUG] [org.gradle.internal.remote.internal.inet.InetAddresses] Is this a loopback interface? false
2025-02-04T11:27:22.759+0530 [DEBUG] [org.gradle.internal.remote.internal.inet.InetAddresses] Adding IP addresses for network interface Microsoft Wi-Fi Direct Virtual Adapter #2-WFP 802.3 MAC Layer LightWeight Filter-0000
2025-02-04T11:27:22.762+0530 [DEBUG] [org.gradle.internal.remote.internal.inet.InetAddresses] Is this a loopback interface? false
2025-02-04T11:27:22.763+0530 [DEBUG] [org.gradle.internal.remote.internal.inet.InetAddresses] Adding IP addresses for network interface WAN Miniport (IP)-WFP Native MAC Layer LightWeight Filter-0000
2025-02-04T11:27:22.766+0530 [DEBUG] [org.gradle.internal.remote.internal.inet.InetAddresses] Is this a loopback interface? false
2025-02-04T11:27:22.767+0530 [DEBUG] [org.gradle.internal.remote.internal.inet.InetAddresses] Adding IP addresses for network interface WAN Miniport (IP)-QoS Packet Scheduler-0000
2025-02-04T11:27:22.771+0530 [DEBUG] [org.gradle.internal.remote.internal.inet.InetAddresses] Is this a loopback interface? false
2025-02-04T11:27:22.771+0530 [DEBUG] [org.gradle.internal.remote.internal.inet.InetAddresses] Adding IP addresses for network interface WAN Miniport (IPv6)-WFP Native MAC Layer LightWeight Filter-0000
2025-02-04T11:27:22.776+0530 [DEBUG] [org.gradle.internal.remote.internal.inet.InetAddresses] Is this a loopback interface? false
2025-02-04T11:27:22.777+0530 [DEBUG] [org.gradle.internal.remote.internal.inet.InetAddresses] Adding IP addresses for network interface WAN Miniport (IPv6)-QoS Packet Scheduler-0000
2025-02-04T11:27:22.782+0530 [DEBUG] [org.gradle.internal.remote.internal.inet.InetAddresses] Is this a loopback interface? false
2025-02-04T11:27:22.782+0530 [DEBUG] [org.gradle.internal.remote.internal.inet.InetAddresses] Adding IP addresses for network interface WAN Miniport (Network Monitor)-WFP Native MAC Layer LightWeight Filter-0000
2025-02-04T11:27:22.788+0530 [DEBUG] [org.gradle.internal.remote.internal.inet.InetAddresses] Is this a loopback interface? false
2025-02-04T11:27:22.789+0530 [DEBUG] [org.gradle.internal.remote.internal.inet.InetAddresses] Adding IP addresses for network interface WAN Miniport (Network Monitor)-QoS Packet Scheduler-0000
2025-02-04T11:27:22.792+0530 [DEBUG] [org.gradle.internal.remote.internal.inet.InetAddresses] Is this a loopback interface? false
2025-02-04T11:27:22.810+0530 [DEBUG] [org.gradle.internal.remote.internal.inet.TcpIncomingConnector] Listening on [96c1abdd-fbf3-44cc-a9db-6fc8d50263ad port:64333, addresses:[/127.0.0.1, /0:0:0:0:0:0:0:1]].
2025-02-04T11:27:22.818+0530 [DEBUG] [org.gradle.launcher.daemon.server.Daemon] Daemon starting at: Tue Feb 04 11:27:22 IST 2025, with address: [96c1abdd-fbf3-44cc-a9db-6fc8d50263ad port:64333, addresses:[/127.0.0.1, /0:0:0:0:0:0:0:1]]
2025-02-04T11:27:22.818+0530 [INFO] [org.gradle.launcher.daemon.server.DaemonRegistryUpdater] Advertising the daemon address to the clients: [96c1abdd-fbf3-44cc-a9db-6fc8d50263ad port:64333, addresses:[/127.0.0.1, /0:0:0:0:0:0:0:1]]
2025-02-04T11:27:22.819+0530 [DEBUG] [org.gradle.launcher.daemon.server.DaemonRegistryUpdater] Advertised daemon context: DefaultDaemonContext[uid=15fa5756-9758-44d5-99b2-40215c419bad,javaHome=C:\Program Files\Java\jdk1.8.0_181,daemonRegistryDir=C:\Guidewire\PolicyCenter1010\gradle\cache\daemon,pid=10272,idleTimeout=120000,priority=NORMAL,daemonOpts=-Xms1g,-Xmx4g,-Dfile.encoding=windows-1252,-Duser.country=IN,-Duser.language=en,-Duser.variant]
2025-02-04T11:27:22.820+0530 [DEBUG] [org.gradle.launcher.daemon.registry.PersistentDaemonRegistry] Storing daemon address: [96c1abdd-fbf3-44cc-a9db-6fc8d50263ad port:64333, addresses:[/127.0.0.1, /0:0:0:0:0:0:0:1]], context: DefaultDaemonContext[uid=15fa5756-9758-44d5-99b2-40215c419bad,javaHome=C:\Program Files\Java\jdk1.8.0_181,daemonRegistryDir=C:\Guidewire\PolicyCenter1010\gradle\cache\daemon,pid=10272,idleTimeout=120000,priority=NORMAL,daemonOpts=-Xms1g,-Xmx4g,-Dfile.encoding=windows-1252,-Duser.country=IN,-Duser.language=en,-Duser.variant]
2025-02-04T11:27:22.840+0530 [DEBUG] [org.gradle.cache.internal.DefaultFileLockManager] Waiting to acquire exclusive lock on daemon addresses registry.
2025-02-04T11:27:22.845+0530 [DEBUG] [org.gradle.cache.internal.DefaultFileLockManager] Lock acquired on daemon addresses registry.
2025-02-04T11:27:22.852+0530 [DEBUG] [org.gradle.cache.internal.DefaultFileLockManager] Releasing lock on daemon addresses registry.
2025-02-04T11:27:22.853+0530 [LIFECYCLE] [org.gradle.launcher.daemon.server.Daemon] Daemon server started.
2025-02-04T11:27:22.858+0530 [DEBUG] [org.gradle.launcher.daemon.bootstrap.DaemonStartupCommunication] Completed writing the daemon greeting. Closing streams...
2025-02-04T11:27:22.873+0530 [DEBUG] [org.gradle.launcher.daemon.server.Daemon] stopOnExpiration() called on daemon
2025-02-04T11:27:22.875+0530 [DEBUG] [org.gradle.launcher.daemon.server.Daemon] awaitExpiration() called on daemon
2025-02-04T11:27:22.876+0530 [DEBUG] [org.gradle.launcher.daemon.server.DaemonStateCoordinator] daemon is running. Sleeping until state changes.
2025-02-04T11:27:23.359+0530 [DEBUG] [org.gradle.internal.remote.internal.inet.TcpIncomingConnector] Accepted connection from /127.0.0.1:64334 to /127.0.0.1:64333.
2025-02-04T11:27:23.450+0530 [DEBUG] [org.gradle.launcher.daemon.server.SynchronizedDispatchConnection] thread 18: received class org.gradle.launcher.daemon.protocol.Build
2025-02-04T11:27:23.450+0530 [DEBUG] [org.gradle.launcher.daemon.server.DefaultDaemonConnection] thread 18: Received non-IO message from client: Build{id=674c5264-6e23-4cff-9a48-ce18b7319c60, currentDir=C:\Guidewire\PolicyCenter1010}
2025-02-04T11:27:23.451+0530 [INFO] [org.gradle.launcher.daemon.server.DefaultIncomingConnectionHandler] Received command: Build{id=674c5264-6e23-4cff-9a48-ce18b7319c60, currentDir=C:\Guidewire\PolicyCenter1010}.
2025-02-04T11:27:23.451+0530 [DEBUG] [org.gradle.launcher.daemon.server.DefaultIncomingConnectionHandler] Starting executing command: Build{id=674c5264-6e23-4cff-9a48-ce18b7319c60, currentDir=C:\Guidewire\PolicyCenter1010} with connection: socket connection from /127.0.0.1:64333 to /127.0.0.1:64334.
2025-02-04T11:27:23.455+0530 [ERROR] [org.gradle.launcher.daemon.server.DaemonStateCoordinator] Command execution: started DaemonCommandExecution[command = Build{id=674c5264-6e23-4cff-9a48-ce18b7319c60, currentDir=C:\Guidewire\PolicyCenter1010}, connection = DefaultDaemonConnection: socket connection from /127.0.0.1:64333 to /127.0.0.1:64334] after 0.0 minutes of idle
2025-02-04T11:27:23.455+0530 [INFO] [org.gradle.launcher.daemon.server.DaemonRegistryUpdater] Marking the daemon as busy, address: [96c1abdd-fbf3-44cc-a9db-6fc8d50263ad port:64333, addresses:[/127.0.0.1, /0:0:0:0:0:0:0:1]]
2025-02-04T11:27:23.455+0530 [DEBUG] [org.gradle.launcher.daemon.registry.PersistentDaemonRegistry] Marking busy by address: [96c1abdd-fbf3-44cc-a9db-6fc8d50263ad port:64333, addresses:[/127.0.0.1, /0:0:0:0:0:0:0:1]]
2025-02-04T11:27:23.457+0530 [DEBUG] [org.gradle.cache.internal.DefaultFileLockManager] Waiting to acquire exclusive lock on daemon addresses registry.
2025-02-04T11:27:23.458+0530 [DEBUG] [org.gradle.cache.internal.DefaultFileLockManager] Lock acquired on daemon addresses registry.
2025-02-04T11:27:23.461+0530 [DEBUG] [org.gradle.cache.internal.DefaultFileLockManager] Releasing lock on daemon addresses registry.
2025-02-04T11:27:23.462+0530 [DEBUG] [org.gradle.launcher.daemon.server.DaemonStateCoordinator] resetting idle timer
2025-02-04T11:27:23.463+0530 [DEBUG] [org.gradle.launcher.daemon.server.DaemonStateCoordinator] daemon is running. Sleeping until state changes.
2025-02-04T11:27:23.464+0530 [INFO] [org.gradle.launcher.daemon.server.exec.StartBuildOrRespondWithBusy] Daemon is about to start building Build{id=674c5264-6e23-4cff-9a48-ce18b7319c60, currentDir=C:\Guidewire\PolicyCenter1010}. Dispatching build started information...
2025-02-04T11:27:23.464+0530 [DEBUG] [org.gradle.launcher.daemon.server.SynchronizedDispatchConnection] thread 20: dispatching class org.gradle.launcher.daemon.protocol.BuildStarted
2025-02-04T11:27:23.468+0530 [DEBUG] [org.gradle.launcher.daemon.server.exec.EstablishBuildEnvironment] Configuring env variables: {USERDOMAIN_ROAMINGPROFILE=LAPTOP-LJV63B5C, PROCESSOR_LEVEL=6, SESSIONNAME=Console, ALLUSERSPROFILE=C:\ProgramData, PROCESSOR_ARCHITECTURE=AMD64, PSModulePath=C:\Program Files\WindowsPowerShell\Modules;C:\WINDOWS\system32\WindowsPowerShell\v1.0\Modules, SystemDrive=C:, DIRNAME=C:\Guidewire\PolicyCenter1010\, USERNAME=bunde, CMD_LINE_ARGS=studio, ProgramFiles(x86)=C:\Program Files (x86), FPS_BROWSER_USER_PROFILE_STRING=Default, APP_HOME=C:\Guidewire\PolicyCenter1010\, DEFAULT_JVM_OPTS="-Xmx1g", PATHEXT=.COM;.EXE;.BAT;.CMD;.VBS;.VBE;.JS;.JSE;.WSF;.WSH;.MSC, DriverData=C:\Windows\System32\Drivers\DriverData, IntelliJ IDEA Community Edition=C:\Program Files\JetBrains\IntelliJ IDEA Community Edition 2022.3.1\bin;, ProgramData=C:\ProgramData, ProgramW6432=C:\Program Files, __PSLockDownPolicy=0, HOMEPATH=\Users\bunde, PROCESSOR_IDENTIFIER=Intel64 Family 6 Model 154 Stepping 4, GenuineIntel, ProgramFiles=C:\Program Files, PUBLIC=C:\Users\Public, windir=C:\WINDOWS, =::=::\, ZES_ENABLE_SYSMAN=1, _SKIP=2, IGCCSVC_DB=AQAAANCMnd8BFdERjHoAwE/Cl+sBAAAAktJ6yqXL90Gzyc+lDAKipgQAAAACAAAAAAAQZgAAAAEAACAAAAAF+r1sBB1No9pDKg/4axI8er2yg3GflDMwWml8meTyPwAAAAAOgAAAAAIAACAAAABUxgjv8bX6sQNCfT0HETjfirFPMVE1PTvCasfqei1ABGAAAADPAwirv2IQWr9txk6LTFFxTMPsnr8gbI5JCkFD4Ng0lsnp+aC/7lMg8Q9WU+MxL/5lrlXm5ILC8KVUMAWP1O30AIyzlGNzCoYvqj6BM2kLbOgzQ6ih6lzCgbI4EAhWVMpAAAAAyjQQLW72KtzEgqKtj0mASXyUBKZUWDLOxthjpHYP35qt3xKqeFM7ZD96trPm5AK31tYb9MO6WYyP9KFnD0EenA==, LOCALAPPDATA=C:\Users\bunde\AppData\Local, USERDOMAIN=LAPTOP-LJV63B5C, FPS_BROWSER_APP_PROFILE_STRING=Internet Explorer, LOGONSERVER=\\LAPTOP-LJV63B5C, JAVA_HOME=C:\Program Files\Java\jdk1.8.0_181, PROMPT=$P$G, ANT_HOME=C:\Program Files\apache-ant-1.8.2, OneDrive=C:\Users\bunde\OneDrive, =C:=C:\Guidewire\PolicyCenter1010, APPDATA=C:\Users\bunde\AppData\Roaming, JAVA_EXE=C:\Program Files\Java\jdk1.8.0_181/bin/java.exe, CommonProgramFiles=C:\Program Files\Common Files, Path=C:\Program Files\Common Files\Oracle\Java\javapath;C:\Program Files (x86)\Common Files\Oracle\Java\javapath;C:\WINDOWS\system32;C:\WINDOWS;C:\WINDOWS\System32\Wbem;C:\WINDOWS\System32\WindowsPowerShell\v1.0\;C:\WINDOWS\System32\OpenSSH\;C:\Program Files\Java\jdk1.8.0_181\bin;C:\Program Files\apache-ant-1.8.2\bin;C:\Program Files\PuTTY\;C:\Program Files\TortoiseGit\bin;C:\Program Files\Git\cmd;C:\Program Files\nodejs\;C:\Program Files\dotnet\;C:\Users\bunde\AppData\Local\Programs\Python\Python312\Scripts\;C:\Users\bunde\AppData\Local\Programs\Python\Python312\;C:\Users\bunde\AppData\Local\Programs\Python\Launcher\;C:\Users\bunde\AppData\Local\Microsoft\WindowsApps;C:\Program Files\Java\jdk1.8.0_181\bin;C:\Program Files\apache-ant-1.8.2\bin;;C:\Program Files\JetBrains\IntelliJ IDEA Community Edition 2022.3.1\bin;;C:\Users\bunde\AppData\Local\Programs\Microsoft VS Code\bin;C:\Users\bunde\AppData\Roaming\npm, OS=Windows_NT, COMPUTERNAME=LAPTOP-LJV63B5C, EFC_10948=1, PROCESSOR_REVISION=9a04, CLASSPATH=C:\Guidewire\PolicyCenter1010\\gradle\wrapper\gradle-wrapper.jar, CommonProgramW6432=C:\Program Files\Common Files, ComSpec=C:\WINDOWS\system32\cmd.exe, APP_BASE_NAME=gwb, SystemRoot=C:\WINDOWS, TEMP=C:\Users\bunde\AppData\Local\Temp, HOMEDRIVE=C:, USERPROFILE=C:\Users\bunde, TMP=C:\Users\bunde\AppData\Local\Temp, CommonProgramFiles(x86)=C:\Program Files (x86)\Common Files, NUMBER_OF_PROCESSORS=12}
2025-02-04T11:27:23.490+0530 [DEBUG] [org.gradle.launcher.daemon.server.exec.LogToClient] About to start relaying all logs to the client via the connection.
2025-02-04T11:27:23.491+0530 [INFO] [org.gradle.launcher.daemon.server.exec.LogToClient] The client will now receive all logging from the daemon (pid: 10272). The daemon log file: C:\Guidewire\PolicyCenter1010\gradle\cache\daemon\6.0.1\daemon-10272.out.log
2025-02-04T11:27:23.496+0530 [DEBUG] [org.gradle.launcher.daemon.server.exec.RequestStopIfSingleUsedDaemon] Requesting daemon stop after processing Build{id=674c5264-6e23-4cff-9a48-ce18b7319c60, currentDir=C:\Guidewire\PolicyCenter1010}
2025-02-04T11:27:23.497+0530 [LIFECYCLE] [org.gradle.launcher.daemon.server.DaemonStateCoordinator] Daemon will be stopped at the end of the build stopping after processing
2025-02-04T11:27:23.497+0530 [DEBUG] [org.gradle.launcher.daemon.server.DaemonStateCoordinator] Stop as soon as idle requested. The daemon is busy: true
2025-02-04T11:27:23.497+0530 [DEBUG] [org.gradle.launcher.daemon.server.DaemonStateCoordinator] daemon stop has been requested. Sleeping until state changes.
2025-02-04T11:27:23.504+0530 [DEBUG] [org.gradle.launcher.daemon.server.exec.ExecuteBuild] The daemon has started executing the build.
2025-02-04T11:27:23.505+0530 [DEBUG] [org.gradle.launcher.daemon.server.exec.ExecuteBuild] Executing build with daemon context: DefaultDaemonContext[uid=15fa5756-9758-44d5-99b2-40215c419bad,javaHome=C:\Program Files\Java\jdk1.8.0_181,daemonRegistryDir=C:\Guidewire\PolicyCenter1010\gradle\cache\daemon,pid=10272,idleTimeout=120000,priority=NORMAL,daemonOpts=-Xms1g,-Xmx4g,-Dfile.encoding=windows-1252,-Duser.country=IN,-Duser.language=en,-Duser.variant]
Importing POM com.guidewire.pc:pc-parent:10.1.0
Importing parent POM com.guidewire.pc:pc-all:10.1.0
Importing POM com.guidewire.pc:pc-all:10.1.0
Generating C:\Guidewire\PolicyCenter1010\.idea\settings\idea.properties file
Generating C:\Guidewire\PolicyCenter1010\.idea\settings\config\options\other.xml file
Generating C:\Guidewire\PolicyCenter1010\.idea\settings\config\options\recentProjects.xml file
Using bundled jre: C:\Guidewire\PolicyCenter1010\studio\sdk\jre\jre-win\bin\java.exe

Starting Guidewire Studio...

Deprecated Gradle features were used in this build, making it incompatible with Gradle 7.0.
Use '--warning-mode all' to show the individual deprecation warnings.
See https://docs.gradle.org/6.0.1/userguide/command_line_interface.html#sec:command_line_warnings

BUILD SUCCESSFUL in 48s
7 actionable tasks: 7 executed
2025-02-04T11:27:54.728+0530 [DEBUG] [org.gradle.launcher.daemon.server.exec.ExecuteBuild] The daemon has finished executing the build.
2025-02-04T11:27:54.745+0530 [DEBUG] [org.gradle.launcher.daemon.server.DaemonStateCoordinator] daemon stop has been requested. Sleeping until state changes.
2025-02-04T11:27:54.747+0530 [DEBUG] [org.gradle.launcher.daemon.server.DaemonStateCoordinator] Command execution: finished waiting for DaemonCommandExecution[command = Build{id=674c5264-6e23-4cff-9a48-ce18b7319c60, currentDir=C:\Guidewire\PolicyCenter1010}, connection = DefaultDaemonConnection: socket connection from /127.0.0.1:64333 to /127.0.0.1:64334]. Result org.gradle.launcher.daemon.server.DaemonStateCoordinator@3533be03 with state StopRequested
2025-02-04T11:27:54.748+0530 [DEBUG] [org.gradle.launcher.daemon.server.DaemonStateCoordinator] Command execution: completed DaemonCommandExecution[command = Build{id=674c5264-6e23-4cff-9a48-ce18b7319c60, currentDir=C:\Guidewire\PolicyCenter1010}, connection = DefaultDaemonConnection: socket connection from /127.0.0.1:64333 to /127.0.0.1:64334]
2025-02-04T11:27:54.748+0530 [DEBUG] [org.gradle.launcher.daemon.server.DaemonStateCoordinator] resetting idle timer
2025-02-04T11:27:54.752+0530 [DEBUG] [org.gradle.launcher.daemon.server.DaemonStateCoordinator] Marking daemon stopped due to command completed and stop requested. The daemon is running a build: false
2025-02-04T11:27:54.752+0530 [DEBUG] [org.gradle.launcher.daemon.server.exec.ReturnResult] Daemon is dispatching the build result: Success[value=org.gradle.launcher.exec.BuildActionResult@5a150098]
2025-02-04T11:27:54.752+0530 [DEBUG] [org.gradle.launcher.daemon.server.DaemonStateCoordinator] daemon has stopped.
2025-02-04T11:27:54.753+0530 [DEBUG] [org.gradle.launcher.daemon.server.Daemon] stop() called on daemon
2025-02-04T11:27:54.753+0530 [INFO] [org.gradle.launcher.daemon.server.Daemon] Stop requested. Daemon is removing its presence from the registry...
2025-02-04T11:27:54.754+0530 [DEBUG] [org.gradle.launcher.daemon.server.SynchronizedDispatchConnection] thread 17: dispatching class org.gradle.launcher.daemon.protocol.Success
2025-02-04T11:27:54.760+0530 [DEBUG] [org.gradle.launcher.daemon.server.DefaultIncomingConnectionHandler] Finishing executing command: Build{id=674c5264-6e23-4cff-9a48-ce18b7319c60, currentDir=C:\Guidewire\PolicyCenter1010}
2025-02-04T11:27:54.754+0530 [DEBUG] [org.gradle.launcher.daemon.server.DaemonRegistryUpdater] Removing our presence to clients, eg. removing this address from the registry: [96c1abdd-fbf3-44cc-a9db-6fc8d50263ad port:64333, addresses:[/127.0.0.1, /0:0:0:0:0:0:0:1]]
2025-02-04T11:27:54.761+0530 [DEBUG] [org.gradle.launcher.daemon.registry.PersistentDaemonRegistry] Removing daemon address: [96c1abdd-fbf3-44cc-a9db-6fc8d50263ad port:64333, addresses:[/127.0.0.1, /0:0:0:0:0:0:0:1]]
2025-02-04T11:27:54.761+0530 [DEBUG] [org.gradle.launcher.daemon.server.SynchronizedDispatchConnection] thread 18: received class org.gradle.launcher.daemon.protocol.CloseInput
2025-02-04T11:27:54.761+0530 [DEBUG] [org.gradle.launcher.daemon.server.DefaultDaemonConnection] thread 18: Received IO message from client: org.gradle.launcher.daemon.protocol.CloseInput@15ff0eaf
2025-02-04T11:27:54.762+0530 [DEBUG] [org.gradle.launcher.daemon.server.SynchronizedDispatchConnection] thread 18: received class org.gradle.launcher.daemon.protocol.Finished
2025-02-04T11:27:54.763+0530 [DEBUG] [org.gradle.launcher.daemon.server.DefaultDaemonConnection] thread 18: Received non-IO message from client: org.gradle.launcher.daemon.protocol.Finished@7df3d5b7
2025-02-04T11:27:54.763+0530 [DEBUG] [org.gradle.launcher.daemon.server.DefaultIncomingConnectionHandler] Received finished message: org.gradle.launcher.daemon.protocol.Finished@7df3d5b7
2025-02-04T11:27:54.764+0530 [DEBUG] [org.gradle.launcher.daemon.server.SynchronizedDispatchConnection] thread 17: stopping connection
2025-02-04T11:27:54.767+0530 [DEBUG] [org.gradle.internal.remote.internal.inet.SocketConnection] Discarding EOFException: java.io.EOFException
2025-02-04T11:27:54.768+0530 [DEBUG] [org.gradle.launcher.daemon.server.SynchronizedDispatchConnection] thread 18: received null
2025-02-04T11:27:54.768+0530 [DEBUG] [org.gradle.launcher.daemon.server.DefaultDaemonConnection] thread 18: Received end-of-input from client.
2025-02-04T11:27:54.769+0530 [DEBUG] [org.gradle.cache.internal.DefaultFileLockManager] Waiting to acquire exclusive lock on daemon addresses registry.
2025-02-04T11:27:54.770+0530 [DEBUG] [org.gradle.launcher.daemon.server.SynchronizedDispatchConnection] thread 17: stopping connection
2025-02-04T11:27:54.771+0530 [DEBUG] [org.gradle.cache.internal.DefaultFileLockManager] Lock acquired on daemon addresses registry.
2025-02-04T11:27:54.776+0530 [DEBUG] [org.gradle.cache.internal.DefaultFileLockManager] Releasing lock on daemon addresses registry.
2025-02-04T11:27:54.777+0530 [DEBUG] [org.gradle.launcher.daemon.server.DaemonRegistryUpdater] Address removed from registry.
2025-02-04T11:27:54.779+0530 [DEBUG] [org.gradle.cache.internal.LockOnDemandCrossProcessCacheAccess] Releasing file lock for jars (C:\Guidewire\PolicyCenter1010\gradle\cache\caches\jars-3)
2025-02-04T11:27:54.780+0530 [DEBUG] [org.gradle.cache.internal.DefaultFileLockManager] Releasing lock on jars (C:\Guidewire\PolicyCenter1010\gradle\cache\caches\jars-3).
2025-02-04T11:27:54.784+0530 [DEBUG] [org.gradle.cache.internal.DefaultPersistentDirectoryStore] jars (C:\Guidewire\PolicyCenter1010\gradle\cache\caches\jars-3) has last been fully cleaned up 190 hours ago
2025-02-04T11:27:54.793+0530 [DEBUG] [org.gradle.cache.internal.AbstractCacheCleanup] jars (C:\Guidewire\PolicyCenter1010\gradle\cache\caches\jars-3) cleanup deleted 0 files/directories.
2025-02-04T11:27:54.794+0530 [INFO] [org.gradle.cache.internal.LeastRecentlyUsedCacheCleanup] jars (C:\Guidewire\PolicyCenter1010\gradle\cache\caches\jars-3) removing files not accessed on or after Tue Jan 28 11:27:24 IST 2025.
2025-02-04T11:27:54.796+0530 [DEBUG] [org.gradle.cache.internal.AbstractCacheCleanup] jars (C:\Guidewire\PolicyCenter1010\gradle\cache\caches\jars-3) cleanup deleted 0 files/directories.
2025-02-04T11:27:54.797+0530 [INFO] [org.gradle.cache.internal.DefaultPersistentDirectoryStore] jars (C:\Guidewire\PolicyCenter1010\gradle\cache\caches\jars-3) cleaned up in 0.012 secs.
2025-02-04T11:27:54.801+0530 [DEBUG] [org.gradle.cache.internal.DefaultPersistentDirectoryStore] artifact cache (C:\Guidewire\PolicyCenter1010\gradle\cache\caches\modules-2) has last been fully cleaned up 190 hours ago
2025-02-04T11:27:54.803+0530 [DEBUG] [org.gradle.cache.internal.AbstractCacheCleanup] artifact cache (C:\Guidewire\PolicyCenter1010\gradle\cache\caches\modules-2) cleanup deleted 0 files/directories.
2025-02-04T11:27:54.806+0530 [DEBUG] [org.gradle.cache.internal.AbstractCacheCleanup] artifact cache (C:\Guidewire\PolicyCenter1010\gradle\cache\caches\modules-2) [subdir: C:\Guidewire\PolicyCenter1010\gradle\cache\caches\modules-2\resources-2.1] cleanup deleted 0 files/directories.
2025-02-04T11:27:54.806+0530 [INFO] [org.gradle.cache.internal.LeastRecentlyUsedCacheCleanup] artifact cache (C:\Guidewire\PolicyCenter1010\gradle\cache\caches\modules-2) [subdir: C:\Guidewire\PolicyCenter1010\gradle\cache\caches\modules-2\resources-2.1] removing files not accessed on or after Sun Jan 05 11:27:24 IST 2025.
2025-02-04T11:27:54.806+0530 [DEBUG] [org.gradle.cache.internal.AbstractCacheCleanup] artifact cache (C:\Guidewire\PolicyCenter1010\gradle\cache\caches\modules-2) [subdir: C:\Guidewire\PolicyCenter1010\gradle\cache\caches\modules-2\resources-2.1] cleanup deleted 0 files/directories.
2025-02-04T11:27:54.808+0530 [DEBUG] [org.gradle.cache.internal.AbstractCacheCleanup] artifact cache (C:\Guidewire\PolicyCenter1010\gradle\cache\caches\modules-2) [subdir: C:\Guidewire\PolicyCenter1010\gradle\cache\caches\modules-2\files-2.1] cleanup deleted 0 files/directories.
2025-02-04T11:27:54.808+0530 [INFO] [org.gradle.cache.internal.LeastRecentlyUsedCacheCleanup] artifact cache (C:\Guidewire\PolicyCenter1010\gradle\cache\caches\modules-2) [subdir: C:\Guidewire\PolicyCenter1010\gradle\cache\caches\modules-2\files-2.1] removing files not accessed on or after Sun Jan 05 11:27:24 IST 2025.
2025-02-04T11:27:54.809+0530 [DEBUG] [org.gradle.cache.internal.AbstractCacheCleanup] artifact cache (C:\Guidewire\PolicyCenter1010\gradle\cache\caches\modules-2) [subdir: C:\Guidewire\PolicyCenter1010\gradle\cache\caches\modules-2\files-2.1] cleanup deleted 0 files/directories.
2025-02-04T11:27:54.810+0530 [DEBUG] [org.gradle.cache.internal.AbstractCacheCleanup] artifact cache (C:\Guidewire\PolicyCenter1010\gradle\cache\caches\modules-2) [subdir: C:\Guidewire\PolicyCenter1010\gradle\cache\caches\modules-2\metadata-2.82] cleanup deleted 0 files/directories.
2025-02-04T11:27:54.811+0530 [INFO] [org.gradle.cache.internal.DefaultPersistentDirectoryStore] artifact cache (C:\Guidewire\PolicyCenter1010\gradle\cache\caches\modules-2) cleaned up in 0.01 secs.
2025-02-04T11:27:54.812+0530 [DEBUG] [org.gradle.cache.internal.DefaultCacheAccess] Cache artifact cache (C:\Guidewire\PolicyCenter1010\gradle\cache\caches\modules-2) was closed 0 times.
2025-02-04T11:27:54.813+0530 [DEBUG] [org.gradle.cache.internal.DefaultPersistentDirectoryStore] Artifact transforms cache (C:\Guidewire\PolicyCenter1010\gradle\cache\caches\transforms-2) has last been fully cleaned up 190 hours ago
2025-02-04T11:27:54.813+0530 [INFO] [org.gradle.cache.internal.LeastRecentlyUsedCacheCleanup] Artifact transforms cache (C:\Guidewire\PolicyCenter1010\gradle\cache\caches\transforms-2) [subdir: C:\Guidewire\PolicyCenter1010\gradle\cache\caches\transforms-2\files-2.1] removing files not accessed on or after Tue Jan 28 11:27:28 IST 2025.
2025-02-04T11:27:54.814+0530 [DEBUG] [org.gradle.cache.internal.AbstractCacheCleanup] Artifact transforms cache (C:\Guidewire\PolicyCenter1010\gradle\cache\caches\transforms-2) [subdir: C:\Guidewire\PolicyCenter1010\gradle\cache\caches\transforms-2\files-2.1] cleanup deleted 0 files/directories.
2025-02-04T11:27:54.815+0530 [INFO] [org.gradle.cache.internal.DefaultPersistentDirectoryStore] Artifact transforms cache (C:\Guidewire\PolicyCenter1010\gradle\cache\caches\transforms-2) cleaned up in 0.001 secs.
2025-02-04T11:27:54.815+0530 [DEBUG] [org.gradle.cache.internal.DefaultCacheAccess] Cache Artifact transforms cache (C:\Guidewire\PolicyCenter1010\gradle\cache\caches\transforms-2) was closed 0 times.
2025-02-04T11:27:54.816+0530 [DEBUG] [org.gradle.cache.internal.LockOnDemandCrossProcessCacheAccess] Releasing file lock for journal cache (C:\Guidewire\PolicyCenter1010\gradle\cache\caches\journal-1)
2025-02-04T11:27:54.816+0530 [DEBUG] [org.gradle.cache.internal.btree.BTreePersistentIndexedCache] Closing cache file-access.bin (C:\Guidewire\PolicyCenter1010\gradle\cache\caches\journal-1\file-access.bin)
2025-02-04T11:27:54.817+0530 [DEBUG] [org.gradle.cache.internal.DefaultFileLockManager] Releasing lock on journal cache (C:\Guidewire\PolicyCenter1010\gradle\cache\caches\journal-1).
2025-02-04T11:27:54.818+0530 [DEBUG] [org.gradle.cache.internal.DefaultCacheAccess] Cache Generated Gradle JARs cache (C:\Guidewire\PolicyCenter1010\gradle\cache\caches\6.0.1\generated-gradle-jars) was closed 0 times.
2025-02-04T11:27:54.819+0530 [DEBUG] [org.gradle.cache.internal.LockOnDemandCrossProcessCacheAccess] Releasing file lock for file hash cache (C:\Guidewire\PolicyCenter1010\gradle\cache\caches\6.0.1\fileHashes)
2025-02-04T11:27:54.819+0530 [DEBUG] [org.gradle.cache.internal.btree.BTreePersistentIndexedCache] Closing cache fileHashes.bin (C:\Guidewire\PolicyCenter1010\gradle\cache\caches\6.0.1\fileHashes\fileHashes.bin)
2025-02-04T11:27:54.820+0530 [DEBUG] [org.gradle.cache.internal.btree.BTreePersistentIndexedCache] Closing cache resourceHashesCache.bin (C:\Guidewire\PolicyCenter1010\gradle\cache\caches\6.0.1\fileHashes\resourceHashesCache.bin)
2025-02-04T11:27:54.820+0530 [DEBUG] [org.gradle.cache.internal.DefaultFileLockManager] Releasing lock on file hash cache (C:\Guidewire\PolicyCenter1010\gradle\cache\caches\6.0.1\fileHashes).
2025-02-04T11:27:54.822+0530 [DEBUG] [org.gradle.cache.internal.LockOnDemandCrossProcessCacheAccess] Releasing file lock for execution history cache (C:\Guidewire\PolicyCenter1010\gradle\cache\caches\6.0.1\executionHistory)
2025-02-04T11:27:54.822+0530 [DEBUG] [org.gradle.cache.internal.DefaultFileLockManager] Releasing lock on execution history cache (C:\Guidewire\PolicyCenter1010\gradle\cache\caches\6.0.1\executionHistory).
2025-02-04T11:27:54.826+0530 [DEBUG] [org.gradle.cache.internal.VersionSpecificCacheCleanupAction] Processed version-specific caches at C:\Guidewire\PolicyCenter1010\gradle\cache\caches for cleanup in 0.001 secs
2025-02-04T11:27:54.835+0530Daemon vm is shutting down... The daemon has exited normally or was terminated in response to a user interrupt.
 [DEBUG] [org.gradle.launcher.daemon.registry.PersistentDaemonRegistry] Removing daemon address: [96c1abdd-fbf3-44cc-a9db-6fc8d50263ad port:64333, addresses:[/127.0.0.1, /0:0:0:0:0:0:0:1]]
2025-02-04T11:27:54.836+0530 [DEBUG] [org.gradle.cache.internal.DefaultFileLockManager] Waiting to acquire exclusive lock on daemon addresses registry.
2025-02-04T11:27:54.837+0530 [DEBUG] [org.gradle.cache.internal.DefaultFileLockManager] Lock acquired on daemon addresses registry.
2025-02-04T11:27:54.839+0530 [DEBUG] [org.gradle.cache.internal.DefaultFileLockManager] Releasing lock on daemon addresses registry.
