2025-11-05T10:14:26.519+0530 [DEBUG] [org.gradle.launcher.daemon.bootstrap.DaemonMain] Assuming the daemon was started with following jvm opts: [-Xms1g, -Xmx4g, -Dfile.encoding=windows-1252, -Duser.country=IN, -Duser.language=en, -Duser.variant]
2025-11-05T10:14:26.624+0530 [DEBUG] [org.gradle.internal.nativeintegration.services.NativeServices] Native-platform posix files integration is not available. Continuing with fallback.
2025-11-05T10:14:26.713+0530 [INFO] [org.gradle.launcher.daemon.server.Daemon] start() called on daemon - DefaultDaemonContext[uid=9ab4d1a0-e70a-428c-aea6-1a619963ab24,javaHome=C:\Program Files\Java\jdk1.8.0_181,daemonRegistryDir=C:\Guidewire\PolicyCenter1010\gradle\cache\daemon,pid=24228,idleTimeout=120000,priority=NORMAL,daemonOpts=-Xms1g,-Xmx4g,-Dfile.encoding=windows-1252,-Duser.country=IN,-Duser.language=en,-Duser.variant]
2025-11-05T10:14:27.408+0530 [DEBUG] [org.gradle.internal.remote.internal.inet.InetAddresses] Adding IP addresses for network interface Software Loopback Interface 1
2025-11-05T10:14:27.415+0530 [DEBUG] [org.gradle.internal.remote.internal.inet.InetAddresses] Is this a loopback interface? true
2025-11-05T10:14:27.416+0530 [DEBUG] [org.gradle.internal.remote.internal.inet.InetAddresses] Adding loopback address /127.0.0.1
2025-11-05T10:14:27.417+0530 [DEBUG] [org.gradle.internal.remote.internal.inet.InetAddresses] Adding loopback address /0:0:0:0:0:0:0:1
2025-11-05T10:14:27.424+0530 [DEBUG] [org.gradle.internal.remote.internal.inet.InetAddresses] Adding IP addresses for network interface Microsoft 6to4 Adapter
2025-11-05T10:14:27.428+0530 [DEBUG] [org.gradle.internal.remote.internal.inet.InetAddresses] Is this a loopback interface? false
2025-11-05T10:14:27.428+0530 [DEBUG] [org.gradle.internal.remote.internal.inet.InetAddresses] Adding IP addresses for network interface Microsoft Kernel Debug Network Adapter
2025-11-05T10:14:27.432+0530 [DEBUG] [org.gradle.internal.remote.internal.inet.InetAddresses] Is this a loopback interface? false
2025-11-05T10:14:27.432+0530 [DEBUG] [org.gradle.internal.remote.internal.inet.InetAddresses] Adding IP addresses for network interface RAS Async Adapter
2025-11-05T10:14:27.439+0530 [DEBUG] [org.gradle.internal.remote.internal.inet.InetAddresses] Is this a loopback interface? false
2025-11-05T10:14:27.440+0530 [DEBUG] [org.gradle.internal.remote.internal.inet.InetAddresses] Adding IP addresses for network interface Microsoft IP-HTTPS Platform Adapter
2025-11-05T10:14:27.447+0530 [DEBUG] [org.gradle.internal.remote.internal.inet.InetAddresses] Is this a loopback interface? false
2025-11-05T10:14:27.447+0530 [DEBUG] [org.gradle.internal.remote.internal.inet.InetAddresses] Adding IP addresses for network interface WAN Miniport (IP)
2025-11-05T10:14:27.453+0530 [DEBUG] [org.gradle.internal.remote.internal.inet.InetAddresses] Is this a loopback interface? false
2025-11-05T10:14:27.453+0530 [DEBUG] [org.gradle.internal.remote.internal.inet.InetAddresses] Adding IP addresses for network interface WAN Miniport (IPv6)
2025-11-05T10:14:27.457+0530 [DEBUG] [org.gradle.internal.remote.internal.inet.InetAddresses] Is this a loopback interface? false
2025-11-05T10:14:27.458+0530 [DEBUG] [org.gradle.internal.remote.internal.inet.InetAddresses] Adding IP addresses for network interface Intel(R) Wi-Fi 6 AX201 160MHz
2025-11-05T10:14:27.462+0530 [DEBUG] [org.gradle.internal.remote.internal.inet.InetAddresses] Is this a loopback interface? false
2025-11-05T10:14:27.462+0530 [DEBUG] [org.gradle.internal.remote.internal.inet.InetAddresses] Adding remote address /192.168.1.3
2025-11-05T10:14:27.463+0530 [DEBUG] [org.gradle.internal.remote.internal.inet.InetAddresses] Adding remote address /fe80:0:0:0:4780:c6ba:97a0:cae1%wlan0
2025-11-05T10:14:27.463+0530 [DEBUG] [org.gradle.internal.remote.internal.inet.InetAddresses] Adding IP addresses for network interface Bluetooth Device (Personal Area Network)
2025-11-05T10:14:27.467+0530 [DEBUG] [org.gradle.internal.remote.internal.inet.InetAddresses] Is this a loopback interface? false
2025-11-05T10:14:27.467+0530 [DEBUG] [org.gradle.internal.remote.internal.inet.InetAddresses] Adding IP addresses for network interface WAN Miniport (L2TP)
2025-11-05T10:14:27.471+0530 [DEBUG] [org.gradle.internal.remote.internal.inet.InetAddresses] Is this a loopback interface? false
2025-11-05T10:14:27.471+0530 [DEBUG] [org.gradle.internal.remote.internal.inet.InetAddresses] Adding IP addresses for network interface Microsoft Wi-Fi Direct Virtual Adapter #2
2025-11-05T10:14:27.475+0530 [DEBUG] [org.gradle.internal.remote.internal.inet.InetAddresses] Is this a loopback interface? false
2025-11-05T10:14:27.475+0530 [DEBUG] [org.gradle.internal.remote.internal.inet.InetAddresses] Adding remote address /fe80:0:0:0:3508:ded:7319:fa3e%wlan1
2025-11-05T10:14:27.475+0530 [DEBUG] [org.gradle.internal.remote.internal.inet.InetAddresses] Adding IP addresses for network interface WAN Miniport (PPPOE)
2025-11-05T10:14:27.479+0530 [DEBUG] [org.gradle.internal.remote.internal.inet.InetAddresses] Is this a loopback interface? false
2025-11-05T10:14:27.479+0530 [DEBUG] [org.gradle.internal.remote.internal.inet.InetAddresses] Adding IP addresses for network interface Microsoft Wi-Fi Direct Virtual Adapter
2025-11-05T10:14:27.483+0530 [DEBUG] [org.gradle.internal.remote.internal.inet.InetAddresses] Is this a loopback interface? false
2025-11-05T10:14:27.483+0530 [DEBUG] [org.gradle.internal.remote.internal.inet.InetAddresses] Adding remote address /fe80:0:0:0:3dee:4bca:2a97:6cf5%wlan2
2025-11-05T10:14:27.483+0530 [DEBUG] [org.gradle.internal.remote.internal.inet.InetAddresses] Adding IP addresses for network interface WAN Miniport (IKEv2)
2025-11-05T10:14:27.490+0530 [DEBUG] [org.gradle.internal.remote.internal.inet.InetAddresses] Is this a loopback interface? false
2025-11-05T10:14:27.490+0530 [DEBUG] [org.gradle.internal.remote.internal.inet.InetAddresses] Adding IP addresses for network interface Microsoft Teredo Tunneling Adapter
2025-11-05T10:14:27.494+0530 [DEBUG] [org.gradle.internal.remote.internal.inet.InetAddresses] Is this a loopback interface? false
2025-11-05T10:14:27.494+0530 [DEBUG] [org.gradle.internal.remote.internal.inet.InetAddresses] Adding IP addresses for network interface ASIX AX88179 USB 3.0 to Gigabit Ethernet Adapter
2025-11-05T10:14:27.498+0530 [DEBUG] [org.gradle.internal.remote.internal.inet.InetAddresses] Is this a loopback interface? false
2025-11-05T10:14:27.498+0530 [DEBUG] [org.gradle.internal.remote.internal.inet.InetAddresses] Adding IP addresses for network interface WAN Miniport (PPTP)
2025-11-05T10:14:27.501+0530 [DEBUG] [org.gradle.internal.remote.internal.inet.InetAddresses] Is this a loopback interface? false
2025-11-05T10:14:27.501+0530 [DEBUG] [org.gradle.internal.remote.internal.inet.InetAddresses] Adding IP addresses for network interface WAN Miniport (Network Monitor)
2025-11-05T10:14:27.505+0530 [DEBUG] [org.gradle.internal.remote.internal.inet.InetAddresses] Is this a loopback interface? false
2025-11-05T10:14:27.505+0530 [DEBUG] [org.gradle.internal.remote.internal.inet.InetAddresses] Adding IP addresses for network interface WAN Miniport (SSTP)
2025-11-05T10:14:27.509+0530 [DEBUG] [org.gradle.internal.remote.internal.inet.InetAddresses] Is this a loopback interface? false
2025-11-05T10:14:27.509+0530 [DEBUG] [org.gradle.internal.remote.internal.inet.InetAddresses] Adding IP addresses for network interface Intel(R) Wi-Fi 6 AX201 160MHz-WFP Native MAC Layer LightWeight Filter-0000
2025-11-05T10:14:27.514+0530 [DEBUG] [org.gradle.internal.remote.internal.inet.InetAddresses] Is this a loopback interface? false
2025-11-05T10:14:27.514+0530 [DEBUG] [org.gradle.internal.remote.internal.inet.InetAddresses] Adding IP addresses for network interface Intel(R) Wi-Fi 6 AX201 160MHz-Virtual WiFi Filter Driver-0000
2025-11-05T10:14:27.518+0530 [DEBUG] [org.gradle.internal.remote.internal.inet.InetAddresses] Is this a loopback interface? false
2025-11-05T10:14:27.518+0530 [DEBUG] [org.gradle.internal.remote.internal.inet.InetAddresses] Adding IP addresses for network interface Intel(R) Wi-Fi 6 AX201 160MHz-Native WiFi Filter Driver-0000
2025-11-05T10:14:27.524+0530 [DEBUG] [org.gradle.internal.remote.internal.inet.InetAddresses] Is this a loopback interface? false
2025-11-05T10:14:27.524+0530 [DEBUG] [org.gradle.internal.remote.internal.inet.InetAddresses] Adding IP addresses for network interface Intel(R) Wi-Fi 6 AX201 160MHz-QoS Packet Scheduler-0000
2025-11-05T10:14:27.528+0530 [DEBUG] [org.gradle.internal.remote.internal.inet.InetAddresses] Is this a loopback interface? false
2025-11-05T10:14:27.528+0530 [DEBUG] [org.gradle.internal.remote.internal.inet.InetAddresses] Adding IP addresses for network interface Intel(R) Wi-Fi 6 AX201 160MHz-WFP 802.3 MAC Layer LightWeight Filter-0000
2025-11-05T10:14:27.532+0530 [DEBUG] [org.gradle.internal.remote.internal.inet.InetAddresses] Is this a loopback interface? false
2025-11-05T10:14:27.532+0530 [DEBUG] [org.gradle.internal.remote.internal.inet.InetAddresses] Adding IP addresses for network interface Microsoft Wi-Fi Direct Virtual Adapter-WFP Native MAC Layer LightWeight Filter-0000
2025-11-05T10:14:27.536+0530 [DEBUG] [org.gradle.internal.remote.internal.inet.InetAddresses] Is this a loopback interface? false
2025-11-05T10:14:27.536+0530 [DEBUG] [org.gradle.internal.remote.internal.inet.InetAddresses] Adding IP addresses for network interface Microsoft Wi-Fi Direct Virtual Adapter-Native WiFi Filter Driver-0000
2025-11-05T10:14:27.540+0530 [DEBUG] [org.gradle.internal.remote.internal.inet.InetAddresses] Is this a loopback interface? false
2025-11-05T10:14:27.540+0530 [DEBUG] [org.gradle.internal.remote.internal.inet.InetAddresses] Adding IP addresses for network interface Microsoft Wi-Fi Direct Virtual Adapter-QoS Packet Scheduler-0000
2025-11-05T10:14:27.543+0530 [DEBUG] [org.gradle.internal.remote.internal.inet.InetAddresses] Is this a loopback interface? false
2025-11-05T10:14:27.544+0530 [DEBUG] [org.gradle.internal.remote.internal.inet.InetAddresses] Adding IP addresses for network interface Microsoft Wi-Fi Direct Virtual Adapter-WFP 802.3 MAC Layer LightWeight Filter-0000
2025-11-05T10:14:27.548+0530 [DEBUG] [org.gradle.internal.remote.internal.inet.InetAddresses] Is this a loopback interface? false
2025-11-05T10:14:27.548+0530 [DEBUG] [org.gradle.internal.remote.internal.inet.InetAddresses] Adding IP addresses for network interface WAN Miniport (IP)-WFP Native MAC Layer LightWeight Filter-0000
2025-11-05T10:14:27.552+0530 [DEBUG] [org.gradle.internal.remote.internal.inet.InetAddresses] Is this a loopback interface? false
2025-11-05T10:14:27.552+0530 [DEBUG] [org.gradle.internal.remote.internal.inet.InetAddresses] Adding IP addresses for network interface WAN Miniport (IP)-QoS Packet Scheduler-0000
2025-11-05T10:14:27.555+0530 [DEBUG] [org.gradle.internal.remote.internal.inet.InetAddresses] Is this a loopback interface? false
2025-11-05T10:14:27.555+0530 [DEBUG] [org.gradle.internal.remote.internal.inet.InetAddresses] Adding IP addresses for network interface WAN Miniport (IPv6)-WFP Native MAC Layer LightWeight Filter-0000
2025-11-05T10:14:27.562+0530 [DEBUG] [org.gradle.internal.remote.internal.inet.InetAddresses] Is this a loopback interface? false
2025-11-05T10:14:27.562+0530 [DEBUG] [org.gradle.internal.remote.internal.inet.InetAddresses] Adding IP addresses for network interface WAN Miniport (IPv6)-QoS Packet Scheduler-0000
2025-11-05T10:14:27.565+0530 [DEBUG] [org.gradle.internal.remote.internal.inet.InetAddresses] Is this a loopback interface? false
2025-11-05T10:14:27.566+0530 [DEBUG] [org.gradle.internal.remote.internal.inet.InetAddresses] Adding IP addresses for network interface WAN Miniport (Network Monitor)-WFP Native MAC Layer LightWeight Filter-0000
2025-11-05T10:14:27.569+0530 [DEBUG] [org.gradle.internal.remote.internal.inet.InetAddresses] Is this a loopback interface? false
2025-11-05T10:14:27.569+0530 [DEBUG] [org.gradle.internal.remote.internal.inet.InetAddresses] Adding IP addresses for network interface WAN Miniport (Network Monitor)-QoS Packet Scheduler-0000
2025-11-05T10:14:27.573+0530 [DEBUG] [org.gradle.internal.remote.internal.inet.InetAddresses] Is this a loopback interface? false
2025-11-05T10:14:27.573+0530 [DEBUG] [org.gradle.internal.remote.internal.inet.InetAddresses] Adding IP addresses for network interface Microsoft Wi-Fi Direct Virtual Adapter #2-WFP Native MAC Layer LightWeight Filter-0000
2025-11-05T10:14:27.577+0530 [DEBUG] [org.gradle.internal.remote.internal.inet.InetAddresses] Is this a loopback interface? false
2025-11-05T10:14:27.577+0530 [DEBUG] [org.gradle.internal.remote.internal.inet.InetAddresses] Adding IP addresses for network interface Microsoft Wi-Fi Direct Virtual Adapter #2-Native WiFi Filter Driver-0000
2025-11-05T10:14:27.581+0530 [DEBUG] [org.gradle.internal.remote.internal.inet.InetAddresses] Is this a loopback interface? false
2025-11-05T10:14:27.581+0530 [DEBUG] [org.gradle.internal.remote.internal.inet.InetAddresses] Adding IP addresses for network interface Microsoft Wi-Fi Direct Virtual Adapter #2-QoS Packet Scheduler-0000
2025-11-05T10:14:27.585+0530 [DEBUG] [org.gradle.internal.remote.internal.inet.InetAddresses] Is this a loopback interface? false
2025-11-05T10:14:27.585+0530 [DEBUG] [org.gradle.internal.remote.internal.inet.InetAddresses] Adding IP addresses for network interface Microsoft Wi-Fi Direct Virtual Adapter #2-WFP 802.3 MAC Layer LightWeight Filter-0000
2025-11-05T10:14:27.588+0530 [DEBUG] [org.gradle.internal.remote.internal.inet.InetAddresses] Is this a loopback interface? false
2025-11-05T10:14:27.591+0530 [DEBUG] [org.gradle.internal.remote.internal.inet.TcpIncomingConnector] Listening on [039d497a-4ae8-4433-bea8-1a31898738ad port:59993, addresses:[/127.0.0.1, /0:0:0:0:0:0:0:1]].
2025-11-05T10:14:27.598+0530 [DEBUG] [org.gradle.launcher.daemon.server.Daemon] Daemon starting at: Wed Nov 05 10:14:27 IST 2025, with address: [039d497a-4ae8-4433-bea8-1a31898738ad port:59993, addresses:[/127.0.0.1, /0:0:0:0:0:0:0:1]]
2025-11-05T10:14:27.598+0530 [INFO] [org.gradle.launcher.daemon.server.DaemonRegistryUpdater] Advertising the daemon address to the clients: [039d497a-4ae8-4433-bea8-1a31898738ad port:59993, addresses:[/127.0.0.1, /0:0:0:0:0:0:0:1]]
2025-11-05T10:14:27.598+0530 [DEBUG] [org.gradle.launcher.daemon.server.DaemonRegistryUpdater] Advertised daemon context: DefaultDaemonContext[uid=9ab4d1a0-e70a-428c-aea6-1a619963ab24,javaHome=C:\Program Files\Java\jdk1.8.0_181,daemonRegistryDir=C:\Guidewire\PolicyCenter1010\gradle\cache\daemon,pid=24228,idleTimeout=120000,priority=NORMAL,daemonOpts=-Xms1g,-Xmx4g,-Dfile.encoding=windows-1252,-Duser.country=IN,-Duser.language=en,-Duser.variant]
2025-11-05T10:14:27.600+0530 [DEBUG] [org.gradle.launcher.daemon.registry.PersistentDaemonRegistry] Storing daemon address: [039d497a-4ae8-4433-bea8-1a31898738ad port:59993, addresses:[/127.0.0.1, /0:0:0:0:0:0:0:1]], context: DefaultDaemonContext[uid=9ab4d1a0-e70a-428c-aea6-1a619963ab24,javaHome=C:\Program Files\Java\jdk1.8.0_181,daemonRegistryDir=C:\Guidewire\PolicyCenter1010\gradle\cache\daemon,pid=24228,idleTimeout=120000,priority=NORMAL,daemonOpts=-Xms1g,-Xmx4g,-Dfile.encoding=windows-1252,-Duser.country=IN,-Duser.language=en,-Duser.variant]
2025-11-05T10:14:27.616+0530 [DEBUG] [org.gradle.cache.internal.DefaultFileLockManager] Waiting to acquire exclusive lock on daemon addresses registry.
2025-11-05T10:14:27.619+0530 [DEBUG] [org.gradle.cache.internal.DefaultFileLockManager] Lock acquired on daemon addresses registry.
2025-11-05T10:14:27.625+0530 [DEBUG] [org.gradle.cache.internal.DefaultFileLockManager] Releasing lock on daemon addresses registry.
2025-11-05T10:14:27.625+0530 [LIFECYCLE] [org.gradle.launcher.daemon.server.Daemon] Daemon server started.
2025-11-05T10:14:27.627+0530 [DEBUG] [org.gradle.launcher.daemon.bootstrap.DaemonStartupCommunication] Completed writing the daemon greeting. Closing streams...
2025-11-05T10:14:27.634+0530 [DEBUG] [org.gradle.launcher.daemon.server.Daemon] stopOnExpiration() called on daemon
2025-11-05T10:14:27.636+0530 [DEBUG] [org.gradle.launcher.daemon.server.Daemon] awaitExpiration() called on daemon
2025-11-05T10:14:27.637+0530 [DEBUG] [org.gradle.launcher.daemon.server.DaemonStateCoordinator] daemon is running. Sleeping until state changes.
2025-11-05T10:14:28.070+0530 [DEBUG] [org.gradle.internal.remote.internal.inet.TcpIncomingConnector] Accepted connection from /127.0.0.1:59994 to /127.0.0.1:59993.
2025-11-05T10:14:28.131+0530 [DEBUG] [org.gradle.launcher.daemon.server.SynchronizedDispatchConnection] thread 18: received class org.gradle.launcher.daemon.protocol.Build
2025-11-05T10:14:28.131+0530 [DEBUG] [org.gradle.launcher.daemon.server.DefaultDaemonConnection] thread 18: Received non-IO message from client: Build{id=e7431cd8-f0e5-435d-b355-68905f2e7edf, currentDir=C:\Guidewire\PolicyCenter1010}
2025-11-05T10:14:28.132+0530 [INFO] [org.gradle.launcher.daemon.server.DefaultIncomingConnectionHandler] Received command: Build{id=e7431cd8-f0e5-435d-b355-68905f2e7edf, currentDir=C:\Guidewire\PolicyCenter1010}.
2025-11-05T10:14:28.132+0530 [DEBUG] [org.gradle.launcher.daemon.server.DefaultIncomingConnectionHandler] Starting executing command: Build{id=e7431cd8-f0e5-435d-b355-68905f2e7edf, currentDir=C:\Guidewire\PolicyCenter1010} with connection: socket connection from /127.0.0.1:59993 to /127.0.0.1:59994.
2025-11-05T10:14:28.135+0530 [ERROR] [org.gradle.launcher.daemon.server.DaemonStateCoordinator] Command execution: started DaemonCommandExecution[command = Build{id=e7431cd8-f0e5-435d-b355-68905f2e7edf, currentDir=C:\Guidewire\PolicyCenter1010}, connection = DefaultDaemonConnection: socket connection from /127.0.0.1:59993 to /127.0.0.1:59994] after 0.0 minutes of idle
2025-11-05T10:14:28.135+0530 [INFO] [org.gradle.launcher.daemon.server.DaemonRegistryUpdater] Marking the daemon as busy, address: [039d497a-4ae8-4433-bea8-1a31898738ad port:59993, addresses:[/127.0.0.1, /0:0:0:0:0:0:0:1]]
2025-11-05T10:14:28.135+0530 [DEBUG] [org.gradle.launcher.daemon.registry.PersistentDaemonRegistry] Marking busy by address: [039d497a-4ae8-4433-bea8-1a31898738ad port:59993, addresses:[/127.0.0.1, /0:0:0:0:0:0:0:1]]
2025-11-05T10:14:28.137+0530 [DEBUG] [org.gradle.cache.internal.DefaultFileLockManager] Waiting to acquire exclusive lock on daemon addresses registry.
2025-11-05T10:14:28.137+0530 [DEBUG] [org.gradle.cache.internal.DefaultFileLockManager] Lock acquired on daemon addresses registry.
2025-11-05T10:14:28.139+0530 [DEBUG] [org.gradle.cache.internal.DefaultFileLockManager] Releasing lock on daemon addresses registry.
2025-11-05T10:14:28.140+0530 [DEBUG] [org.gradle.launcher.daemon.server.DaemonStateCoordinator] resetting idle timer
2025-11-05T10:14:28.140+0530 [DEBUG] [org.gradle.launcher.daemon.server.DaemonStateCoordinator] daemon is running. Sleeping until state changes.
2025-11-05T10:14:28.141+0530 [INFO] [org.gradle.launcher.daemon.server.exec.StartBuildOrRespondWithBusy] Daemon is about to start building Build{id=e7431cd8-f0e5-435d-b355-68905f2e7edf, currentDir=C:\Guidewire\PolicyCenter1010}. Dispatching build started information...
2025-11-05T10:14:28.141+0530 [DEBUG] [org.gradle.launcher.daemon.server.SynchronizedDispatchConnection] thread 20: dispatching class org.gradle.launcher.daemon.protocol.BuildStarted
2025-11-05T10:14:28.143+0530 [DEBUG] [org.gradle.launcher.daemon.server.exec.EstablishBuildEnvironment] Configuring env variables: {USERDOMAIN_ROAMINGPROFILE=LAPTOP-LJV63B5C, PROCESSOR_LEVEL=6, SESSIONNAME=Console, ALLUSERSPROFILE=C:\ProgramData, PROCESSOR_ARCHITECTURE=AMD64, PSModulePath=C:\Program Files\WindowsPowerShell\Modules;C:\WINDOWS\system32\WindowsPowerShell\v1.0\Modules;C:\Program Files (x86)\Microsoft SQL Server\160\Tools\PowerShell\Modules\, SystemDrive=C:, DIRNAME=C:\Guidewire\PolicyCenter1010\, USERNAME=bunde, CMD_LINE_ARGS=studio, ProgramFiles(x86)=C:\Program Files (x86), APP_HOME=C:\Guidewire\PolicyCenter1010\, DEFAULT_JVM_OPTS="-Xmx1g", PATHEXT=.COM;.EXE;.BAT;.CMD;.VBS;.VBE;.JS;.JSE;.WSF;.WSH;.MSC, DriverData=C:\Windows\System32\Drivers\DriverData, IntelliJ IDEA Community Edition=C:\Program Files\JetBrains\IntelliJ IDEA Community Edition 2022.3.1\bin;, EFC_6572_1592913036=1, ProgramData=C:\ProgramData, ProgramW6432=C:\Program Files, __PSLockDownPolicy=0, HOMEPATH=\Users\bunde, PROCESSOR_IDENTIFIER=Intel64 Family 6 Model 154 Stepping 4, GenuineIntel, ProgramFiles=C:\Program Files, PUBLIC=C:\Users\Public, windir=C:\WINDOWS, =::=::\, ZES_ENABLE_SYSMAN=1, _SKIP=2, IGCCSVC_DB=AQAAANCMnd8BFdERjHoAwE/Cl+sBAAAAktJ6yqXL90Gzyc+lDAKipgQAAAACAAAAAAAQZgAAAAEAACAAAAAF+r1sBB1No9pDKg/4axI8er2yg3GflDMwWml8meTyPwAAAAAOgAAAAAIAACAAAABUxgjv8bX6sQNCfT0HETjfirFPMVE1PTvCasfqei1ABGAAAADPAwirv2IQWr9txk6LTFFxTMPsnr8gbI5JCkFD4Ng0lsnp+aC/7lMg8Q9WU+MxL/5lrlXm5ILC8KVUMAWP1O30AIyzlGNzCoYvqj6BM2kLbOgzQ6ih6lzCgbI4EAhWVMpAAAAAyjQQLW72KtzEgqKtj0mASXyUBKZUWDLOxthjpHYP35qt3xKqeFM7ZD96trPm5AK31tYb9MO6WYyP9KFnD0EenA==, LOCALAPPDATA=C:\Users\bunde\AppData\Local, USERDOMAIN=LAPTOP-LJV63B5C, LOGONSERVER=\\LAPTOP-LJV63B5C, JAVA_HOME=C:\Program Files\Java\jdk1.8.0_181, PROMPT=$P$G, ANT_HOME=C:\Program Files\apache-ant-1.8.2, OneDrive=C:\Users\bunde\OneDrive, =C:=C:\Guidewire\PolicyCenter1010, APPDATA=C:\Users\bunde\AppData\Roaming, JAVA_EXE=C:\Program Files\Java\jdk1.8.0_181/bin/java.exe, CommonProgramFiles=C:\Program Files\Common Files, Path=C:\Program Files\Common Files\Oracle\Java\javapath;C:\Program Files (x86)\Common Files\Oracle\Java\javapath;C:\WINDOWS\system32;C:\WINDOWS;C:\WINDOWS\System32\Wbem;C:\WINDOWS\System32\WindowsPowerShell\v1.0\;C:\WINDOWS\System32\OpenSSH\;C:\Program Files\Java\jdk1.8.0_181\bin;C:\Program Files\apache-ant-1.8.2\bin;C:\Program Files\PuTTY\;C:\Program Files\TortoiseGit\bin;C:\Program Files\Git\cmd;C:\Program Files\nodejs\;C:\Program Files\dotnet\;C:\Program Files (x86)\Microsoft SQL Server\160\Tools\Binn\;C:\Program Files\Microsoft SQL Server\160\Tools\Binn\;C:\Program Files\Microsoft SQL Server\Client SDK\ODBC\170\Tools\Binn\;C:\Program Files\Microsoft SQL Server\160\DTS\Binn\;C:\Program Files (x86)\Microsoft SQL Server\160\DTS\Binn\;C:\Users\bunde\AppData\Local\Programs\Python\Python312\Scripts\;C:\Users\bunde\AppData\Local\Programs\Python\Python312\;C:\Users\bunde\AppData\Local\Programs\Python\Launcher\;C:\Users\bunde\AppData\Local\Microsoft\WindowsApps;C:\Program Files\Java\jdk1.8.0_181\bin;C:\Program Files\apache-ant-1.8.2\bin;;C:\Program Files\JetBrains\IntelliJ IDEA Community Edition 2022.3.1\bin;;C:\Users\bunde\AppData\Local\Programs\Microsoft VS Code\bin;C:\Users\bunde\AppData\Roaming\npm, OS=Windows_NT, COMPUTERNAME=LAPTOP-LJV63B5C, PROCESSOR_REVISION=9a04, CLASSPATH=C:\Guidewire\PolicyCenter1010\\gradle\wrapper\gradle-wrapper.jar, CommonProgramW6432=C:\Program Files\Common Files, ComSpec=C:\WINDOWS\system32\cmd.exe, APP_BASE_NAME=gwb, SystemRoot=C:\WINDOWS, TEMP=C:\Users\bunde\AppData\Local\Temp, HOMEDRIVE=C:, USERPROFILE=C:\Users\bunde, TMP=C:\Users\bunde\AppData\Local\Temp, CommonProgramFiles(x86)=C:\Program Files (x86)\Common Files, NUMBER_OF_PROCESSORS=12}
2025-11-05T10:14:28.152+0530 [DEBUG] [org.gradle.launcher.daemon.server.exec.LogToClient] About to start relaying all logs to the client via the connection.
2025-11-05T10:14:28.152+0530 [INFO] [org.gradle.launcher.daemon.server.exec.LogToClient] The client will now receive all logging from the daemon (pid: 24228). The daemon log file: C:\Guidewire\PolicyCenter1010\gradle\cache\daemon\6.0.1\daemon-24228.out.log
2025-11-05T10:14:28.155+0530 [DEBUG] [org.gradle.launcher.daemon.server.exec.RequestStopIfSingleUsedDaemon] Requesting daemon stop after processing Build{id=e7431cd8-f0e5-435d-b355-68905f2e7edf, currentDir=C:\Guidewire\PolicyCenter1010}
2025-11-05T10:14:28.155+0530 [LIFECYCLE] [org.gradle.launcher.daemon.server.DaemonStateCoordinator] Daemon will be stopped at the end of the build stopping after processing
2025-11-05T10:14:28.156+0530 [DEBUG] [org.gradle.launcher.daemon.server.DaemonStateCoordinator] Stop as soon as idle requested. The daemon is busy: true
2025-11-05T10:14:28.156+0530 [DEBUG] [org.gradle.launcher.daemon.server.DaemonStateCoordinator] daemon stop has been requested. Sleeping until state changes.
2025-11-05T10:14:28.161+0530 [DEBUG] [org.gradle.launcher.daemon.server.exec.ExecuteBuild] The daemon has started executing the build.
2025-11-05T10:14:28.162+0530 [DEBUG] [org.gradle.launcher.daemon.server.exec.ExecuteBuild] Executing build with daemon context: DefaultDaemonContext[uid=9ab4d1a0-e70a-428c-aea6-1a619963ab24,javaHome=C:\Program Files\Java\jdk1.8.0_181,daemonRegistryDir=C:\Guidewire\PolicyCenter1010\gradle\cache\daemon,pid=24228,idleTimeout=120000,priority=NORMAL,daemonOpts=-Xms1g,-Xmx4g,-Dfile.encoding=windows-1252,-Duser.country=IN,-Duser.language=en,-Duser.variant]
Importing POM com.guidewire.pc:pc-parent:10.1.0
Importing parent POM com.guidewire.pc:pc-all:10.1.0
Importing POM com.guidewire.pc:pc-all:10.1.0
Generating C:\Guidewire\PolicyCenter1010\.idea\settings\idea.properties file
Generating C:\Guidewire\PolicyCenter1010\.idea\settings\config\options\other.xml file
Generating C:\Guidewire\PolicyCenter1010\.idea\settings\config\options\recentProjects.xml file
Using bundled jre: C:\Guidewire\PolicyCenter1010\studio\sdk\jre\jre-win\bin\java.exe

Starting Guidewire Studio...

Deprecated Gradle features were used in this build, making it incompatible with Gradle 7.0.
Use '--warning-mode all' to show the individual deprecation warnings.
See https://docs.gradle.org/6.0.1/userguide/command_line_interface.html#sec:command_line_warnings

BUILD SUCCESSFUL in 28s
7 actionable tasks: 7 executed
2025-11-05T10:14:45.613+0530 [DEBUG] [org.gradle.launcher.daemon.server.exec.ExecuteBuild] The daemon has finished executing the build.
2025-11-05T10:14:45.630+0530 [DEBUG] [org.gradle.launcher.daemon.server.DaemonStateCoordinator] daemon stop has been requested. Sleeping until state changes.
2025-11-05T10:14:45.631+0530 [DEBUG] [org.gradle.launcher.daemon.server.DaemonStateCoordinator] Command execution: finished waiting for DaemonCommandExecution[command = Build{id=e7431cd8-f0e5-435d-b355-68905f2e7edf, currentDir=C:\Guidewire\PolicyCenter1010}, connection = DefaultDaemonConnection: socket connection from /127.0.0.1:59993 to /127.0.0.1:59994]. Result org.gradle.launcher.daemon.server.DaemonStateCoordinator@5509d88 with state StopRequested
2025-11-05T10:14:45.632+0530 [DEBUG] [org.gradle.launcher.daemon.server.DaemonStateCoordinator] Command execution: completed DaemonCommandExecution[command = Build{id=e7431cd8-f0e5-435d-b355-68905f2e7edf, currentDir=C:\Guidewire\PolicyCenter1010}, connection = DefaultDaemonConnection: socket connection from /127.0.0.1:59993 to /127.0.0.1:59994]
2025-11-05T10:14:45.632+0530 [DEBUG] [org.gradle.launcher.daemon.server.DaemonStateCoordinator] resetting idle timer
2025-11-05T10:14:45.632+0530 [DEBUG] [org.gradle.launcher.daemon.server.DaemonStateCoordinator] Marking daemon stopped due to command completed and stop requested. The daemon is running a build: false
2025-11-05T10:14:45.632+0530 [DEBUG] [org.gradle.launcher.daemon.server.DaemonStateCoordinator] daemon has stopped.
2025-11-05T10:14:45.632+0530 [DEBUG] [org.gradle.launcher.daemon.server.exec.ReturnResult] Daemon is dispatching the build result: Success[value=org.gradle.launcher.exec.BuildActionResult@20d432bf]
2025-11-05T10:14:45.633+0530 [DEBUG] [org.gradle.launcher.daemon.server.SynchronizedDispatchConnection] thread 17: dispatching class org.gradle.launcher.daemon.protocol.Success
2025-11-05T10:14:45.633+0530 [DEBUG] [org.gradle.launcher.daemon.server.Daemon] stop() called on daemon
2025-11-05T10:14:45.633+0530 [INFO] [org.gradle.launcher.daemon.server.Daemon] Stop requested. Daemon is removing its presence from the registry...
2025-11-05T10:14:45.633+0530 [DEBUG] [org.gradle.launcher.daemon.server.DefaultIncomingConnectionHandler] Finishing executing command: Build{id=e7431cd8-f0e5-435d-b355-68905f2e7edf, currentDir=C:\Guidewire\PolicyCenter1010}
2025-11-05T10:14:45.633+0530 [DEBUG] [org.gradle.launcher.daemon.server.DaemonRegistryUpdater] Removing our presence to clients, eg. removing this address from the registry: [039d497a-4ae8-4433-bea8-1a31898738ad port:59993, addresses:[/127.0.0.1, /0:0:0:0:0:0:0:1]]
2025-11-05T10:14:45.634+0530 [DEBUG] [org.gradle.launcher.daemon.registry.PersistentDaemonRegistry] Removing daemon address: [039d497a-4ae8-4433-bea8-1a31898738ad port:59993, addresses:[/127.0.0.1, /0:0:0:0:0:0:0:1]]
2025-11-05T10:14:45.636+0530 [DEBUG] [org.gradle.cache.internal.DefaultFileLockManager] Waiting to acquire exclusive lock on daemon addresses registry.
2025-11-05T10:14:45.636+0530 [DEBUG] [org.gradle.launcher.daemon.server.SynchronizedDispatchConnection] thread 18: received class org.gradle.launcher.daemon.protocol.CloseInput
2025-11-05T10:14:45.636+0530 [DEBUG] [org.gradle.launcher.daemon.server.DefaultDaemonConnection] thread 18: Received IO message from client: org.gradle.launcher.daemon.protocol.CloseInput@5b894d7f
2025-11-05T10:14:45.637+0530 [DEBUG] [org.gradle.cache.internal.DefaultFileLockManager] Lock acquired on daemon addresses registry.
2025-11-05T10:14:45.637+0530 [DEBUG] [org.gradle.launcher.daemon.server.SynchronizedDispatchConnection] thread 18: received class org.gradle.launcher.daemon.protocol.Finished
2025-11-05T10:14:45.637+0530 [DEBUG] [org.gradle.launcher.daemon.server.DefaultDaemonConnection] thread 18: Received non-IO message from client: org.gradle.launcher.daemon.protocol.Finished@afd6ebc
2025-11-05T10:14:45.637+0530 [DEBUG] [org.gradle.launcher.daemon.server.DefaultIncomingConnectionHandler] Received finished message: org.gradle.launcher.daemon.protocol.Finished@afd6ebc
2025-11-05T10:14:45.638+0530 [DEBUG] [org.gradle.launcher.daemon.server.SynchronizedDispatchConnection] thread 17: stopping connection
2025-11-05T10:14:45.638+0530 [DEBUG] [org.gradle.cache.internal.DefaultFileLockManager] Releasing lock on daemon addresses registry.
2025-11-05T10:14:45.639+0530 [DEBUG] [org.gradle.launcher.daemon.server.DaemonRegistryUpdater] Address removed from registry.
2025-11-05T10:14:45.639+0530 [DEBUG] [org.gradle.internal.remote.internal.inet.SocketConnection] Discarding EOFException: java.io.EOFException
2025-11-05T10:14:45.640+0530 [DEBUG] [org.gradle.launcher.daemon.server.SynchronizedDispatchConnection] thread 18: received null
2025-11-05T10:14:45.640+0530 [DEBUG] [org.gradle.launcher.daemon.server.DefaultDaemonConnection] thread 18: Received end-of-input from client.
2025-11-05T10:14:45.640+0530 [DEBUG] [org.gradle.launcher.daemon.server.SynchronizedDispatchConnection] thread 17: stopping connection
2025-11-05T10:14:45.641+0530 [DEBUG] [org.gradle.cache.internal.LockOnDemandCrossProcessCacheAccess] Releasing file lock for jars (C:\Guidewire\PolicyCenter1010\gradle\cache\caches\jars-3)
2025-11-05T10:14:45.641+0530 [DEBUG] [org.gradle.cache.internal.DefaultFileLockManager] Releasing lock on jars (C:\Guidewire\PolicyCenter1010\gradle\cache\caches\jars-3).
2025-11-05T10:14:45.643+0530 [DEBUG] [org.gradle.cache.internal.DefaultPersistentDirectoryStore] jars (C:\Guidewire\PolicyCenter1010\gradle\cache\caches\jars-3) has last been fully cleaned up 19 hours ago
2025-11-05T10:14:45.646+0530 [DEBUG] [org.gradle.cache.internal.LockOnDemandCrossProcessCacheAccess] Releasing file lock for file hash cache (C:\Guidewire\PolicyCenter1010\gradle\cache\caches\6.0.1\fileHashes)
2025-11-05T10:14:45.647+0530 [DEBUG] [org.gradle.cache.internal.btree.BTreePersistentIndexedCache] Closing cache fileHashes.bin (C:\Guidewire\PolicyCenter1010\gradle\cache\caches\6.0.1\fileHashes\fileHashes.bin)
2025-11-05T10:14:45.648+0530 [DEBUG] [org.gradle.cache.internal.btree.BTreePersistentIndexedCache] Closing cache resourceHashesCache.bin (C:\Guidewire\PolicyCenter1010\gradle\cache\caches\6.0.1\fileHashes\resourceHashesCache.bin)
2025-11-05T10:14:45.649+0530 [DEBUG] [org.gradle.cache.internal.DefaultFileLockManager] Releasing lock on file hash cache (C:\Guidewire\PolicyCenter1010\gradle\cache\caches\6.0.1\fileHashes).
2025-11-05T10:14:45.650+0530 [DEBUG] [org.gradle.cache.internal.DefaultCacheAccess] Cache Generated Gradle JARs cache (C:\Guidewire\PolicyCenter1010\gradle\cache\caches\6.0.1\generated-gradle-jars) was closed 0 times.
2025-11-05T10:14:45.651+0530 [DEBUG] [org.gradle.cache.internal.DefaultPersistentDirectoryStore] artifact cache (C:\Guidewire\PolicyCenter1010\gradle\cache\caches\modules-2) has last been fully cleaned up 19 hours ago
2025-11-05T10:14:45.651+0530 [DEBUG] [org.gradle.cache.internal.DefaultCacheAccess] Cache artifact cache (C:\Guidewire\PolicyCenter1010\gradle\cache\caches\modules-2) was closed 0 times.
2025-11-05T10:14:45.652+0530 [DEBUG] [org.gradle.cache.internal.DefaultPersistentDirectoryStore] Artifact transforms cache (C:\Guidewire\PolicyCenter1010\gradle\cache\caches\transforms-2) has last been fully cleaned up 19 hours ago
2025-11-05T10:14:45.652+0530 [DEBUG] [org.gradle.cache.internal.DefaultCacheAccess] Cache Artifact transforms cache (C:\Guidewire\PolicyCenter1010\gradle\cache\caches\transforms-2) was closed 0 times.
2025-11-05T10:14:45.652+0530 [DEBUG] [org.gradle.cache.internal.LockOnDemandCrossProcessCacheAccess] Releasing file lock for journal cache (C:\Guidewire\PolicyCenter1010\gradle\cache\caches\journal-1)
2025-11-05T10:14:45.652+0530 [DEBUG] [org.gradle.cache.internal.btree.BTreePersistentIndexedCache] Closing cache file-access.bin (C:\Guidewire\PolicyCenter1010\gradle\cache\caches\journal-1\file-access.bin)
2025-11-05T10:14:45.653+0530 [DEBUG] [org.gradle.cache.internal.DefaultFileLockManager] Releasing lock on journal cache (C:\Guidewire\PolicyCenter1010\gradle\cache\caches\journal-1).
2025-11-05T10:14:45.654+0530 [DEBUG] [org.gradle.cache.internal.LockOnDemandCrossProcessCacheAccess] Releasing file lock for execution history cache (C:\Guidewire\PolicyCenter1010\gradle\cache\caches\6.0.1\executionHistory)
2025-11-05T10:14:45.654+0530 [DEBUG] [org.gradle.cache.internal.DefaultFileLockManager] Releasing lock on execution history cache (C:\Guidewire\PolicyCenter1010\gradle\cache\caches\6.0.1\executionHistory).
Daemon vm is shutting down... The daemon has exited normally or was terminated in response to a user interrupt.
2025-11-05T10:14:45.656+0530 [DEBUG] [org.gradle.launcher.daemon.registry.PersistentDaemonRegistry] Removing daemon address: [039d497a-4ae8-4433-bea8-1a31898738ad port:59993, addresses:[/127.0.0.1, /0:0:0:0:0:0:0:1]]
2025-11-05T10:14:45.657+0530 [DEBUG] [org.gradle.cache.internal.DefaultFileLockManager] Waiting to acquire exclusive lock on daemon addresses registry.
2025-11-05T10:14:45.657+0530 [DEBUG] [org.gradle.cache.internal.DefaultFileLockManager] Lock acquired on daemon addresses registry.
2025-11-05T10:14:45.659+0530 [DEBUG] [org.gradle.cache.internal.DefaultFileLockManager] Releasing lock on daemon addresses registry.
