2026-02-03T11:05:36.445+0530 [DEBUG] [org.gradle.launcher.daemon.bootstrap.DaemonMain] Assuming the daemon was started with following jvm opts: [-Xms1g, -Xmx4g, -Dfile.encoding=windows-1252, -Duser.country=IN, -Duser.language=en, -Duser.variant]
2026-02-03T11:05:36.588+0530 [DEBUG] [org.gradle.internal.nativeintegration.services.NativeServices] Native-platform posix files integration is not available. Continuing with fallback.
2026-02-03T11:05:36.723+0530 [INFO] [org.gradle.launcher.daemon.server.Daemon] start() called on daemon - DefaultDaemonContext[uid=01f0c0f5-cdd0-45e1-a5f1-8db7f17285b0,javaHome=C:\Program Files\Java\jdk1.8.0_181,daemonRegistryDir=C:\Guidewire\PolicyCenter1010\gradle\cache\daemon,pid=20144,idleTimeout=120000,priority=NORMAL,daemonOpts=-Xms1g,-Xmx4g,-Dfile.encoding=windows-1252,-Duser.country=IN,-Duser.language=en,-Duser.variant]
2026-02-03T11:05:37.487+0530 [DEBUG] [org.gradle.internal.remote.internal.inet.InetAddresses] Adding IP addresses for network interface Software Loopback Interface 1
2026-02-03T11:05:37.493+0530 [DEBUG] [org.gradle.internal.remote.internal.inet.InetAddresses] Is this a loopback interface? true
2026-02-03T11:05:37.503+0530 [DEBUG] [org.gradle.internal.remote.internal.inet.InetAddresses] Adding loopback address /127.0.0.1
2026-02-03T11:05:37.504+0530 [DEBUG] [org.gradle.internal.remote.internal.inet.InetAddresses] Adding loopback address /0:0:0:0:0:0:0:1
2026-02-03T11:05:37.513+0530 [DEBUG] [org.gradle.internal.remote.internal.inet.InetAddresses] Adding IP addresses for network interface Microsoft 6to4 Adapter
2026-02-03T11:05:37.519+0530 [DEBUG] [org.gradle.internal.remote.internal.inet.InetAddresses] Is this a loopback interface? false
2026-02-03T11:05:37.520+0530 [DEBUG] [org.gradle.internal.remote.internal.inet.InetAddresses] Adding IP addresses for network interface Microsoft Kernel Debug Network Adapter
2026-02-03T11:05:37.526+0530 [DEBUG] [org.gradle.internal.remote.internal.inet.InetAddresses] Is this a loopback interface? false
2026-02-03T11:05:37.526+0530 [DEBUG] [org.gradle.internal.remote.internal.inet.InetAddresses] Adding IP addresses for network interface RAS Async Adapter
2026-02-03T11:05:37.532+0530 [DEBUG] [org.gradle.internal.remote.internal.inet.InetAddresses] Is this a loopback interface? false
2026-02-03T11:05:37.532+0530 [DEBUG] [org.gradle.internal.remote.internal.inet.InetAddresses] Adding IP addresses for network interface Microsoft IP-HTTPS Platform Adapter
2026-02-03T11:05:37.537+0530 [DEBUG] [org.gradle.internal.remote.internal.inet.InetAddresses] Is this a loopback interface? false
2026-02-03T11:05:37.538+0530 [DEBUG] [org.gradle.internal.remote.internal.inet.InetAddresses] Adding IP addresses for network interface WAN Miniport (IP)
2026-02-03T11:05:37.543+0530 [DEBUG] [org.gradle.internal.remote.internal.inet.InetAddresses] Is this a loopback interface? false
2026-02-03T11:05:37.544+0530 [DEBUG] [org.gradle.internal.remote.internal.inet.InetAddresses] Adding IP addresses for network interface WAN Miniport (IPv6)
2026-02-03T11:05:37.551+0530 [DEBUG] [org.gradle.internal.remote.internal.inet.InetAddresses] Is this a loopback interface? false
2026-02-03T11:05:37.551+0530 [DEBUG] [org.gradle.internal.remote.internal.inet.InetAddresses] Adding IP addresses for network interface Intel(R) Wi-Fi 6 AX201 160MHz
2026-02-03T11:05:37.557+0530 [DEBUG] [org.gradle.internal.remote.internal.inet.InetAddresses] Is this a loopback interface? false
2026-02-03T11:05:37.558+0530 [DEBUG] [org.gradle.internal.remote.internal.inet.InetAddresses] Adding remote address /192.168.1.5
2026-02-03T11:05:37.558+0530 [DEBUG] [org.gradle.internal.remote.internal.inet.InetAddresses] Adding remote address /2407:1140:9:79f7:6cae:701c:19f9:214a
2026-02-03T11:05:37.559+0530 [DEBUG] [org.gradle.internal.remote.internal.inet.InetAddresses] Adding remote address /2407:1140:9:79f7:2cbf:5346:7171:4a6f
2026-02-03T11:05:37.559+0530 [DEBUG] [org.gradle.internal.remote.internal.inet.InetAddresses] Adding remote address /fe80:0:0:0:4780:c6ba:97a0:cae1%wlan0
2026-02-03T11:05:37.559+0530 [DEBUG] [org.gradle.internal.remote.internal.inet.InetAddresses] Adding IP addresses for network interface WAN Miniport (L2TP)
2026-02-03T11:05:37.565+0530 [DEBUG] [org.gradle.internal.remote.internal.inet.InetAddresses] Is this a loopback interface? false
2026-02-03T11:05:37.566+0530 [DEBUG] [org.gradle.internal.remote.internal.inet.InetAddresses] Adding IP addresses for network interface Microsoft Wi-Fi Direct Virtual Adapter #2
2026-02-03T11:05:37.572+0530 [DEBUG] [org.gradle.internal.remote.internal.inet.InetAddresses] Is this a loopback interface? false
2026-02-03T11:05:37.572+0530 [DEBUG] [org.gradle.internal.remote.internal.inet.InetAddresses] Adding remote address /fe80:0:0:0:3508:ded:7319:fa3e%wlan1
2026-02-03T11:05:37.573+0530 [DEBUG] [org.gradle.internal.remote.internal.inet.InetAddresses] Adding IP addresses for network interface WAN Miniport (PPPOE)
2026-02-03T11:05:37.579+0530 [DEBUG] [org.gradle.internal.remote.internal.inet.InetAddresses] Is this a loopback interface? false
2026-02-03T11:05:37.587+0530 [DEBUG] [org.gradle.internal.remote.internal.inet.InetAddresses] Adding IP addresses for network interface Microsoft Wi-Fi Direct Virtual Adapter
2026-02-03T11:05:37.594+0530 [DEBUG] [org.gradle.internal.remote.internal.inet.InetAddresses] Is this a loopback interface? false
2026-02-03T11:05:37.595+0530 [DEBUG] [org.gradle.internal.remote.internal.inet.InetAddresses] Adding remote address /fe80:0:0:0:3dee:4bca:2a97:6cf5%wlan2
2026-02-03T11:05:37.595+0530 [DEBUG] [org.gradle.internal.remote.internal.inet.InetAddresses] Adding IP addresses for network interface WAN Miniport (IKEv2)
2026-02-03T11:05:37.602+0530 [DEBUG] [org.gradle.internal.remote.internal.inet.InetAddresses] Is this a loopback interface? false
2026-02-03T11:05:37.603+0530 [DEBUG] [org.gradle.internal.remote.internal.inet.InetAddresses] Adding IP addresses for network interface Microsoft Teredo Tunneling Adapter
2026-02-03T11:05:37.610+0530 [DEBUG] [org.gradle.internal.remote.internal.inet.InetAddresses] Is this a loopback interface? false
2026-02-03T11:05:37.610+0530 [DEBUG] [org.gradle.internal.remote.internal.inet.InetAddresses] Adding IP addresses for network interface ASIX AX88179 USB 3.0 to Gigabit Ethernet Adapter
2026-02-03T11:05:37.619+0530 [DEBUG] [org.gradle.internal.remote.internal.inet.InetAddresses] Is this a loopback interface? false
2026-02-03T11:05:37.619+0530 [DEBUG] [org.gradle.internal.remote.internal.inet.InetAddresses] Adding IP addresses for network interface WAN Miniport (PPTP)
2026-02-03T11:05:37.626+0530 [DEBUG] [org.gradle.internal.remote.internal.inet.InetAddresses] Is this a loopback interface? false
2026-02-03T11:05:37.626+0530 [DEBUG] [org.gradle.internal.remote.internal.inet.InetAddresses] Adding IP addresses for network interface Bluetooth Device (Personal Area Network)
2026-02-03T11:05:37.633+0530 [DEBUG] [org.gradle.internal.remote.internal.inet.InetAddresses] Is this a loopback interface? false
2026-02-03T11:05:37.633+0530 [DEBUG] [org.gradle.internal.remote.internal.inet.InetAddresses] Adding IP addresses for network interface WAN Miniport (Network Monitor)
2026-02-03T11:05:37.640+0530 [DEBUG] [org.gradle.internal.remote.internal.inet.InetAddresses] Is this a loopback interface? false
2026-02-03T11:05:37.641+0530 [DEBUG] [org.gradle.internal.remote.internal.inet.InetAddresses] Adding IP addresses for network interface WAN Miniport (SSTP)
2026-02-03T11:05:37.647+0530 [DEBUG] [org.gradle.internal.remote.internal.inet.InetAddresses] Is this a loopback interface? false
2026-02-03T11:05:37.648+0530 [DEBUG] [org.gradle.internal.remote.internal.inet.InetAddresses] Adding IP addresses for network interface Intel(R) Wi-Fi 6 AX201 160MHz-WFP Native MAC Layer LightWeight Filter-0000
2026-02-03T11:05:37.654+0530 [DEBUG] [org.gradle.internal.remote.internal.inet.InetAddresses] Is this a loopback interface? false
2026-02-03T11:05:37.654+0530 [DEBUG] [org.gradle.internal.remote.internal.inet.InetAddresses] Adding IP addresses for network interface Intel(R) Wi-Fi 6 AX201 160MHz-Virtual WiFi Filter Driver-0000
2026-02-03T11:05:37.661+0530 [DEBUG] [org.gradle.internal.remote.internal.inet.InetAddresses] Is this a loopback interface? false
2026-02-03T11:05:37.661+0530 [DEBUG] [org.gradle.internal.remote.internal.inet.InetAddresses] Adding IP addresses for network interface Intel(R) Wi-Fi 6 AX201 160MHz-Native WiFi Filter Driver-0000
2026-02-03T11:05:37.667+0530 [DEBUG] [org.gradle.internal.remote.internal.inet.InetAddresses] Is this a loopback interface? false
2026-02-03T11:05:37.668+0530 [DEBUG] [org.gradle.internal.remote.internal.inet.InetAddresses] Adding IP addresses for network interface Intel(R) Wi-Fi 6 AX201 160MHz-QoS Packet Scheduler-0000
2026-02-03T11:05:37.673+0530 [DEBUG] [org.gradle.internal.remote.internal.inet.InetAddresses] Is this a loopback interface? false
2026-02-03T11:05:37.674+0530 [DEBUG] [org.gradle.internal.remote.internal.inet.InetAddresses] Adding IP addresses for network interface Intel(R) Wi-Fi 6 AX201 160MHz-WFP 802.3 MAC Layer LightWeight Filter-0000
2026-02-03T11:05:37.679+0530 [DEBUG] [org.gradle.internal.remote.internal.inet.InetAddresses] Is this a loopback interface? false
2026-02-03T11:05:37.680+0530 [DEBUG] [org.gradle.internal.remote.internal.inet.InetAddresses] Adding IP addresses for network interface Microsoft Wi-Fi Direct Virtual Adapter-WFP Native MAC Layer LightWeight Filter-0000
2026-02-03T11:05:37.685+0530 [DEBUG] [org.gradle.internal.remote.internal.inet.InetAddresses] Is this a loopback interface? false
2026-02-03T11:05:37.685+0530 [DEBUG] [org.gradle.internal.remote.internal.inet.InetAddresses] Adding IP addresses for network interface Microsoft Wi-Fi Direct Virtual Adapter-Native WiFi Filter Driver-0000
2026-02-03T11:05:37.691+0530 [DEBUG] [org.gradle.internal.remote.internal.inet.InetAddresses] Is this a loopback interface? false
2026-02-03T11:05:37.691+0530 [DEBUG] [org.gradle.internal.remote.internal.inet.InetAddresses] Adding IP addresses for network interface Microsoft Wi-Fi Direct Virtual Adapter-QoS Packet Scheduler-0000
2026-02-03T11:05:37.697+0530 [DEBUG] [org.gradle.internal.remote.internal.inet.InetAddresses] Is this a loopback interface? false
2026-02-03T11:05:37.698+0530 [DEBUG] [org.gradle.internal.remote.internal.inet.InetAddresses] Adding IP addresses for network interface Microsoft Wi-Fi Direct Virtual Adapter-WFP 802.3 MAC Layer LightWeight Filter-0000
2026-02-03T11:05:37.703+0530 [DEBUG] [org.gradle.internal.remote.internal.inet.InetAddresses] Is this a loopback interface? false
2026-02-03T11:05:37.704+0530 [DEBUG] [org.gradle.internal.remote.internal.inet.InetAddresses] Adding IP addresses for network interface Microsoft Wi-Fi Direct Virtual Adapter #2-WFP Native MAC Layer LightWeight Filter-0000
2026-02-03T11:05:37.710+0530 [DEBUG] [org.gradle.internal.remote.internal.inet.InetAddresses] Is this a loopback interface? false
2026-02-03T11:05:37.710+0530 [DEBUG] [org.gradle.internal.remote.internal.inet.InetAddresses] Adding IP addresses for network interface Microsoft Wi-Fi Direct Virtual Adapter #2-Native WiFi Filter Driver-0000
2026-02-03T11:05:37.717+0530 [DEBUG] [org.gradle.internal.remote.internal.inet.InetAddresses] Is this a loopback interface? false
2026-02-03T11:05:37.717+0530 [DEBUG] [org.gradle.internal.remote.internal.inet.InetAddresses] Adding IP addresses for network interface Microsoft Wi-Fi Direct Virtual Adapter #2-QoS Packet Scheduler-0000
2026-02-03T11:05:37.723+0530 [DEBUG] [org.gradle.internal.remote.internal.inet.InetAddresses] Is this a loopback interface? false
2026-02-03T11:05:37.724+0530 [DEBUG] [org.gradle.internal.remote.internal.inet.InetAddresses] Adding IP addresses for network interface Microsoft Wi-Fi Direct Virtual Adapter #2-WFP 802.3 MAC Layer LightWeight Filter-0000
2026-02-03T11:05:37.729+0530 [DEBUG] [org.gradle.internal.remote.internal.inet.InetAddresses] Is this a loopback interface? false
2026-02-03T11:05:37.744+0530 [DEBUG] [org.gradle.internal.remote.internal.inet.TcpIncomingConnector] Listening on [432b758f-4e90-4b18-9df0-5ff0e6bb9df8 port:62511, addresses:[/127.0.0.1, /0:0:0:0:0:0:0:1]].
2026-02-03T11:05:37.756+0530 [DEBUG] [org.gradle.launcher.daemon.server.Daemon] Daemon starting at: Tue Feb 03 11:05:37 IST 2026, with address: [432b758f-4e90-4b18-9df0-5ff0e6bb9df8 port:62511, addresses:[/127.0.0.1, /0:0:0:0:0:0:0:1]]
2026-02-03T11:05:37.757+0530 [INFO] [org.gradle.launcher.daemon.server.DaemonRegistryUpdater] Advertising the daemon address to the clients: [432b758f-4e90-4b18-9df0-5ff0e6bb9df8 port:62511, addresses:[/127.0.0.1, /0:0:0:0:0:0:0:1]]
2026-02-03T11:05:37.758+0530 [DEBUG] [org.gradle.launcher.daemon.server.DaemonRegistryUpdater] Advertised daemon context: DefaultDaemonContext[uid=01f0c0f5-cdd0-45e1-a5f1-8db7f17285b0,javaHome=C:\Program Files\Java\jdk1.8.0_181,daemonRegistryDir=C:\Guidewire\PolicyCenter1010\gradle\cache\daemon,pid=20144,idleTimeout=120000,priority=NORMAL,daemonOpts=-Xms1g,-Xmx4g,-Dfile.encoding=windows-1252,-Duser.country=IN,-Duser.language=en,-Duser.variant]
2026-02-03T11:05:37.761+0530 [DEBUG] [org.gradle.launcher.daemon.registry.PersistentDaemonRegistry] Storing daemon address: [432b758f-4e90-4b18-9df0-5ff0e6bb9df8 port:62511, addresses:[/127.0.0.1, /0:0:0:0:0:0:0:1]], context: DefaultDaemonContext[uid=01f0c0f5-cdd0-45e1-a5f1-8db7f17285b0,javaHome=C:\Program Files\Java\jdk1.8.0_181,daemonRegistryDir=C:\Guidewire\PolicyCenter1010\gradle\cache\daemon,pid=20144,idleTimeout=120000,priority=NORMAL,daemonOpts=-Xms1g,-Xmx4g,-Dfile.encoding=windows-1252,-Duser.country=IN,-Duser.language=en,-Duser.variant]
2026-02-03T11:05:37.801+0530 [DEBUG] [org.gradle.cache.internal.DefaultFileLockManager] Waiting to acquire exclusive lock on daemon addresses registry.
2026-02-03T11:05:37.810+0530 [DEBUG] [org.gradle.cache.internal.DefaultFileLockManager] Lock acquired on daemon addresses registry.
2026-02-03T11:05:37.823+0530 [DEBUG] [org.gradle.cache.internal.DefaultFileLockManager] Releasing lock on daemon addresses registry.
2026-02-03T11:05:37.825+0530 [LIFECYCLE] [org.gradle.launcher.daemon.server.Daemon] Daemon server started.
2026-02-03T11:05:37.829+0530 [DEBUG] [org.gradle.launcher.daemon.bootstrap.DaemonStartupCommunication] Completed writing the daemon greeting. Closing streams...
2026-02-03T11:05:37.848+0530 [DEBUG] [org.gradle.launcher.daemon.server.Daemon] stopOnExpiration() called on daemon
2026-02-03T11:05:37.852+0530 [DEBUG] [org.gradle.launcher.daemon.server.Daemon] awaitExpiration() called on daemon
2026-02-03T11:05:37.855+0530 [DEBUG] [org.gradle.launcher.daemon.server.DaemonStateCoordinator] daemon is running. Sleeping until state changes.
2026-02-03T11:05:38.357+0530 [DEBUG] [org.gradle.internal.remote.internal.inet.TcpIncomingConnector] Accepted connection from /127.0.0.1:62512 to /127.0.0.1:62511.
2026-02-03T11:05:38.437+0530 [DEBUG] [org.gradle.launcher.daemon.server.SynchronizedDispatchConnection] thread 18: received class org.gradle.launcher.daemon.protocol.Build
2026-02-03T11:05:38.438+0530 [DEBUG] [org.gradle.launcher.daemon.server.DefaultDaemonConnection] thread 18: Received non-IO message from client: Build{id=31163e14-ba10-42fc-ac5e-36d1006bb38c, currentDir=C:\Guidewire\PolicyCenter1010}
2026-02-03T11:05:38.438+0530 [INFO] [org.gradle.launcher.daemon.server.DefaultIncomingConnectionHandler] Received command: Build{id=31163e14-ba10-42fc-ac5e-36d1006bb38c, currentDir=C:\Guidewire\PolicyCenter1010}.
2026-02-03T11:05:38.438+0530 [DEBUG] [org.gradle.launcher.daemon.server.DefaultIncomingConnectionHandler] Starting executing command: Build{id=31163e14-ba10-42fc-ac5e-36d1006bb38c, currentDir=C:\Guidewire\PolicyCenter1010} with connection: socket connection from /127.0.0.1:62511 to /127.0.0.1:62512.
2026-02-03T11:05:38.442+0530 [ERROR] [org.gradle.launcher.daemon.server.DaemonStateCoordinator] Command execution: started DaemonCommandExecution[command = Build{id=31163e14-ba10-42fc-ac5e-36d1006bb38c, currentDir=C:\Guidewire\PolicyCenter1010}, connection = DefaultDaemonConnection: socket connection from /127.0.0.1:62511 to /127.0.0.1:62512] after 0.0 minutes of idle
2026-02-03T11:05:38.443+0530 [INFO] [org.gradle.launcher.daemon.server.DaemonRegistryUpdater] Marking the daemon as busy, address: [432b758f-4e90-4b18-9df0-5ff0e6bb9df8 port:62511, addresses:[/127.0.0.1, /0:0:0:0:0:0:0:1]]
2026-02-03T11:05:38.443+0530 [DEBUG] [org.gradle.launcher.daemon.registry.PersistentDaemonRegistry] Marking busy by address: [432b758f-4e90-4b18-9df0-5ff0e6bb9df8 port:62511, addresses:[/127.0.0.1, /0:0:0:0:0:0:0:1]]
2026-02-03T11:05:38.445+0530 [DEBUG] [org.gradle.cache.internal.DefaultFileLockManager] Waiting to acquire exclusive lock on daemon addresses registry.
2026-02-03T11:05:38.446+0530 [DEBUG] [org.gradle.cache.internal.DefaultFileLockManager] Lock acquired on daemon addresses registry.
2026-02-03T11:05:38.449+0530 [DEBUG] [org.gradle.cache.internal.DefaultFileLockManager] Releasing lock on daemon addresses registry.
2026-02-03T11:05:38.450+0530 [DEBUG] [org.gradle.launcher.daemon.server.DaemonStateCoordinator] resetting idle timer
2026-02-03T11:05:38.450+0530 [DEBUG] [org.gradle.launcher.daemon.server.DaemonStateCoordinator] daemon is running. Sleeping until state changes.
2026-02-03T11:05:38.451+0530 [INFO] [org.gradle.launcher.daemon.server.exec.StartBuildOrRespondWithBusy] Daemon is about to start building Build{id=31163e14-ba10-42fc-ac5e-36d1006bb38c, currentDir=C:\Guidewire\PolicyCenter1010}. Dispatching build started information...
2026-02-03T11:05:38.452+0530 [DEBUG] [org.gradle.launcher.daemon.server.SynchronizedDispatchConnection] thread 20: dispatching class org.gradle.launcher.daemon.protocol.BuildStarted
2026-02-03T11:05:38.455+0530 [DEBUG] [org.gradle.launcher.daemon.server.exec.EstablishBuildEnvironment] Configuring env variables: {USERDOMAIN_ROAMINGPROFILE=LAPTOP-LJV63B5C, PROCESSOR_LEVEL=6, SESSIONNAME=Console, ALLUSERSPROFILE=C:\ProgramData, PROCESSOR_ARCHITECTURE=AMD64, PSModulePath=C:\Program Files\WindowsPowerShell\Modules;C:\WINDOWS\system32\WindowsPowerShell\v1.0\Modules;C:\Program Files (x86)\Microsoft SQL Server\130\Tools\PowerShell\Modules\;C:\Program Files (x86)\Microsoft SQL Server\160\Tools\PowerShell\Modules\, SystemDrive=C:, DIRNAME=C:\Guidewire\PolicyCenter1010\, USERNAME=bunde, CMD_LINE_ARGS=studio, ProgramFiles(x86)=C:\Program Files (x86), FPS_BROWSER_USER_PROFILE_STRING=Default, APP_HOME=C:\Guidewire\PolicyCenter1010\, DEFAULT_JVM_OPTS="-Xmx1g", PATHEXT=.COM;.EXE;.BAT;.CMD;.VBS;.VBE;.JS;.JSE;.WSF;.WSH;.MSC, DriverData=C:\Windows\System32\Drivers\DriverData, IntelliJ IDEA Community Edition=C:\Program Files\JetBrains\IntelliJ IDEA Community Edition 2022.3.1\bin;, EFC_7744_3789132940=1, ProgramData=C:\ProgramData, ProgramW6432=C:\Program Files, __PSLockDownPolicy=0, HOMEPATH=\Users\bunde, PROCESSOR_IDENTIFIER=Intel64 Family 6 Model 154 Stepping 4, GenuineIntel, ProgramFiles=C:\Program Files, PUBLIC=C:\Users\Public, windir=C:\WINDOWS, =::=::\, MSMPI_BENCHMARKS=C:\Program Files\Microsoft MPI\Benchmarks\, ZES_ENABLE_SYSMAN=1, _SKIP=2, IGCCSVC_DB=AQAAANCMnd8BFdERjHoAwE/Cl+sBAAAAktJ6yqXL90Gzyc+lDAKipgQAAAACAAAAAAAQZgAAAAEAACAAAAAF+r1sBB1No9pDKg/4axI8er2yg3GflDMwWml8meTyPwAAAAAOgAAAAAIAACAAAABUxgjv8bX6sQNCfT0HETjfirFPMVE1PTvCasfqei1ABGAAAADPAwirv2IQWr9txk6LTFFxTMPsnr8gbI5JCkFD4Ng0lsnp+aC/7lMg8Q9WU+MxL/5lrlXm5ILC8KVUMAWP1O30AIyzlGNzCoYvqj6BM2kLbOgzQ6ih6lzCgbI4EAhWVMpAAAAAyjQQLW72KtzEgqKtj0mASXyUBKZUWDLOxthjpHYP35qt3xKqeFM7ZD96trPm5AK31tYb9MO6WYyP9KFnD0EenA==, LOCALAPPDATA=C:\Users\bunde\AppData\Local, MSMPI_BIN=C:\Program Files\Microsoft MPI\Bin\, USERDOMAIN=LAPTOP-LJV63B5C, FPS_BROWSER_APP_PROFILE_STRING=Internet Explorer, LOGONSERVER=\\LAPTOP-LJV63B5C, JAVA_HOME=C:\Program Files\Java\jdk1.8.0_181, PROMPT=$P$G, ANT_HOME=C:\Program Files\apache-ant-1.8.2, EFC_7744_1262719628=1, OneDrive=C:\Users\bunde\OneDrive, =C:=C:\Guidewire\PolicyCenter1010, APPDATA=C:\Users\bunde\AppData\Roaming, JAVA_EXE=C:\Program Files\Java\jdk1.8.0_181/bin/java.exe, CommonProgramFiles=C:\Program Files\Common Files, EFC_7744_2283032206=1, Path=C:\Program Files\Microsoft MPI\Bin\;C:\Program Files\Common Files\Oracle\Java\javapath;C:\Program Files (x86)\Common Files\Oracle\Java\javapath;C:\WINDOWS\system32;C:\WINDOWS;C:\WINDOWS\System32\Wbem;C:\WINDOWS\System32\WindowsPowerShell\v1.0\;C:\WINDOWS\System32\OpenSSH\;C:\Program Files\Java\jdk1.8.0_181\bin;C:\Program Files\apache-ant-1.8.2\bin;C:\Program Files\PuTTY\;C:\Program Files\TortoiseGit\bin;C:\Program Files\Git\cmd;C:\Program Files\nodejs\;C:\Program Files\dotnet\;C:\Program Files (x86)\Microsoft SQL Server\Client SDK\ODBC\130\Tools\Binn\;C:\Program Files (x86)\Microsoft SQL Server\130\Tools\Binn\;C:\Program Files (x86)\Microsoft SQL Server\130\DTS\Binn\;C:\Program Files (x86)\Microsoft SQL Server\130\Tools\Binn\ManagementStudio\;C:\Program Files\Microsoft SQL Server\Client SDK\ODBC\130\Tools\Binn\;C:\Program Files (x86)\Microsoft SQL Server\160\Tools\Binn\;C:\Program Files\Microsoft SQL Server\160\Tools\Binn\;C:\Program Files\Microsoft SQL Server\Client SDK\ODBC\170\Tools\Binn\;C:\Program Files\Microsoft SQL Server\160\DTS\Binn\;C:\Users\bunde\AppData\Local\Programs\Python\Python312\Scripts\;C:\Users\bunde\AppData\Local\Programs\Python\Python312\;C:\Users\bunde\AppData\Local\Programs\Python\Launcher\;C:\Users\bunde\AppData\Local\Microsoft\WindowsApps;C:\Program Files\Java\jdk1.8.0_181\bin;C:\Program Files\apache-ant-1.8.2\bin;C:\Program Files\JetBrains\IntelliJ IDEA Community Edition 2022.3.1\bin;;C:\Users\bunde\AppData\Local\Programs\Microsoft VS Code\bin;C:\Users\bunde\AppData\Roaming\npm;, EFC_7744_2775293581=1, OS=Windows_NT, COMPUTERNAME=LAPTOP-LJV63B5C, PROCESSOR_REVISION=9a04, CLASSPATH=C:\Guidewire\PolicyCenter1010\\gradle\wrapper\gradle-wrapper.jar, CommonProgramW6432=C:\Program Files\Common Files, ComSpec=C:\WINDOWS\system32\cmd.exe, APP_BASE_NAME=gwb, EFC_7744_1592913036=1, SystemRoot=C:\WINDOWS, TEMP=C:\Users\bunde\AppData\Local\Temp, HOMEDRIVE=C:, USERPROFILE=C:\Users\bunde, TMP=C:\Users\bunde\AppData\Local\Temp, CommonProgramFiles(x86)=C:\Program Files (x86)\Common Files, NUMBER_OF_PROCESSORS=12}
2026-02-03T11:05:38.469+0530 [DEBUG] [org.gradle.launcher.daemon.server.exec.LogToClient] About to start relaying all logs to the client via the connection.
2026-02-03T11:05:38.470+0530 [INFO] [org.gradle.launcher.daemon.server.exec.LogToClient] The client will now receive all logging from the daemon (pid: 20144). The daemon log file: C:\Guidewire\PolicyCenter1010\gradle\cache\daemon\6.0.1\daemon-20144.out.log
2026-02-03T11:05:38.475+0530 [DEBUG] [org.gradle.launcher.daemon.server.exec.RequestStopIfSingleUsedDaemon] Requesting daemon stop after processing Build{id=31163e14-ba10-42fc-ac5e-36d1006bb38c, currentDir=C:\Guidewire\PolicyCenter1010}
2026-02-03T11:05:38.476+0530 [LIFECYCLE] [org.gradle.launcher.daemon.server.DaemonStateCoordinator] Daemon will be stopped at the end of the build stopping after processing
2026-02-03T11:05:38.476+0530 [DEBUG] [org.gradle.launcher.daemon.server.DaemonStateCoordinator] Stop as soon as idle requested. The daemon is busy: true
2026-02-03T11:05:38.477+0530 [DEBUG] [org.gradle.launcher.daemon.server.DaemonStateCoordinator] daemon stop has been requested. Sleeping until state changes.
2026-02-03T11:05:38.484+0530 [DEBUG] [org.gradle.launcher.daemon.server.exec.ExecuteBuild] The daemon has started executing the build.
2026-02-03T11:05:38.484+0530 [DEBUG] [org.gradle.launcher.daemon.server.exec.ExecuteBuild] Executing build with daemon context: DefaultDaemonContext[uid=01f0c0f5-cdd0-45e1-a5f1-8db7f17285b0,javaHome=C:\Program Files\Java\jdk1.8.0_181,daemonRegistryDir=C:\Guidewire\PolicyCenter1010\gradle\cache\daemon,pid=20144,idleTimeout=120000,priority=NORMAL,daemonOpts=-Xms1g,-Xmx4g,-Dfile.encoding=windows-1252,-Duser.country=IN,-Duser.language=en,-Duser.variant]
Importing POM com.guidewire.pc:pc-parent:10.1.0
Importing parent POM com.guidewire.pc:pc-all:10.1.0
Importing POM com.guidewire.pc:pc-all:10.1.0
Generating C:\Guidewire\PolicyCenter1010\.idea\settings\idea.properties file
Generating C:\Guidewire\PolicyCenter1010\.idea\settings\config\options\other.xml file
Generating C:\Guidewire\PolicyCenter1010\.idea\settings\config\options\recentProjects.xml file
Using bundled jre: C:\Guidewire\PolicyCenter1010\studio\sdk\jre\jre-win\bin\java.exe

Starting Guidewire Studio...

Deprecated Gradle features were used in this build, making it incompatible with Gradle 7.0.
Use '--warning-mode all' to show the individual deprecation warnings.
See https://docs.gradle.org/6.0.1/userguide/command_line_interface.html#sec:command_line_warnings

BUILD SUCCESSFUL in 44s
7 actionable tasks: 7 executed
2026-02-03T11:06:08.082+0530 [DEBUG] [org.gradle.launcher.daemon.server.exec.ExecuteBuild] The daemon has finished executing the build.
2026-02-03T11:06:08.101+0530 [DEBUG] [org.gradle.launcher.daemon.server.DaemonStateCoordinator] daemon stop has been requested. Sleeping until state changes.
2026-02-03T11:06:08.102+0530 [DEBUG] [org.gradle.launcher.daemon.server.DaemonStateCoordinator] Command execution: finished waiting for DaemonCommandExecution[command = Build{id=31163e14-ba10-42fc-ac5e-36d1006bb38c, currentDir=C:\Guidewire\PolicyCenter1010}, connection = DefaultDaemonConnection: socket connection from /127.0.0.1:62511 to /127.0.0.1:62512]. Result org.gradle.launcher.daemon.server.DaemonStateCoordinator@f0cd82c with state StopRequested
2026-02-03T11:06:08.103+0530 [DEBUG] [org.gradle.launcher.daemon.server.DaemonStateCoordinator] Command execution: completed DaemonCommandExecution[command = Build{id=31163e14-ba10-42fc-ac5e-36d1006bb38c, currentDir=C:\Guidewire\PolicyCenter1010}, connection = DefaultDaemonConnection: socket connection from /127.0.0.1:62511 to /127.0.0.1:62512]
2026-02-03T11:06:08.103+0530 [DEBUG] [org.gradle.launcher.daemon.server.DaemonStateCoordinator] resetting idle timer
2026-02-03T11:06:08.103+0530 [DEBUG] [org.gradle.launcher.daemon.server.DaemonStateCoordinator] Marking daemon stopped due to command completed and stop requested. The daemon is running a build: false
2026-02-03T11:06:08.104+0530 [DEBUG] [org.gradle.launcher.daemon.server.DaemonStateCoordinator] daemon has stopped.
2026-02-03T11:06:08.104+0530 [DEBUG] [org.gradle.launcher.daemon.server.Daemon] stop() called on daemon
2026-02-03T11:06:08.104+0530 [DEBUG] [org.gradle.launcher.daemon.server.exec.ReturnResult] Daemon is dispatching the build result: Success[value=org.gradle.launcher.exec.BuildActionResult@5b5c3159]
2026-02-03T11:06:08.105+0530 [INFO] [org.gradle.launcher.daemon.server.Daemon] Stop requested. Daemon is removing its presence from the registry...
2026-02-03T11:06:08.105+0530 [DEBUG] [org.gradle.launcher.daemon.server.SynchronizedDispatchConnection] thread 17: dispatching class org.gradle.launcher.daemon.protocol.Success
2026-02-03T11:06:08.106+0530 [DEBUG] [org.gradle.launcher.daemon.server.DaemonRegistryUpdater] Removing our presence to clients, eg. removing this address from the registry: [432b758f-4e90-4b18-9df0-5ff0e6bb9df8 port:62511, addresses:[/127.0.0.1, /0:0:0:0:0:0:0:1]]
2026-02-03T11:06:08.107+0530 [DEBUG] [org.gradle.launcher.daemon.registry.PersistentDaemonRegistry] Removing daemon address: [432b758f-4e90-4b18-9df0-5ff0e6bb9df8 port:62511, addresses:[/127.0.0.1, /0:0:0:0:0:0:0:1]]
2026-02-03T11:06:08.107+0530 [DEBUG] [org.gradle.launcher.daemon.server.DefaultIncomingConnectionHandler] Finishing executing command: Build{id=31163e14-ba10-42fc-ac5e-36d1006bb38c, currentDir=C:\Guidewire\PolicyCenter1010}
2026-02-03T11:06:08.110+0530 [DEBUG] [org.gradle.launcher.daemon.server.SynchronizedDispatchConnection] thread 18: received class org.gradle.launcher.daemon.protocol.CloseInput
2026-02-03T11:06:08.111+0530 [DEBUG] [org.gradle.launcher.daemon.server.DefaultDaemonConnection] thread 18: Received IO message from client: org.gradle.launcher.daemon.protocol.CloseInput@6c3f8ebb
2026-02-03T11:06:08.111+0530 [DEBUG] [org.gradle.cache.internal.DefaultFileLockManager] Waiting to acquire exclusive lock on daemon addresses registry.
2026-02-03T11:06:08.111+0530 [DEBUG] [org.gradle.launcher.daemon.server.SynchronizedDispatchConnection] thread 18: received class org.gradle.launcher.daemon.protocol.Finished
2026-02-03T11:06:08.112+0530 [DEBUG] [org.gradle.launcher.daemon.server.DefaultDaemonConnection] thread 18: Received non-IO message from client: org.gradle.launcher.daemon.protocol.Finished@2c4db85c
2026-02-03T11:06:08.113+0530 [DEBUG] [org.gradle.launcher.daemon.server.DefaultIncomingConnectionHandler] Received finished message: org.gradle.launcher.daemon.protocol.Finished@2c4db85c
2026-02-03T11:06:08.113+0530 [DEBUG] [org.gradle.cache.internal.DefaultFileLockManager] Lock acquired on daemon addresses registry.
2026-02-03T11:06:08.113+0530 [DEBUG] [org.gradle.launcher.daemon.server.SynchronizedDispatchConnection] thread 17: stopping connection
2026-02-03T11:06:08.117+0530 [DEBUG] [org.gradle.cache.internal.DefaultFileLockManager] Releasing lock on daemon addresses registry.
2026-02-03T11:06:08.117+0530 [DEBUG] [org.gradle.internal.remote.internal.inet.SocketConnection] Discarding EOFException: java.io.EOFException
2026-02-03T11:06:08.118+0530 [DEBUG] [org.gradle.launcher.daemon.server.SynchronizedDispatchConnection] thread 18: received null
2026-02-03T11:06:08.118+0530 [DEBUG] [org.gradle.launcher.daemon.server.DefaultDaemonConnection] thread 18: Received end-of-input from client.
2026-02-03T11:06:08.118+0530 [DEBUG] [org.gradle.launcher.daemon.server.SynchronizedDispatchConnection] thread 17: stopping connection
2026-02-03T11:06:08.119+0530 [DEBUG] [org.gradle.launcher.daemon.server.DaemonRegistryUpdater] Address removed from registry.
2026-02-03T11:06:08.120+0530 [DEBUG] [org.gradle.cache.internal.LockOnDemandCrossProcessCacheAccess] Releasing file lock for jars (C:\Guidewire\PolicyCenter1010\gradle\cache\caches\jars-3)
2026-02-03T11:06:08.121+0530 [DEBUG] [org.gradle.cache.internal.DefaultFileLockManager] Releasing lock on jars (C:\Guidewire\PolicyCenter1010\gradle\cache\caches\jars-3).
2026-02-03T11:06:08.123+0530 [DEBUG] [org.gradle.cache.internal.DefaultPersistentDirectoryStore] jars (C:\Guidewire\PolicyCenter1010\gradle\cache\caches\jars-3) has last been fully cleaned up 23 hours ago
2026-02-03T11:06:08.126+0530 [DEBUG] [org.gradle.cache.internal.DefaultCacheAccess] Cache Generated Gradle JARs cache (C:\Guidewire\PolicyCenter1010\gradle\cache\caches\6.0.1\generated-gradle-jars) was closed 0 times.
2026-02-03T11:06:08.127+0530 [DEBUG] [org.gradle.cache.internal.DefaultPersistentDirectoryStore] artifact cache (C:\Guidewire\PolicyCenter1010\gradle\cache\caches\modules-2) has last been fully cleaned up 23 hours ago
2026-02-03T11:06:08.128+0530 [DEBUG] [org.gradle.cache.internal.DefaultCacheAccess] Cache artifact cache (C:\Guidewire\PolicyCenter1010\gradle\cache\caches\modules-2) was closed 0 times.
2026-02-03T11:06:08.129+0530 [DEBUG] [org.gradle.cache.internal.DefaultPersistentDirectoryStore] Artifact transforms cache (C:\Guidewire\PolicyCenter1010\gradle\cache\caches\transforms-2) has last been fully cleaned up 23 hours ago
2026-02-03T11:06:08.129+0530 [DEBUG] [org.gradle.cache.internal.DefaultCacheAccess] Cache Artifact transforms cache (C:\Guidewire\PolicyCenter1010\gradle\cache\caches\transforms-2) was closed 0 times.
2026-02-03T11:06:08.130+0530 [DEBUG] [org.gradle.cache.internal.LockOnDemandCrossProcessCacheAccess] Releasing file lock for journal cache (C:\Guidewire\PolicyCenter1010\gradle\cache\caches\journal-1)
2026-02-03T11:06:08.131+0530 [DEBUG] [org.gradle.cache.internal.btree.BTreePersistentIndexedCache] Closing cache file-access.bin (C:\Guidewire\PolicyCenter1010\gradle\cache\caches\journal-1\file-access.bin)
2026-02-03T11:06:08.131+0530 [DEBUG] [org.gradle.cache.internal.DefaultFileLockManager] Releasing lock on journal cache (C:\Guidewire\PolicyCenter1010\gradle\cache\caches\journal-1).
2026-02-03T11:06:08.133+0530 [DEBUG] [org.gradle.cache.internal.LockOnDemandCrossProcessCacheAccess] Releasing file lock for file hash cache (C:\Guidewire\PolicyCenter1010\gradle\cache\caches\6.0.1\fileHashes)
2026-02-03T11:06:08.133+0530 [DEBUG] [org.gradle.cache.internal.btree.BTreePersistentIndexedCache] Closing cache fileHashes.bin (C:\Guidewire\PolicyCenter1010\gradle\cache\caches\6.0.1\fileHashes\fileHashes.bin)
2026-02-03T11:06:08.134+0530 [DEBUG] [org.gradle.cache.internal.btree.BTreePersistentIndexedCache] Closing cache resourceHashesCache.bin (C:\Guidewire\PolicyCenter1010\gradle\cache\caches\6.0.1\fileHashes\resourceHashesCache.bin)
2026-02-03T11:06:08.135+0530 [DEBUG] [org.gradle.cache.internal.DefaultFileLockManager] Releasing lock on file hash cache (C:\Guidewire\PolicyCenter1010\gradle\cache\caches\6.0.1\fileHashes).
2026-02-03T11:06:08.136+0530 [DEBUG] [org.gradle.cache.internal.LockOnDemandCrossProcessCacheAccess] Releasing file lock for execution history cache (C:\Guidewire\PolicyCenter1010\gradle\cache\caches\6.0.1\executionHistory)
2026-02-03T11:06:08.137+0530 [DEBUG] [org.gradle.cache.internal.DefaultFileLockManager] Releasing lock on execution history cache (C:\Guidewire\PolicyCenter1010\gradle\cache\caches\6.0.1\executionHistory).
Daemon vm is shutting down... The daemon has exited normally or was terminated in response to a user interrupt.
2026-02-03T11:06:08.140+0530 [DEBUG] [org.gradle.launcher.daemon.registry.PersistentDaemonRegistry] Removing daemon address: [432b758f-4e90-4b18-9df0-5ff0e6bb9df8 port:62511, addresses:[/127.0.0.1, /0:0:0:0:0:0:0:1]]
2026-02-03T11:06:08.142+0530 [DEBUG] [org.gradle.cache.internal.DefaultFileLockManager] Waiting to acquire exclusive lock on daemon addresses registry.
2026-02-03T11:06:08.143+0530 [DEBUG] [org.gradle.cache.internal.DefaultFileLockManager] Lock acquired on daemon addresses registry.
2026-02-03T11:06:08.145+0530 [DEBUG] [org.gradle.cache.internal.DefaultFileLockManager] Releasing lock on daemon addresses registry.
