2025-05-19T10:49:53.390+0530 [DEBUG] [org.gradle.launcher.daemon.bootstrap.DaemonMain] Assuming the daemon was started with following jvm opts: [-Xms1g, -Xmx4g, -Dfile.encoding=windows-1252, -Duser.country=IN, -Duser.language=en, -Duser.variant]
2025-05-19T10:49:53.436+0530 [DEBUG] [org.gradle.internal.nativeintegration.services.NativeServices] Native-platform posix files integration is not available. Continuing with fallback.
2025-05-19T10:49:53.509+0530 [INFO] [org.gradle.launcher.daemon.server.Daemon] start() called on daemon - DefaultDaemonContext[uid=ead1a7e1-ff1d-4544-8975-7678f59d5eeb,javaHome=C:\Program Files\Java\jdk1.8.0_181,daemonRegistryDir=C:\Guidewire\PolicyCenter1010\gradle\cache\daemon,pid=2612,idleTimeout=120000,priority=NORMAL,daemonOpts=-Xms1g,-Xmx4g,-Dfile.encoding=windows-1252,-Duser.country=IN,-Duser.language=en,-Duser.variant]
2025-05-19T10:49:53.855+0530 [DEBUG] [org.gradle.internal.remote.internal.inet.InetAddresses] Adding IP addresses for network interface Software Loopback Interface 1
2025-05-19T10:49:53.858+0530 [DEBUG] [org.gradle.internal.remote.internal.inet.InetAddresses] Is this a loopback interface? true
2025-05-19T10:49:53.859+0530 [DEBUG] [org.gradle.internal.remote.internal.inet.InetAddresses] Adding loopback address /127.0.0.1
2025-05-19T10:49:53.859+0530 [DEBUG] [org.gradle.internal.remote.internal.inet.InetAddresses] Adding loopback address /0:0:0:0:0:0:0:1
2025-05-19T10:49:53.861+0530 [DEBUG] [org.gradle.internal.remote.internal.inet.InetAddresses] Adding IP addresses for network interface Microsoft 6to4 Adapter
2025-05-19T10:49:53.864+0530 [DEBUG] [org.gradle.internal.remote.internal.inet.InetAddresses] Is this a loopback interface? false
2025-05-19T10:49:53.864+0530 [DEBUG] [org.gradle.internal.remote.internal.inet.InetAddresses] Adding IP addresses for network interface Microsoft Kernel Debug Network Adapter
2025-05-19T10:49:53.867+0530 [DEBUG] [org.gradle.internal.remote.internal.inet.InetAddresses] Is this a loopback interface? false
2025-05-19T10:49:53.867+0530 [DEBUG] [org.gradle.internal.remote.internal.inet.InetAddresses] Adding IP addresses for network interface Microsoft IP-HTTPS Platform Adapter
2025-05-19T10:49:53.869+0530 [DEBUG] [org.gradle.internal.remote.internal.inet.InetAddresses] Is this a loopback interface? false
2025-05-19T10:49:53.869+0530 [DEBUG] [org.gradle.internal.remote.internal.inet.InetAddresses] Adding IP addresses for network interface WAN Miniport (IP)
2025-05-19T10:49:53.872+0530 [DEBUG] [org.gradle.internal.remote.internal.inet.InetAddresses] Is this a loopback interface? false
2025-05-19T10:49:53.873+0530 [DEBUG] [org.gradle.internal.remote.internal.inet.InetAddresses] Adding IP addresses for network interface WAN Miniport (IPv6)
2025-05-19T10:49:53.875+0530 [DEBUG] [org.gradle.internal.remote.internal.inet.InetAddresses] Is this a loopback interface? false
2025-05-19T10:49:53.875+0530 [DEBUG] [org.gradle.internal.remote.internal.inet.InetAddresses] Adding IP addresses for network interface Intel(R) Wi-Fi 6 AX201 160MHz
2025-05-19T10:49:53.878+0530 [DEBUG] [org.gradle.internal.remote.internal.inet.InetAddresses] Is this a loopback interface? false
2025-05-19T10:49:53.878+0530 [DEBUG] [org.gradle.internal.remote.internal.inet.InetAddresses] Adding remote address /192.168.1.2
2025-05-19T10:49:53.878+0530 [DEBUG] [org.gradle.internal.remote.internal.inet.InetAddresses] Adding remote address /2407:1140:9:f9c1:ab2b:ee01:8351:1627
2025-05-19T10:49:53.878+0530 [DEBUG] [org.gradle.internal.remote.internal.inet.InetAddresses] Adding remote address /2407:1140:9:f9c1:f947:c6e:71e8:cf6f
2025-05-19T10:49:53.878+0530 [DEBUG] [org.gradle.internal.remote.internal.inet.InetAddresses] Adding remote address /fe80:0:0:0:4780:c6ba:97a0:cae1%wlan0
2025-05-19T10:49:53.879+0530 [DEBUG] [org.gradle.internal.remote.internal.inet.InetAddresses] Adding IP addresses for network interface Bluetooth Device (Personal Area Network)
2025-05-19T10:49:53.881+0530 [DEBUG] [org.gradle.internal.remote.internal.inet.InetAddresses] Is this a loopback interface? false
2025-05-19T10:49:53.881+0530 [DEBUG] [org.gradle.internal.remote.internal.inet.InetAddresses] Adding IP addresses for network interface WAN Miniport (L2TP)
2025-05-19T10:49:53.883+0530 [DEBUG] [org.gradle.internal.remote.internal.inet.InetAddresses] Is this a loopback interface? false
2025-05-19T10:49:53.884+0530 [DEBUG] [org.gradle.internal.remote.internal.inet.InetAddresses] Adding IP addresses for network interface Microsoft Wi-Fi Direct Virtual Adapter #2
2025-05-19T10:49:53.886+0530 [DEBUG] [org.gradle.internal.remote.internal.inet.InetAddresses] Is this a loopback interface? false
2025-05-19T10:49:53.887+0530 [DEBUG] [org.gradle.internal.remote.internal.inet.InetAddresses] Adding remote address /fe80:0:0:0:3508:ded:7319:fa3e%wlan1
2025-05-19T10:49:53.887+0530 [DEBUG] [org.gradle.internal.remote.internal.inet.InetAddresses] Adding IP addresses for network interface WAN Miniport (PPPOE)
2025-05-19T10:49:53.889+0530 [DEBUG] [org.gradle.internal.remote.internal.inet.InetAddresses] Is this a loopback interface? false
2025-05-19T10:49:53.890+0530 [DEBUG] [org.gradle.internal.remote.internal.inet.InetAddresses] Adding IP addresses for network interface Microsoft Wi-Fi Direct Virtual Adapter
2025-05-19T10:49:53.892+0530 [DEBUG] [org.gradle.internal.remote.internal.inet.InetAddresses] Is this a loopback interface? false
2025-05-19T10:49:53.892+0530 [DEBUG] [org.gradle.internal.remote.internal.inet.InetAddresses] Adding remote address /fe80:0:0:0:3dee:4bca:2a97:6cf5%wlan2
2025-05-19T10:49:53.893+0530 [DEBUG] [org.gradle.internal.remote.internal.inet.InetAddresses] Adding IP addresses for network interface WAN Miniport (IKEv2)
2025-05-19T10:49:53.896+0530 [DEBUG] [org.gradle.internal.remote.internal.inet.InetAddresses] Is this a loopback interface? false
2025-05-19T10:49:53.896+0530 [DEBUG] [org.gradle.internal.remote.internal.inet.InetAddresses] Adding IP addresses for network interface Microsoft Teredo Tunneling Adapter
2025-05-19T10:49:53.899+0530 [DEBUG] [org.gradle.internal.remote.internal.inet.InetAddresses] Is this a loopback interface? false
2025-05-19T10:49:53.899+0530 [DEBUG] [org.gradle.internal.remote.internal.inet.InetAddresses] Adding IP addresses for network interface ASIX AX88179 USB 3.0 to Gigabit Ethernet Adapter
2025-05-19T10:49:53.901+0530 [DEBUG] [org.gradle.internal.remote.internal.inet.InetAddresses] Is this a loopback interface? false
2025-05-19T10:49:53.901+0530 [DEBUG] [org.gradle.internal.remote.internal.inet.InetAddresses] Adding IP addresses for network interface WAN Miniport (PPTP)
2025-05-19T10:49:53.904+0530 [DEBUG] [org.gradle.internal.remote.internal.inet.InetAddresses] Is this a loopback interface? false
2025-05-19T10:49:53.904+0530 [DEBUG] [org.gradle.internal.remote.internal.inet.InetAddresses] Adding IP addresses for network interface WAN Miniport (Network Monitor)
2025-05-19T10:49:53.906+0530 [DEBUG] [org.gradle.internal.remote.internal.inet.InetAddresses] Is this a loopback interface? false
2025-05-19T10:49:53.906+0530 [DEBUG] [org.gradle.internal.remote.internal.inet.InetAddresses] Adding IP addresses for network interface WAN Miniport (SSTP)
2025-05-19T10:49:53.909+0530 [DEBUG] [org.gradle.internal.remote.internal.inet.InetAddresses] Is this a loopback interface? false
2025-05-19T10:49:53.909+0530 [DEBUG] [org.gradle.internal.remote.internal.inet.InetAddresses] Adding IP addresses for network interface Intel(R) Wi-Fi 6 AX201 160MHz-WFP Native MAC Layer LightWeight Filter-0000
2025-05-19T10:49:53.912+0530 [DEBUG] [org.gradle.internal.remote.internal.inet.InetAddresses] Is this a loopback interface? false
2025-05-19T10:49:53.912+0530 [DEBUG] [org.gradle.internal.remote.internal.inet.InetAddresses] Adding IP addresses for network interface Intel(R) Wi-Fi 6 AX201 160MHz-Virtual WiFi Filter Driver-0000
2025-05-19T10:49:53.914+0530 [DEBUG] [org.gradle.internal.remote.internal.inet.InetAddresses] Is this a loopback interface? false
2025-05-19T10:49:53.915+0530 [DEBUG] [org.gradle.internal.remote.internal.inet.InetAddresses] Adding IP addresses for network interface Intel(R) Wi-Fi 6 AX201 160MHz-Native WiFi Filter Driver-0000
2025-05-19T10:49:53.917+0530 [DEBUG] [org.gradle.internal.remote.internal.inet.InetAddresses] Is this a loopback interface? false
2025-05-19T10:49:53.917+0530 [DEBUG] [org.gradle.internal.remote.internal.inet.InetAddresses] Adding IP addresses for network interface Intel(R) Wi-Fi 6 AX201 160MHz-QoS Packet Scheduler-0000
2025-05-19T10:49:53.920+0530 [DEBUG] [org.gradle.internal.remote.internal.inet.InetAddresses] Is this a loopback interface? false
2025-05-19T10:49:53.920+0530 [DEBUG] [org.gradle.internal.remote.internal.inet.InetAddresses] Adding IP addresses for network interface Intel(R) Wi-Fi 6 AX201 160MHz-WFP 802.3 MAC Layer LightWeight Filter-0000
2025-05-19T10:49:53.922+0530 [DEBUG] [org.gradle.internal.remote.internal.inet.InetAddresses] Is this a loopback interface? false
2025-05-19T10:49:53.923+0530 [DEBUG] [org.gradle.internal.remote.internal.inet.InetAddresses] Adding IP addresses for network interface Microsoft Wi-Fi Direct Virtual Adapter-WFP Native MAC Layer LightWeight Filter-0000
2025-05-19T10:49:53.925+0530 [DEBUG] [org.gradle.internal.remote.internal.inet.InetAddresses] Is this a loopback interface? false
2025-05-19T10:49:53.925+0530 [DEBUG] [org.gradle.internal.remote.internal.inet.InetAddresses] Adding IP addresses for network interface Microsoft Wi-Fi Direct Virtual Adapter-Native WiFi Filter Driver-0000
2025-05-19T10:49:53.927+0530 [DEBUG] [org.gradle.internal.remote.internal.inet.InetAddresses] Is this a loopback interface? false
2025-05-19T10:49:53.927+0530 [DEBUG] [org.gradle.internal.remote.internal.inet.InetAddresses] Adding IP addresses for network interface Microsoft Wi-Fi Direct Virtual Adapter-QoS Packet Scheduler-0000
2025-05-19T10:49:53.929+0530 [DEBUG] [org.gradle.internal.remote.internal.inet.InetAddresses] Is this a loopback interface? false
2025-05-19T10:49:53.929+0530 [DEBUG] [org.gradle.internal.remote.internal.inet.InetAddresses] Adding IP addresses for network interface Microsoft Wi-Fi Direct Virtual Adapter-WFP 802.3 MAC Layer LightWeight Filter-0000
2025-05-19T10:49:53.931+0530 [DEBUG] [org.gradle.internal.remote.internal.inet.InetAddresses] Is this a loopback interface? false
2025-05-19T10:49:53.932+0530 [DEBUG] [org.gradle.internal.remote.internal.inet.InetAddresses] Adding IP addresses for network interface WAN Miniport (IP)-WFP Native MAC Layer LightWeight Filter-0000
2025-05-19T10:49:53.934+0530 [DEBUG] [org.gradle.internal.remote.internal.inet.InetAddresses] Is this a loopback interface? false
2025-05-19T10:49:53.934+0530 [DEBUG] [org.gradle.internal.remote.internal.inet.InetAddresses] Adding IP addresses for network interface WAN Miniport (IP)-QoS Packet Scheduler-0000
2025-05-19T10:49:53.937+0530 [DEBUG] [org.gradle.internal.remote.internal.inet.InetAddresses] Is this a loopback interface? false
2025-05-19T10:49:53.937+0530 [DEBUG] [org.gradle.internal.remote.internal.inet.InetAddresses] Adding IP addresses for network interface WAN Miniport (IPv6)-WFP Native MAC Layer LightWeight Filter-0000
2025-05-19T10:49:53.939+0530 [DEBUG] [org.gradle.internal.remote.internal.inet.InetAddresses] Is this a loopback interface? false
2025-05-19T10:49:53.940+0530 [DEBUG] [org.gradle.internal.remote.internal.inet.InetAddresses] Adding IP addresses for network interface WAN Miniport (IPv6)-QoS Packet Scheduler-0000
2025-05-19T10:49:53.942+0530 [DEBUG] [org.gradle.internal.remote.internal.inet.InetAddresses] Is this a loopback interface? false
2025-05-19T10:49:53.942+0530 [DEBUG] [org.gradle.internal.remote.internal.inet.InetAddresses] Adding IP addresses for network interface WAN Miniport (Network Monitor)-WFP Native MAC Layer LightWeight Filter-0000
2025-05-19T10:49:53.944+0530 [DEBUG] [org.gradle.internal.remote.internal.inet.InetAddresses] Is this a loopback interface? false
2025-05-19T10:49:53.944+0530 [DEBUG] [org.gradle.internal.remote.internal.inet.InetAddresses] Adding IP addresses for network interface WAN Miniport (Network Monitor)-QoS Packet Scheduler-0000
2025-05-19T10:49:53.947+0530 [DEBUG] [org.gradle.internal.remote.internal.inet.InetAddresses] Is this a loopback interface? false
2025-05-19T10:49:53.947+0530 [DEBUG] [org.gradle.internal.remote.internal.inet.InetAddresses] Adding IP addresses for network interface Microsoft Wi-Fi Direct Virtual Adapter #2-WFP Native MAC Layer LightWeight Filter-0000
2025-05-19T10:49:53.949+0530 [DEBUG] [org.gradle.internal.remote.internal.inet.InetAddresses] Is this a loopback interface? false
2025-05-19T10:49:53.949+0530 [DEBUG] [org.gradle.internal.remote.internal.inet.InetAddresses] Adding IP addresses for network interface Microsoft Wi-Fi Direct Virtual Adapter #2-Native WiFi Filter Driver-0000
2025-05-19T10:49:53.952+0530 [DEBUG] [org.gradle.internal.remote.internal.inet.InetAddresses] Is this a loopback interface? false
2025-05-19T10:49:53.952+0530 [DEBUG] [org.gradle.internal.remote.internal.inet.InetAddresses] Adding IP addresses for network interface Microsoft Wi-Fi Direct Virtual Adapter #2-QoS Packet Scheduler-0000
2025-05-19T10:49:53.955+0530 [DEBUG] [org.gradle.internal.remote.internal.inet.InetAddresses] Is this a loopback interface? false
2025-05-19T10:49:53.955+0530 [DEBUG] [org.gradle.internal.remote.internal.inet.InetAddresses] Adding IP addresses for network interface Microsoft Wi-Fi Direct Virtual Adapter #2-WFP 802.3 MAC Layer LightWeight Filter-0000
2025-05-19T10:49:53.957+0530 [DEBUG] [org.gradle.internal.remote.internal.inet.InetAddresses] Is this a loopback interface? false
2025-05-19T10:49:53.959+0530 [DEBUG] [org.gradle.internal.remote.internal.inet.TcpIncomingConnector] Listening on [90e81d85-df6e-4925-b8b1-6a43b17ea8ea port:55788, addresses:[/127.0.0.1, /0:0:0:0:0:0:0:1]].
2025-05-19T10:49:53.963+0530 [DEBUG] [org.gradle.launcher.daemon.server.Daemon] Daemon starting at: Mon May 19 10:49:53 IST 2025, with address: [90e81d85-df6e-4925-b8b1-6a43b17ea8ea port:55788, addresses:[/127.0.0.1, /0:0:0:0:0:0:0:1]]
2025-05-19T10:49:53.963+0530 [INFO] [org.gradle.launcher.daemon.server.DaemonRegistryUpdater] Advertising the daemon address to the clients: [90e81d85-df6e-4925-b8b1-6a43b17ea8ea port:55788, addresses:[/127.0.0.1, /0:0:0:0:0:0:0:1]]
2025-05-19T10:49:53.963+0530 [DEBUG] [org.gradle.launcher.daemon.server.DaemonRegistryUpdater] Advertised daemon context: DefaultDaemonContext[uid=ead1a7e1-ff1d-4544-8975-7678f59d5eeb,javaHome=C:\Program Files\Java\jdk1.8.0_181,daemonRegistryDir=C:\Guidewire\PolicyCenter1010\gradle\cache\daemon,pid=2612,idleTimeout=120000,priority=NORMAL,daemonOpts=-Xms1g,-Xmx4g,-Dfile.encoding=windows-1252,-Duser.country=IN,-Duser.language=en,-Duser.variant]
2025-05-19T10:49:53.964+0530 [DEBUG] [org.gradle.launcher.daemon.registry.PersistentDaemonRegistry] Storing daemon address: [90e81d85-df6e-4925-b8b1-6a43b17ea8ea port:55788, addresses:[/127.0.0.1, /0:0:0:0:0:0:0:1]], context: DefaultDaemonContext[uid=ead1a7e1-ff1d-4544-8975-7678f59d5eeb,javaHome=C:\Program Files\Java\jdk1.8.0_181,daemonRegistryDir=C:\Guidewire\PolicyCenter1010\gradle\cache\daemon,pid=2612,idleTimeout=120000,priority=NORMAL,daemonOpts=-Xms1g,-Xmx4g,-Dfile.encoding=windows-1252,-Duser.country=IN,-Duser.language=en,-Duser.variant]
2025-05-19T10:49:53.973+0530 [DEBUG] [org.gradle.cache.internal.DefaultFileLockManager] Waiting to acquire exclusive lock on daemon addresses registry.
2025-05-19T10:49:53.977+0530 [DEBUG] [org.gradle.cache.internal.DefaultFileLockManager] Lock acquired on daemon addresses registry.
2025-05-19T10:49:53.980+0530 [DEBUG] [org.gradle.cache.internal.DefaultFileLockManager] Releasing lock on daemon addresses registry.
2025-05-19T10:49:53.982+0530 [LIFECYCLE] [org.gradle.launcher.daemon.server.Daemon] Daemon server started.
2025-05-19T10:49:53.984+0530 [DEBUG] [org.gradle.launcher.daemon.bootstrap.DaemonStartupCommunication] Completed writing the daemon greeting. Closing streams...
2025-05-19T10:49:53.990+0530 [DEBUG] [org.gradle.launcher.daemon.server.Daemon] stopOnExpiration() called on daemon
2025-05-19T10:49:53.992+0530 [DEBUG] [org.gradle.launcher.daemon.server.Daemon] awaitExpiration() called on daemon
2025-05-19T10:49:53.992+0530 [DEBUG] [org.gradle.launcher.daemon.server.DaemonStateCoordinator] daemon is running. Sleeping until state changes.
2025-05-19T10:49:54.240+0530 [DEBUG] [org.gradle.internal.remote.internal.inet.TcpIncomingConnector] Accepted connection from /127.0.0.1:55789 to /127.0.0.1:55788.
2025-05-19T10:49:54.277+0530 [DEBUG] [org.gradle.launcher.daemon.server.SynchronizedDispatchConnection] thread 18: received class org.gradle.launcher.daemon.protocol.Build
2025-05-19T10:49:54.277+0530 [DEBUG] [org.gradle.launcher.daemon.server.DefaultDaemonConnection] thread 18: Received non-IO message from client: Build{id=a26d067b-c3d0-407d-99ff-e00e232a2ef1, currentDir=C:\Guidewire\PolicyCenter1010}
2025-05-19T10:49:54.277+0530 [INFO] [org.gradle.launcher.daemon.server.DefaultIncomingConnectionHandler] Received command: Build{id=a26d067b-c3d0-407d-99ff-e00e232a2ef1, currentDir=C:\Guidewire\PolicyCenter1010}.
2025-05-19T10:49:54.277+0530 [DEBUG] [org.gradle.launcher.daemon.server.DefaultIncomingConnectionHandler] Starting executing command: Build{id=a26d067b-c3d0-407d-99ff-e00e232a2ef1, currentDir=C:\Guidewire\PolicyCenter1010} with connection: socket connection from /127.0.0.1:55788 to /127.0.0.1:55789.
2025-05-19T10:49:54.280+0530 [ERROR] [org.gradle.launcher.daemon.server.DaemonStateCoordinator] Command execution: started DaemonCommandExecution[command = Build{id=a26d067b-c3d0-407d-99ff-e00e232a2ef1, currentDir=C:\Guidewire\PolicyCenter1010}, connection = DefaultDaemonConnection: socket connection from /127.0.0.1:55788 to /127.0.0.1:55789] after 0.0 minutes of idle
2025-05-19T10:49:54.281+0530 [INFO] [org.gradle.launcher.daemon.server.DaemonRegistryUpdater] Marking the daemon as busy, address: [90e81d85-df6e-4925-b8b1-6a43b17ea8ea port:55788, addresses:[/127.0.0.1, /0:0:0:0:0:0:0:1]]
2025-05-19T10:49:54.281+0530 [DEBUG] [org.gradle.launcher.daemon.registry.PersistentDaemonRegistry] Marking busy by address: [90e81d85-df6e-4925-b8b1-6a43b17ea8ea port:55788, addresses:[/127.0.0.1, /0:0:0:0:0:0:0:1]]
2025-05-19T10:49:54.282+0530 [DEBUG] [org.gradle.cache.internal.DefaultFileLockManager] Waiting to acquire exclusive lock on daemon addresses registry.
2025-05-19T10:49:54.282+0530 [DEBUG] [org.gradle.cache.internal.DefaultFileLockManager] Lock acquired on daemon addresses registry.
2025-05-19T10:49:54.284+0530 [DEBUG] [org.gradle.cache.internal.DefaultFileLockManager] Releasing lock on daemon addresses registry.
2025-05-19T10:49:54.284+0530 [DEBUG] [org.gradle.launcher.daemon.server.DaemonStateCoordinator] resetting idle timer
2025-05-19T10:49:54.285+0530 [DEBUG] [org.gradle.launcher.daemon.server.DaemonStateCoordinator] daemon is running. Sleeping until state changes.
2025-05-19T10:49:54.285+0530 [INFO] [org.gradle.launcher.daemon.server.exec.StartBuildOrRespondWithBusy] Daemon is about to start building Build{id=a26d067b-c3d0-407d-99ff-e00e232a2ef1, currentDir=C:\Guidewire\PolicyCenter1010}. Dispatching build started information...
2025-05-19T10:49:54.286+0530 [DEBUG] [org.gradle.launcher.daemon.server.SynchronizedDispatchConnection] thread 20: dispatching class org.gradle.launcher.daemon.protocol.BuildStarted
2025-05-19T10:49:54.288+0530 [DEBUG] [org.gradle.launcher.daemon.server.exec.EstablishBuildEnvironment] Configuring env variables: {USERDOMAIN_ROAMINGPROFILE=LAPTOP-LJV63B5C, PROCESSOR_LEVEL=6, SESSIONNAME=Console, ALLUSERSPROFILE=C:\ProgramData, PROCESSOR_ARCHITECTURE=AMD64, PSModulePath=C:\Program Files\WindowsPowerShell\Modules;C:\WINDOWS\system32\WindowsPowerShell\v1.0\Modules, SystemDrive=C:, DIRNAME=C:\Guidewire\PolicyCenter1010\, USERNAME=bunde, CMD_LINE_ARGS=genWsiLocal, ProgramFiles(x86)=C:\Program Files (x86), FPS_BROWSER_USER_PROFILE_STRING=Default, APP_HOME=C:\Guidewire\PolicyCenter1010\, DEFAULT_JVM_OPTS="-Xmx1g", PATHEXT=.COM;.EXE;.BAT;.CMD;.VBS;.VBE;.JS;.JSE;.WSF;.WSH;.MSC, DriverData=C:\Windows\System32\Drivers\DriverData, IntelliJ IDEA Community Edition=C:\Program Files\JetBrains\IntelliJ IDEA Community Edition 2022.3.1\bin;, ProgramData=C:\ProgramData, ProgramW6432=C:\Program Files, __PSLockDownPolicy=0, HOMEPATH=\Users\bunde, PROCESSOR_IDENTIFIER=Intel64 Family 6 Model 154 Stepping 4, GenuineIntel, ProgramFiles=C:\Program Files, PUBLIC=C:\Users\Public, windir=C:\WINDOWS, EFC_6500_3789132940=1, =::=::\, ZES_ENABLE_SYSMAN=1, _SKIP=2, IGCCSVC_DB=AQAAANCMnd8BFdERjHoAwE/Cl+sBAAAAktJ6yqXL90Gzyc+lDAKipgQAAAACAAAAAAAQZgAAAAEAACAAAAAF+r1sBB1No9pDKg/4axI8er2yg3GflDMwWml8meTyPwAAAAAOgAAAAAIAACAAAABUxgjv8bX6sQNCfT0HETjfirFPMVE1PTvCasfqei1ABGAAAADPAwirv2IQWr9txk6LTFFxTMPsnr8gbI5JCkFD4Ng0lsnp+aC/7lMg8Q9WU+MxL/5lrlXm5ILC8KVUMAWP1O30AIyzlGNzCoYvqj6BM2kLbOgzQ6ih6lzCgbI4EAhWVMpAAAAAyjQQLW72KtzEgqKtj0mASXyUBKZUWDLOxthjpHYP35qt3xKqeFM7ZD96trPm5AK31tYb9MO6WYyP9KFnD0EenA==, LOCALAPPDATA=C:\Users\bunde\AppData\Local, USERDOMAIN=LAPTOP-LJV63B5C, FPS_BROWSER_APP_PROFILE_STRING=Internet Explorer, LOGONSERVER=\\LAPTOP-LJV63B5C, JAVA_HOME=C:\Program Files\Java\jdk1.8.0_181, PROMPT=$P$G, ANT_HOME=C:\Program Files\apache-ant-1.8.2, OneDrive=C:\Users\bunde\OneDrive, =C:=C:\Guidewire\PolicyCenter1010, APPDATA=C:\Users\bunde\AppData\Roaming, JAVA_EXE=C:\Program Files\Java\jdk1.8.0_181/bin/java.exe, CommonProgramFiles=C:\Program Files\Common Files, Path=C:\Program Files\Common Files\Oracle\Java\javapath;C:\Program Files (x86)\Common Files\Oracle\Java\javapath;C:\WINDOWS\system32;C:\WINDOWS;C:\WINDOWS\System32\Wbem;C:\WINDOWS\System32\WindowsPowerShell\v1.0\;C:\WINDOWS\System32\OpenSSH\;C:\Program Files\Java\jdk1.8.0_181\bin;C:\Program Files\apache-ant-1.8.2\bin;C:\Program Files\PuTTY\;C:\Program Files\TortoiseGit\bin;C:\Program Files\Git\cmd;C:\Program Files\nodejs\;C:\Program Files\dotnet\;C:\Users\bunde\AppData\Local\Programs\Python\Python312\Scripts\;C:\Users\bunde\AppData\Local\Programs\Python\Python312\;C:\Users\bunde\AppData\Local\Programs\Python\Launcher\;C:\Users\bunde\AppData\Local\Microsoft\WindowsApps;C:\Program Files\Java\jdk1.8.0_181\bin;C:\Program Files\apache-ant-1.8.2\bin;;C:\Program Files\JetBrains\IntelliJ IDEA Community Edition 2022.3.1\bin;;C:\Users\bunde\AppData\Local\Programs\Microsoft VS Code\bin;C:\Users\bunde\AppData\Roaming\npm, EFC_6500_1592913036=1, OS=Windows_NT, COMPUTERNAME=LAPTOP-LJV63B5C, PROCESSOR_REVISION=9a04, CLASSPATH=C:\Guidewire\PolicyCenter1010\\gradle\wrapper\gradle-wrapper.jar, CommonProgramW6432=C:\Program Files\Common Files, ComSpec=C:\WINDOWS\system32\cmd.exe, APP_BASE_NAME=gwb, SystemRoot=C:\WINDOWS, TEMP=C:\Users\bunde\AppData\Local\Temp, EFC_6500_2775293581=1, HOMEDRIVE=C:, USERPROFILE=C:\Users\bunde, TMP=C:\Users\bunde\AppData\Local\Temp, CommonProgramFiles(x86)=C:\Program Files (x86)\Common Files, NUMBER_OF_PROCESSORS=12, EFC_6500_2283032206=1, EFC_6500_1262719628=1}
2025-05-19T10:49:54.296+0530 [DEBUG] [org.gradle.launcher.daemon.server.exec.LogToClient] About to start relaying all logs to the client via the connection.
2025-05-19T10:49:54.296+0530 [INFO] [org.gradle.launcher.daemon.server.exec.LogToClient] The client will now receive all logging from the daemon (pid: 2612). The daemon log file: C:\Guidewire\PolicyCenter1010\gradle\cache\daemon\6.0.1\daemon-2612.out.log
2025-05-19T10:49:54.298+0530 [DEBUG] [org.gradle.launcher.daemon.server.exec.RequestStopIfSingleUsedDaemon] Requesting daemon stop after processing Build{id=a26d067b-c3d0-407d-99ff-e00e232a2ef1, currentDir=C:\Guidewire\PolicyCenter1010}
2025-05-19T10:49:54.298+0530 [LIFECYCLE] [org.gradle.launcher.daemon.server.DaemonStateCoordinator] Daemon will be stopped at the end of the build stopping after processing
2025-05-19T10:49:54.299+0530 [DEBUG] [org.gradle.launcher.daemon.server.DaemonStateCoordinator] Stop as soon as idle requested. The daemon is busy: true
2025-05-19T10:49:54.299+0530 [DEBUG] [org.gradle.launcher.daemon.server.DaemonStateCoordinator] daemon stop has been requested. Sleeping until state changes.
2025-05-19T10:49:54.302+0530 [DEBUG] [org.gradle.launcher.daemon.server.exec.ExecuteBuild] The daemon has started executing the build.
2025-05-19T10:49:54.302+0530 [DEBUG] [org.gradle.launcher.daemon.server.exec.ExecuteBuild] Executing build with daemon context: DefaultDaemonContext[uid=ead1a7e1-ff1d-4544-8975-7678f59d5eeb,javaHome=C:\Program Files\Java\jdk1.8.0_181,daemonRegistryDir=C:\Guidewire\PolicyCenter1010\gradle\cache\daemon,pid=2612,idleTimeout=120000,priority=NORMAL,daemonOpts=-Xms1g,-Xmx4g,-Dfile.encoding=windows-1252,-Duser.country=IN,-Duser.language=en,-Duser.variant]
Importing POM com.guidewire.pc:pc-parent:10.1.0
Importing parent POM com.guidewire.pc:pc-all:10.1.0
Importing POM com.guidewire.pc:pc-all:10.1.0
Empty bundle 'localization-codegen' for locale: en_US
Empty bundle 'localization-codegen' for locale: en_IN
Full code generation for module "configuration"
Generating code for 1073 entities(s) and 743 typelist(s)
Generated code for 1073 entities(s) and 743 typelist(s) in 13.45 seconds
Note: Some input files use or override a deprecated API.
Note: Recompile with -Xlint:deprecation for details.
Note: Some input files use unchecked or unsafe operations.
Note: Recompile with -Xlint:unchecked for details.
Using classpath from C:\Guidewire\PolicyCenter1010\modules\configuration\build\run\803121e251065501d1c41af5495cb19fbea32bb0.txt
====================================================
= Running main class: com.guidewire.tools.wsdl.WsiLocalGenerator
=           JVM args: -Dgw.classpath.file=C:\Guidewire\PolicyCenter1010\modules\configuration\build\run\803121e251065501d1c41af5495cb19fbea32bb0.txt -Dgw.devroot.dir=C:\Guidewire\PolicyCenter1010 -Dgw.internal.resourcelocators.targetModule=configuration -Xmx4g -Dfile.encoding=windows-1252 -Duser.country=IN -Duser.language=en -Duser.variant -ea -cp C:\Guidewire\PolicyCenter1010\modules\configuration\build\run\803121e251065501d1c41af5495cb19fbea32bb0.jar com.guidewire.tools.wsdl.WsiLocalGenerator
=       Program args: -product pc -destPath gsrc/wsi/local -copyOnWrite C:\Guidewire\PolicyCenter1010\modules\configuration
=
Looking for the devroot starting from C:\Guidewire\PolicyCenter1010
Detected CONFIG environment, root: C:\Guidewire\PolicyCenter1010
Module path: [configuration]
--- WSDL Generator for Locally Defined Web Services ---

--- Initializing ---

--- Initialization Finished ---

2025-05-19 11:25:56,181 INFO WsiLocalGenerator: Initialize
2025-05-19 11:25:56,190 INFO Will be writing to gsrc/wsi/local
2025-05-19 11:26:09,838 INFO Reading config file: C:\Guidewire\PolicyCenter1010\modules\configuration\config\config.xml
2025-05-19 11:26:09,855 WARN Unable to load ExternalConfigurationProviderPluginAccessPoint reflectively. All configuration substitutions without default values will be left unchanged. Plugin Container is not yet initialized, can not load configuration provider plugin.
2025-05-19 11:26:10,128 WARN Parameter CustomPerCharacterRegex1 must be either required, required dependent on another key, given a default value, or specified as nullokay.
2025-05-19 11:26:10,128 WARN Parameter CustomPerCharacterRegex2 must be either required, required dependent on another key, given a default value, or specified as nullokay.
2025-05-19 11:26:10,133 INFO Checking gw/webservice/pc/pc1000/MaintenanceToolsAPI.wsdl
2025-05-19 11:26:10,633 INFO Checking gw/webservice/pc/pc1000/MessagingToolsAPI.wsdl
2025-05-19 11:26:10,753 INFO Checking gw/webservice/pc/pc1000/TemplateToolsAPI.wsdl
2025-05-19 11:26:21,641 INFO Checking gw/webservice/pc/pc1000/account/AccountAPI.wsdl
2025-05-19 11:26:22,940 INFO Checking gw/webservice/pc/pc1000/archive/ArchiveAPI.wsdl
2025-05-19 11:26:23,338 INFO Checking gw/webservice/pc/pc1000/ccintegration/CCPolicySearchIntegration.wsdl
2025-05-19 11:26:23,544 INFO Checking gw/webservice/pc/pc1000/ccintegration/ClaimToPolicySystemNotificationAPI.wsdl
2025-05-19 11:26:24,177 INFO Checking gw/webservice/pc/pc1000/ccintegration/PolicyLocationSearchAPI.wsdl
2025-05-19 11:26:24,734 INFO Checking gw/webservice/pc/pc1000/community/ProducerAPI.wsdl
2025-05-19 11:26:25,017 INFO Checking gw/webservice/pc/pc1000/contact/AddressAPI.wsdl
2025-05-19 11:26:25,887 INFO Checking gw/webservice/pc/pc1000/contact/ContactAPI.wsdl
2025-05-19 11:26:26,681 INFO Checking gw/webservice/pc/pc1000/job/CancellationAPI.wsdl
2025-05-19 11:26:26,927 INFO Checking gw/webservice/pc/pc1000/job/JobAPI.wsdl
2025-05-19 11:26:27,014 INFO Checking gw/webservice/pc/pc1000/job/PolicyChangeAPI.wsdl
2025-05-19 11:26:27,569 INFO Checking gw/webservice/pc/pc1000/job/PolicyRenewalAPI.wsdl
2025-05-19 11:26:27,616 INFO Checking gw/webservice/pc/pc1000/job/ReinstatementAPI.wsdl
2025-05-19 11:26:27,712 INFO Checking gw/webservice/pc/pc1000/job/SubmissionAPI.wsdl
2025-05-19 11:26:27,839 INFO Checking gw/webservice/pc/pc1000/policy/ImportPolicyAPI.wsdl
2025-05-19 11:26:28,140 INFO Checking gw/webservice/pc/pc1000/policy/PolicyAPI.wsdl
2025-05-19 11:26:28,567 INFO Checking gw/webservice/pc/pc1000/policy/PolicyEarnedPremiumAPI.wsdl
2025-05-19 11:26:28,614 INFO Checking gw/webservice/pc/pc1000/policy/PolicyPeriodAPI.wsdl
2025-05-19 11:26:28,635 INFO Checking gw/webservice/pc/pc1000/policysearch/PolicySearchAPI.wsdl
2025-05-19 11:26:29,075 INFO Checking gw/webservice/pc/pc1000/productmodel/ProductModelAPI.wsdl
Updating C:\Guidewire\PolicyCenter1010\modules\configuration\gsrc\wsi\local\gw\webservice\pc\pc1000\productmodel\ProductModelAPI.wsdl
2025-05-19 11:26:29,091 INFO Changed gw/webservice/pc/pc1000/productmodel/ProductModelAPI.wsdl
2025-05-19 11:26:29,138 INFO Checking gw/webservice/pc/pc1000/purge/PurgeAPI.wsdl
2025-05-19 11:26:29,581 INFO Checking gw/webservice/pc/pc1000/reinsurance/RICoverageAPI.wsdl
2025-05-19 11:26:29,691 INFO Checking gw/webservice/pc/pc900/MaintenanceToolsAPI.wsdl
2025-05-19 11:26:29,771 INFO Checking gw/webservice/pc/pc900/MessagingToolsAPI.wsdl
2025-05-19 11:26:29,838 INFO Checking gw/webservice/pc/pc900/TemplateToolsAPI.wsdl
2025-05-19 11:26:30,183 INFO Checking gw/webservice/pc/pc900/account/AccountAPI.wsdl
2025-05-19 11:26:30,239 INFO Checking gw/webservice/pc/pc900/archive/ArchiveAPI.wsdl
2025-05-19 11:26:30,540 INFO Checking gw/webservice/pc/pc900/ccintegration/CCPolicySearchIntegration.wsdl
2025-05-19 11:26:30,564 INFO Checking gw/webservice/pc/pc900/ccintegration/ClaimToPolicySystemNotificationAPI.wsdl
2025-05-19 11:26:30,659 INFO Checking gw/webservice/pc/pc900/ccintegration/PolicyLocationSearchAPI.wsdl
2025-05-19 11:26:30,993 INFO Checking gw/webservice/pc/pc900/community/ProducerAPI.wsdl
2025-05-19 11:26:31,116 INFO Checking gw/webservice/pc/pc900/contact/AddressAPI.wsdl
2025-05-19 11:26:31,468 INFO Checking gw/webservice/pc/pc900/contact/ContactAPI.wsdl
2025-05-19 11:26:31,563 INFO Checking gw/webservice/pc/pc900/job/CancellationAPI.wsdl
2025-05-19 11:26:31,721 INFO Checking gw/webservice/pc/pc900/job/JobAPI.wsdl
2025-05-19 11:26:31,768 INFO Checking gw/webservice/pc/pc900/job/PolicyChangeAPI.wsdl
2025-05-19 11:26:31,848 INFO Checking gw/webservice/pc/pc900/job/PolicyRenewalAPI.wsdl
2025-05-19 11:26:31,864 INFO Checking gw/webservice/pc/pc900/job/ReinstatementAPI.wsdl
2025-05-19 11:26:31,896 INFO Checking gw/webservice/pc/pc900/job/SubmissionAPI.wsdl
2025-05-19 11:26:31,959 INFO Checking gw/webservice/pc/pc900/policy/ImportPolicyAPI.wsdl
2025-05-19 11:26:32,073 INFO Checking gw/webservice/pc/pc900/policy/PolicyAPI.wsdl
2025-05-19 11:26:32,118 INFO Checking gw/webservice/pc/pc900/policy/PolicyEarnedPremiumAPI.wsdl
2025-05-19 11:26:32,150 INFO Checking gw/webservice/pc/pc900/policy/PolicyPeriodAPI.wsdl
2025-05-19 11:26:32,166 INFO Checking gw/webservice/pc/pc900/policysearch/PolicySearchAPI.wsdl
2025-05-19 11:26:32,419 INFO Checking gw/webservice/pc/pc900/productmodel/ProductModelAPI.wsdl
Updating C:\Guidewire\PolicyCenter1010\modules\configuration\gsrc\wsi\local\gw\webservice\pc\pc900\productmodel\ProductModelAPI.wsdl
2025-05-19 11:26:32,419 INFO Changed gw/webservice/pc/pc900/productmodel/ProductModelAPI.wsdl
2025-05-19 11:26:32,482 INFO Checking gw/webservice/pc/pc900/purge/PurgeAPI.wsdl
2025-05-19 11:26:32,610 INFO Checking gw/webservice/pc/pc900/reinsurance/RICoverageAPI.wsdl
2025-05-19 11:26:32,863 INFO Checking gw/webservice/pc/pc910/ccintegration/CCPolicySearchIntegration.wsdl
2025-05-19 11:26:33,045 INFO Checking gw/webservice/pl/pl1000/personaldata/PersonalDataDestructionAPI.wsdl
Updating C:\Guidewire\PolicyCenter1010\modules\configuration\gsrc\wsi\local\gw\webservice\pl\pl1000\personaldata\PersonalDataDestructionAPI.wsdl
2025-05-19 11:26:33,053 INFO Changed gw/webservice/pl/pl1000/personaldata/PersonalDataDestructionAPI.wsdl
2025-05-19 11:26:33,180 INFO Checking gw/webservice/pl/pl900/personaldata/PersonalDataDestructionAPI.wsdl
Updating C:\Guidewire\PolicyCenter1010\modules\configuration\gsrc\wsi\local\gw\webservice\pl\pl900\personaldata\PersonalDataDestructionAPI.wsdl
2025-05-19 11:26:33,180 INFO Changed gw/webservice/pl/pl900/personaldata/PersonalDataDestructionAPI.wsdl
2025-05-19 11:26:33,323 INFO Checking gw/wsi/pl/AdminDataAPI.wsdl
2025-05-19 11:26:33,576 INFO Checking gw/wsi/pl/ImportToolsAPI.wsdl
2025-05-19 11:26:33,607 INFO Checking gw/wsi/pl/LoginAPI.wsdl
2025-05-19 11:26:33,646 INFO Checking gw/wsi/pl/ProfilerAPI.wsdl
2025-05-19 11:26:33,655 INFO Checking gw/wsi/pl/ServerStateAPI.wsdl
2025-05-19 11:26:33,892 INFO Checking gw/wsi/pl/SystemToolsAPI.wsdl
2025-05-19 11:26:33,946 INFO Checking gw/wsi/pl/TableImportAPI.wsdl
2025-05-19 11:26:34,005 INFO Checking gw/wsi/pl/TypelistToolsAPI.wsdl
2025-05-19 11:26:34,052 INFO Checking gw/wsi/pl/WorkflowAPI.wsdl
2025-05-19 11:26:34,106 INFO Checking gw/wsi/pl/ZoneImportAPI.wsdl

*******************************************
A full compile was done before running the genWsiLocal tool. To skip compile use "-x compile" option when running gwb
*******************************************


Deprecated Gradle features were used in this build, making it incompatible with Gradle 7.0.
Use '--warning-mode all' to show the individual deprecation warnings.
See https://docs.gradle.org/6.0.1/userguide/command_line_interface.html#sec:command_line_warnings

BUILD SUCCESSFUL in 36m 42s
15 actionable tasks: 12 executed, 3 up-to-date
2025-05-19T11:26:34.373+0530 [DEBUG] [org.gradle.launcher.daemon.server.exec.ExecuteBuild] The daemon has finished executing the build.
2025-05-19T11:26:34.391+0530 [DEBUG] [org.gradle.launcher.daemon.server.DaemonStateCoordinator] daemon stop has been requested. Sleeping until state changes.
2025-05-19T11:26:34.392+0530 [DEBUG] [org.gradle.launcher.daemon.server.DaemonStateCoordinator] Command execution: finished waiting for DaemonCommandExecution[command = Build{id=a26d067b-c3d0-407d-99ff-e00e232a2ef1, currentDir=C:\Guidewire\PolicyCenter1010}, connection = DefaultDaemonConnection: socket connection from /127.0.0.1:55788 to /127.0.0.1:55789]. Result org.gradle.launcher.daemon.server.DaemonStateCoordinator@33bd7694 with state StopRequested
2025-05-19T11:26:34.392+0530 [DEBUG] [org.gradle.launcher.daemon.server.DaemonStateCoordinator] Command execution: completed DaemonCommandExecution[command = Build{id=a26d067b-c3d0-407d-99ff-e00e232a2ef1, currentDir=C:\Guidewire\PolicyCenter1010}, connection = DefaultDaemonConnection: socket connection from /127.0.0.1:55788 to /127.0.0.1:55789]
2025-05-19T11:26:34.393+0530 [DEBUG] [org.gradle.launcher.daemon.server.DaemonStateCoordinator] resetting idle timer
2025-05-19T11:26:34.393+0530 [DEBUG] [org.gradle.launcher.daemon.server.DaemonStateCoordinator] Marking daemon stopped due to command completed and stop requested. The daemon is running a build: false
2025-05-19T11:26:34.393+0530 [DEBUG] [org.gradle.launcher.daemon.server.DaemonStateCoordinator] daemon has stopped.
2025-05-19T11:26:34.393+0530 [DEBUG] [org.gradle.launcher.daemon.server.exec.ReturnResult] Daemon is dispatching the build result: Success[value=org.gradle.launcher.exec.BuildActionResult@63237160]
2025-05-19T11:26:34.393+0530 [DEBUG] [org.gradle.launcher.daemon.server.Daemon] stop() called on daemon
2025-05-19T11:26:34.394+0530 [DEBUG] [org.gradle.launcher.daemon.server.SynchronizedDispatchConnection] thread 17: dispatching class org.gradle.launcher.daemon.protocol.Success
2025-05-19T11:26:34.394+0530 [INFO] [org.gradle.launcher.daemon.server.Daemon] Stop requested. Daemon is removing its presence from the registry...
2025-05-19T11:26:34.395+0530 [DEBUG] [org.gradle.launcher.daemon.server.DaemonRegistryUpdater] Removing our presence to clients, eg. removing this address from the registry: [90e81d85-df6e-4925-b8b1-6a43b17ea8ea port:55788, addresses:[/127.0.0.1, /0:0:0:0:0:0:0:1]]
2025-05-19T11:26:34.395+0530 [DEBUG] [org.gradle.launcher.daemon.registry.PersistentDaemonRegistry] Removing daemon address: [90e81d85-df6e-4925-b8b1-6a43b17ea8ea port:55788, addresses:[/127.0.0.1, /0:0:0:0:0:0:0:1]]
2025-05-19T11:26:34.395+0530 [DEBUG] [org.gradle.launcher.daemon.server.DefaultIncomingConnectionHandler] Finishing executing command: Build{id=a26d067b-c3d0-407d-99ff-e00e232a2ef1, currentDir=C:\Guidewire\PolicyCenter1010}
2025-05-19T11:26:34.396+0530 [DEBUG] [org.gradle.launcher.daemon.server.SynchronizedDispatchConnection] thread 18: received class org.gradle.launcher.daemon.protocol.CloseInput
2025-05-19T11:26:34.397+0530 [DEBUG] [org.gradle.launcher.daemon.server.DefaultDaemonConnection] thread 18: Received IO message from client: org.gradle.launcher.daemon.protocol.CloseInput@2098e6c7
2025-05-19T11:26:34.397+0530 [DEBUG] [org.gradle.launcher.daemon.server.SynchronizedDispatchConnection] thread 18: received class org.gradle.launcher.daemon.protocol.Finished
2025-05-19T11:26:34.397+0530 [DEBUG] [org.gradle.launcher.daemon.server.DefaultDaemonConnection] thread 18: Received non-IO message from client: org.gradle.launcher.daemon.protocol.Finished@17942075
2025-05-19T11:26:34.397+0530 [DEBUG] [org.gradle.launcher.daemon.server.DefaultIncomingConnectionHandler] Received finished message: org.gradle.launcher.daemon.protocol.Finished@17942075
2025-05-19T11:26:34.398+0530 [DEBUG] [org.gradle.launcher.daemon.server.SynchronizedDispatchConnection] thread 17: stopping connection
2025-05-19T11:26:34.398+0530 [DEBUG] [org.gradle.cache.internal.DefaultFileLockManager] Waiting to acquire exclusive lock on daemon addresses registry.
2025-05-19T11:26:34.398+0530 [DEBUG] [org.gradle.cache.internal.DefaultFileLockManager] Lock acquired on daemon addresses registry.
2025-05-19T11:26:34.399+0530 [DEBUG] [org.gradle.internal.remote.internal.inet.SocketConnection] Discarding EOFException: java.io.EOFException
2025-05-19T11:26:34.399+0530 [DEBUG] [org.gradle.launcher.daemon.server.SynchronizedDispatchConnection] thread 18: received null
2025-05-19T11:26:34.399+0530 [DEBUG] [org.gradle.launcher.daemon.server.DefaultDaemonConnection] thread 18: Received end-of-input from client.
2025-05-19T11:26:34.399+0530 [DEBUG] [org.gradle.launcher.daemon.server.SynchronizedDispatchConnection] thread 17: stopping connection
2025-05-19T11:26:34.400+0530 [DEBUG] [org.gradle.cache.internal.DefaultFileLockManager] Releasing lock on daemon addresses registry.
2025-05-19T11:26:34.401+0530 [DEBUG] [org.gradle.launcher.daemon.server.DaemonRegistryUpdater] Address removed from registry.
2025-05-19T11:26:34.403+0530 [DEBUG] [org.gradle.workers.internal.WorkerDaemonClientsManager] Stopping 1 worker daemon(s).
2025-05-19T11:26:34.441+0530 [DEBUG] [org.gradle.process.internal.DefaultExecHandle] Changing state to: SUCCEEDED
2025-05-19T11:26:34.441+0530 [DEBUG] [org.gradle.process.internal.DefaultExecHandle] Process 'Gradle Worker Daemon 2' finished with exit value 0 (state: SUCCEEDED)
2025-05-19T11:26:34.444+0530 [INFO] [org.gradle.workers.internal.WorkerDaemonClientsManager] Stopped 1 worker daemon(s).
2025-05-19T11:26:34.444+0530 [DEBUG] [org.gradle.cache.internal.LockOnDemandCrossProcessCacheAccess] Releasing file lock for jars (C:\Guidewire\PolicyCenter1010\gradle\cache\caches\jars-3)
2025-05-19T11:26:34.444+0530 [DEBUG] [org.gradle.cache.internal.DefaultFileLockManager] Releasing lock on jars (C:\Guidewire\PolicyCenter1010\gradle\cache\caches\jars-3).
2025-05-19T11:26:34.445+0530 [DEBUG] [org.gradle.cache.internal.DefaultPersistentDirectoryStore] jars (C:\Guidewire\PolicyCenter1010\gradle\cache\caches\jars-3) has last been fully cleaned up 1 hours ago
2025-05-19T11:26:34.452+0530 [DEBUG] [org.gradle.cache.internal.LockOnDemandCrossProcessCacheAccess] Releasing file lock for file content cache (C:\Guidewire\PolicyCenter1010\gradle\cache\caches\6.0.1\fileContent)
2025-05-19T11:26:34.452+0530 [DEBUG] [org.gradle.cache.internal.DefaultFileLockManager] Releasing lock on file content cache (C:\Guidewire\PolicyCenter1010\gradle\cache\caches\6.0.1\fileContent).
2025-05-19T11:26:34.453+0530 [DEBUG] [org.gradle.cache.internal.DefaultFileLockManager] Releasing lock on cache directory workerMain (C:\Guidewire\PolicyCenter1010\gradle\cache\caches\6.0.1\workerMain).
2025-05-19T11:26:34.454+0530 [DEBUG] [org.gradle.cache.internal.DefaultCacheAccess] Cache Generated Gradle JARs cache (C:\Guidewire\PolicyCenter1010\gradle\cache\caches\6.0.1\generated-gradle-jars) was closed 0 times.
2025-05-19T11:26:34.454+0530 [DEBUG] [org.gradle.cache.internal.DefaultPersistentDirectoryStore] artifact cache (C:\Guidewire\PolicyCenter1010\gradle\cache\caches\modules-2) has last been fully cleaned up 1 hours ago
2025-05-19T11:26:34.455+0530 [DEBUG] [org.gradle.cache.internal.DefaultCacheAccess] Cache artifact cache (C:\Guidewire\PolicyCenter1010\gradle\cache\caches\modules-2) was closed 0 times.
2025-05-19T11:26:34.455+0530 [DEBUG] [org.gradle.cache.internal.DefaultPersistentDirectoryStore] Artifact transforms cache (C:\Guidewire\PolicyCenter1010\gradle\cache\caches\transforms-2) has last been fully cleaned up 1 hours ago
2025-05-19T11:26:34.455+0530 [DEBUG] [org.gradle.cache.internal.DefaultCacheAccess] Cache Artifact transforms cache (C:\Guidewire\PolicyCenter1010\gradle\cache\caches\transforms-2) was closed 0 times.
2025-05-19T11:26:34.456+0530 [DEBUG] [org.gradle.cache.internal.LockOnDemandCrossProcessCacheAccess] Releasing file lock for journal cache (C:\Guidewire\PolicyCenter1010\gradle\cache\caches\journal-1)
2025-05-19T11:26:34.456+0530 [DEBUG] [org.gradle.cache.internal.btree.BTreePersistentIndexedCache] Closing cache file-access.bin (C:\Guidewire\PolicyCenter1010\gradle\cache\caches\journal-1\file-access.bin)
2025-05-19T11:26:34.457+0530 [DEBUG] [org.gradle.cache.internal.DefaultFileLockManager] Releasing lock on journal cache (C:\Guidewire\PolicyCenter1010\gradle\cache\caches\journal-1).
2025-05-19T11:26:34.458+0530 [DEBUG] [org.gradle.cache.internal.LockOnDemandCrossProcessCacheAccess] Releasing file lock for file hash cache (C:\Guidewire\PolicyCenter1010\gradle\cache\caches\6.0.1\fileHashes)
2025-05-19T11:26:34.459+0530 [DEBUG] [org.gradle.cache.internal.btree.BTreePersistentIndexedCache] Closing cache fileHashes.bin (C:\Guidewire\PolicyCenter1010\gradle\cache\caches\6.0.1\fileHashes\fileHashes.bin)
2025-05-19T11:26:34.459+0530 [DEBUG] [org.gradle.cache.internal.btree.BTreePersistentIndexedCache] Closing cache resourceHashesCache.bin (C:\Guidewire\PolicyCenter1010\gradle\cache\caches\6.0.1\fileHashes\resourceHashesCache.bin)
2025-05-19T11:26:34.459+0530 [DEBUG] [org.gradle.cache.internal.DefaultFileLockManager] Releasing lock on file hash cache (C:\Guidewire\PolicyCenter1010\gradle\cache\caches\6.0.1\fileHashes).
2025-05-19T11:26:34.461+0530 [DEBUG] [org.gradle.cache.internal.LockOnDemandCrossProcessCacheAccess] Releasing file lock for execution history cache (C:\Guidewire\PolicyCenter1010\gradle\cache\caches\6.0.1\executionHistory)
2025-05-19T11:26:34.461+0530 [DEBUG] [org.gradle.cache.internal.DefaultFileLockManager] Releasing lock on execution history cache (C:\Guidewire\PolicyCenter1010\gradle\cache\caches\6.0.1\executionHistory).
Daemon vm is shutting down... The daemon has exited normally or was terminated in response to a user interrupt.
2025-05-19T11:26:34.464+0530 [DEBUG] [org.gradle.launcher.daemon.registry.PersistentDaemonRegistry] Removing daemon address: [90e81d85-df6e-4925-b8b1-6a43b17ea8ea port:55788, addresses:[/127.0.0.1, /0:0:0:0:0:0:0:1]]
2025-05-19T11:26:34.465+0530 [DEBUG] [org.gradle.cache.internal.DefaultFileLockManager] Waiting to acquire exclusive lock on daemon addresses registry.
2025-05-19T11:26:34.466+0530 [DEBUG] [org.gradle.cache.internal.DefaultFileLockManager] Lock acquired on daemon addresses registry.
2025-05-19T11:26:34.468+0530 [DEBUG] [org.gradle.cache.internal.DefaultFileLockManager] Releasing lock on daemon addresses registry.
